<?xml version="1.0" encoding="utf-8"?><testsuites name="pytest tests"><testsuite name="pytest" errors="0" failures="0" skipped="0" tests="13" time="2.334" timestamp="2026-08-03T13:20:17.096779+00:00" hostname="agent-env-0b6ea482-b62a-4e22-be05-92c8847216a3"><testcase classname="tests.test_offers_eoss.TestEossRecommendations" name="test_list_recommendations_aw25" time="0.576" /><testcase classname="tests.test_offers_eoss.TestEossRecommendations" name="test_generate_returns_generated_count_and_rows" time="0.106" /><testcase classname="tests.test_offers_eoss.TestEossRecommendations" name="test_generate_missing_season" time="0.072" /><testcase classname="tests.test_offers_eoss.TestEossRecommendations" name="test_generate_unknown_season" time="0.070" /><testcase classname="tests.test_offers_eoss.TestEossRecommendations" name="test_regenerate_preserves_decided_rows" time="0.271" /><testcase classname="tests.test_offers_eoss.TestEossRecommendations" name="test_decide_already_decided_returns_400" time="0.148" /><testcase classname="tests.test_offers_eoss.TestEossRecommendations" name="test_decide_invalid_action" time="0.152" /><testcase classname="tests.test_offers_eoss.TestEossRecommendations" name="test_decide_nonexistent" time="0.076" /><testcase classname="tests.test_offers_eoss.TestEossConfig" name="test_get_default_config" time="0.073" /><testcase classname="tests.test_offers_eoss.TestEossConfig" name="test_get_config_by_brand" time="0.074" /><testcase classname="tests.test_offers_eoss.TestEossConfig" name="test_put_default_config_roundtrip" time="0.515" /><testcase classname="tests.test_offers_eoss.TestEossConfig" name="test_put_config_bad_payload" time="0.068" /><testcase classname="tests.test_offers_eoss.TestEossConfig" name="test_owner_cannot_manage_config" time="0.070" /></testsuite></testsuites>