<?xml version="1.0" encoding="utf-8"?><testsuites name="pytest tests"><testsuite name="pytest" errors="0" failures="0" skipped="0" tests="8" time="3.012" timestamp="2026-07-06T02:48:40.534156+05:30" hostname="agent-env-4c10e8e1-fe18-4e8a-8352-e8bb6b40148e"><testcase classname="tests.test_iteration17_multistore_booking_live.TestMultistoreBookingCreate" name="test_create_multistore_booking_persists_line_stores" time="0.647" /><testcase classname="tests.test_iteration17_multistore_booking_live.TestMultistoreBookingCreate" name="test_seeded_booking_shows_multistore_shape" time="0.130" /><testcase classname="tests.test_iteration17_multistore_booking_live.TestPendingScopeAnyLineInScope" name="test_seeded_booking_visible_to_deo_cashier" time="0.487" /><testcase classname="tests.test_iteration17_multistore_booking_live.TestPendingScopeAnyLineInScope" name="test_all_bkr_hzb_booking_hidden_from_deo_cashier" time="0.402" /><testcase classname="tests.test_iteration17_multistore_booking_live.TestGrnResolveBookingScope" name="test_deo_cashier_blocked_from_all_bkr_booking" time="0.116" /><testcase classname="tests.test_iteration17_multistore_booking_live.TestGrnResolveBookingScope" name="test_owner_can_receive_against_any_booking" time="0.131" /><testcase classname="tests.test_iteration17_multistore_booking_live.TestDirectReceiptUnaffected" name="test_deo_cashier_direct_grn_into_own_store_succeeds" time="0.125" /><testcase classname="tests.test_iteration17_multistore_booking_live.TestDirectReceiptUnaffected" name="test_deo_cashier_direct_grn_into_other_store_is_rejected" time="0.122" /></testsuite></testsuites>