<?xml version="1.0" encoding="utf-8"?><testsuites name="pytest tests"><testsuite name="pytest" errors="0" failures="0" skipped="72" tests="603" time="339.139" timestamp="2026-07-27T02:12:23.826700+05:30" hostname="agent-env-186fddb1-3c27-4262-9784-baaf87561b15"><testcase classname="tests.test_accounts_scope_default" name="test_new_user_defaults_to_narrowest_scope" time="5.317" /><testcase classname="tests.test_accounts_scope_default" name="test_superuser_is_still_explicitly_all" time="0.229" /><testcase classname="tests.test_accounts_staff_manage_migration" name="test_ordinary_round_trip_returns_to_the_seeded_cell" time="0.005" /><testcase classname="tests.test_accounts_staff_manage_migration" name="test_rollback_keeps_an_admins_own_manage_grant" time="0.003" /><testcase classname="tests.test_accounts_staff_manage_migration" name="test_forward_never_touches_a_retuned_cell[retuned0]" time="0.003" /><testcase classname="tests.test_accounts_staff_manage_migration" name="test_forward_never_touches_a_retuned_cell[retuned1]" time="0.003" /><testcase classname="tests.test_accounts_staff_manage_migration" name="test_forward_never_touches_a_retuned_cell[retuned2]" time="0.003" /><testcase classname="tests.test_accounts_staff_manage_migration" name="test_the_cashier_is_left_alone_in_both_directions" time="0.003" /><testcase classname="tests.test_accounts_staff_manage_migration" name="test_a_role_with_no_staff_key_is_skipped" time="0.003" /><testcase classname="tests.test_accounts_store_booking_migration" name="test_the_ratified_cell_is_read_only" time="0.001" /><testcase classname="tests.test_accounts_store_booking_migration" name="test_ordinary_round_trip_returns_to_the_seeded_cell[store_manager]" time="0.004" /><testcase classname="tests.test_accounts_store_booking_migration" name="test_ordinary_round_trip_returns_to_the_seeded_cell[store_staff]" time="0.004" /><testcase classname="tests.test_accounts_store_booking_migration" name="test_rollback_keeps_an_admins_own_view_grant" time="0.003" /><testcase classname="tests.test_accounts_store_booking_migration" name="test_forward_never_touches_a_retuned_cell[retuned0]" time="0.003" /><testcase classname="tests.test_accounts_store_booking_migration" name="test_forward_never_touches_a_retuned_cell[retuned1]" time="0.002" /><testcase classname="tests.test_accounts_store_booking_migration" name="test_forward_never_touches_a_retuned_cell[retuned2]" time="0.003" /><testcase classname="tests.test_accounts_store_booking_migration" name="test_no_other_role_is_touched" time="0.004" /><testcase classname="tests.test_accounts_store_booking_migration" name="test_a_role_with_no_booking_key_is_skipped" time="0.003" /><testcase classname="tests.test_files_upload_cap" name="test_oversized_upload_is_rejected" time="0.001" /><testcase classname="tests.test_files_upload_cap" name="test_small_upload_is_stored" time="0.002" /><testcase classname="tests.test_finledger_f1_gl_unification" name="test_manual_bill_posts_balanced_payable_and_reconciles" time="0.010" /><testcase classname="tests.test_finledger_f1_gl_unification" name="test_payment_clears_payable_against_cash_and_reconciles" time="0.012" /><testcase classname="tests.test_finledger_f1_gl_unification" name="test_payment_without_cash_leg_uses_suspense" time="0.008" /><testcase classname="tests.test_finledger_f1_gl_unification" name="test_standalone_cash_movement_reconciles" time="0.009" /><testcase classname="tests.test_finledger_f1_gl_unification" name="test_reversal_mirrors_gl_and_keeps_books_tied" time="0.018" /><testcase classname="tests.test_finledger_f1_gl_unification" name="test_pt_auto_bill_does_not_double_book_the_payable" time="0.007" /><testcase classname="tests.test_finledger_reversal" name="test_vendor_bill_reverses_once_then_refuses_a_second" time="0.010" /><testcase classname="tests.test_finledger_reversal" name="test_a_reversal_cannot_itself_be_reversed" time="0.008" /><testcase classname="tests.test_inbound_pt_authoring" name="test_brand_pt_links_to_grn_at_upload" time="0.303" /><testcase classname="tests.test_inbound_pt_authoring" name="test_brand_pt_link_conflicts_with_a_live_pt" time="0.264" /><testcase classname="tests.test_inbound_pt_authoring" name="test_brand_pt_upload_without_grn_still_works" time="0.256" /><testcase classname="tests.test_inbound_pt_authoring" name="test_brand_pt_link_to_missing_grn_is_404" time="0.251" /><testcase classname="tests.test_inbound_pt_authoring" name="test_from_grn_seeds_rows_from_counted_lines" time="0.327" /><testcase classname="tests.test_inbound_pt_authoring" name="test_from_grn_is_one_live_pt_per_grn" time="0.268" /><testcase classname="tests.test_inbound_pt_authoring" name="test_from_grn_role_gate" time="0.255" /><testcase classname="tests.test_inbound_pt_authoring" name="test_authored_file_cannot_be_rerun" time="0.264" /><testcase classname="tests.test_inbound_pt_authoring" name="test_invoice_prefill_fills_blank_money_cells_only" time="0.263" /><testcase classname="tests.test_inbound_pt_authoring" name="test_invoice_prefill_failure_never_blocks_authoring" time="0.265" /><testcase classname="tests.test_inbound_pt_authoring" name="test_send_blocks_until_barcode_and_season" time="0.270" /><testcase classname="tests.test_inbound_pt_authoring" name="test_brand_file_send_is_unaffected_by_the_gate" time="0.253" /><testcase classname="tests.test_inbound_pt_authoring" name="test_queue_lists_arrivals_and_clears_on_pt" time="0.275" /><testcase classname="tests.test_inbound_pt_authoring" name="test_queue_opens_for_the_store_but_shows_only_its_own_arrivals" time="0.498" /><testcase classname="tests.test_inbound_pt_authoring" name="test_grn_status_walks_the_d2_lifecycle" time="0.589" /><testcase classname="tests.test_inbound_pt_authoring" name="test_kind_roundtrips_on_create_and_read" time="0.254" /><testcase classname="tests.test_inbound_pt_authoring" name="test_kind_defaults_to_branded_when_omitted" time="0.248" /><testcase classname="tests.test_inbound_pt_authoring" name="test_non_branded_create_rejected_at_non_warehouse" time="0.241" /><testcase classname="tests.test_inbound_pt_authoring" name="test_non_branded_create_allowed_at_any_warehouse" time="0.249" /><testcase classname="tests.test_inbound_pt_authoring" name="test_grn_list_filters_by_kind" time="0.269" /><testcase classname="tests.test_inbound_pt_authoring" name="test_awaiting_pt_queue_excludes_branded" time="0.272" /><testcase classname="tests.test_inbound_pt_authoring" name="test_backfill_keys_off_is_direct_not_booking" time="0.012" /><testcase classname="tests.test_location_aware_posting" name="test_branded_pt_posts_at_store_gstin_and_series" time="0.022" /><testcase classname="tests.test_location_aware_posting" name="test_non_branded_pt_posts_at_second_warehouse" time="0.019" /><testcase classname="tests.test_location_aware_posting" name="test_grnless_upload_still_posts_at_ran_wh" time="0.016" /><testcase classname="tests.test_location_aware_posting" name="test_reversal_mirrors_original_store_gstin_and_series" time="0.030" /><testcase classname="tests.test_location_aware_posting" name="test_from_grn_allowed_at_a_second_warehouse" time="0.252" /><testcase classname="tests.test_location_aware_posting" name="test_from_grn_blocked_at_a_store" time="0.246" /><testcase classname="tests.test_masters_sku_lookup" name="test_lookup_by_design_size_brand" time="0.238" /><testcase classname="tests.test_masters_sku_lookup" name="test_lookup_by_design_alone_returns_all_sizes" time="0.241" /><testcase classname="tests.test_masters_sku_lookup" name="test_lookup_requires_design_or_barcode" time="0.238" /><testcase classname="tests.test_multistore_booking" name="test_line_store_persists_and_inherits_default_for_display" time="0.010" /><testcase classname="tests.test_multistore_booking" name="test_scope_sees_booking_when_any_line_lands_at_their_store" time="0.007" /><testcase classname="tests.test_multistore_booking" name="test_pending_query_filter_matches_touching_bookings_only" time="0.007" /><testcase classname="tests.test_multistore_booking" name="test_warehouse_bound_lines_are_invisible_to_store_scope" time="0.005" /><testcase classname="tests.test_multistore_booking" name="test_direct_receipt_without_booking_is_not_blocked_here" time="0.002" /><testcase classname="tests.test_outbound_count_sessions" name="test_an_open_session_never_answers_with_the_book" time="0.505" /><testcase classname="tests.test_outbound_count_sessions" name="test_the_book_arrives_only_on_submit" time="0.515" /><testcase classname="tests.test_outbound_count_sessions" name="test_parallel_sessions_merge_into_one_variance_report" time="0.572" /><testcase classname="tests.test_outbound_count_sessions" name="test_the_variance_report_answers_in_pieces_and_in_rupees" time="0.545" /><testcase classname="tests.test_outbound_count_sessions" name="test_a_brand_session_leaves_the_other_brand_alone" time="0.527" /><testcase classname="tests.test_outbound_count_sessions" name="test_a_count_at_another_store_is_not_readable" time="0.716" /><testcase classname="tests.test_outbound_count_sessions" name="test_applying_while_someone_is_still_counting_is_refused" time="0.539" /><testcase classname="tests.test_outbound_count_sessions" name="test_a_within_tolerance_variance_adjusts_itself_and_is_logged" time="0.556" /><testcase classname="tests.test_outbound_count_sessions" name="test_the_auto_adjustment_posts_at_the_books_cost_never_at_zero" time="0.549" /><testcase classname="tests.test_outbound_count_sessions" name="test_a_big_variance_waits_for_a_person" time="0.527" /><testcase classname="tests.test_outbound_count_sessions" name="test_stock_that_moved_mid_count_is_never_overwritten_blind" time="0.561" /><testcase classname="tests.test_outbound_count_sessions" name="test_the_adjustment_api_derives_the_book_and_the_difference_itself" time="0.480" /><testcase classname="tests.test_phase_e_commercial_model" name="test_owned_brand_raises_payable_with_balanced_inventory_gl" time="0.018" /><testcase classname="tests.test_phase_e_commercial_model" name="test_brand_owned_sor_raises_no_payable_and_posts_off_book" time="0.016" /><testcase classname="tests.test_phase_e_commercial_model" name="test_stock_is_valued_at_p_rate_not_basic" time="0.017" /><testcase classname="tests.test_phase_e_commercial_model" name="test_p_rate_above_mrp_blocks_the_post" time="0.010" /><testcase classname="tests.test_phase_e_commercial_model" name="test_reversal_unwinds_stock_payable_and_value_gl" time="0.032" /><testcase classname="tests.test_phase_e_commercial_model" name="test_stock_on_hand_projection_reflects_inward" time="0.017" /><testcase classname="tests.test_phase_f_identity_scale" name="test_moneyfield_rejects_float_on_paise_column" time="0.003" /><testcase classname="tests.test_phase_f_identity_scale" name="test_post_registers_sku_and_cohort_with_locked_cost" time="0.018" /><testcase classname="tests.test_phase_f_identity_scale" name="test_cohort_db_check_blocks_cost_over_mrp" time="0.004" /><testcase classname="tests.test_phase_f_identity_scale" name="test_stock_on_hand_materialises_and_zeroes_on_reversal" time="0.032" /><testcase classname="tests.test_phase_f_identity_scale" name="test_pt_reader_flags_row_cap_truncation" time="0.004" /><testcase classname="tests.test_phase_f_identity_scale" name="test_pt_reader_not_truncated_for_small_file" time="0.003" /><testcase classname="tests.test_phase_f_identity_scale" name="test_books_health_reports_balanced_books_after_post" time="0.036" /><testcase classname="tests.test_phase_f_identity_scale" name="test_books_are_closed_to_everyone_without_money_manage[it_admin]" time="0.015" /><testcase classname="tests.test_phase_f_identity_scale" name="test_books_are_closed_to_everyone_without_money_manage[warehouse]" time="0.014" /><testcase classname="tests.test_phase_f_identity_scale" name="test_books_are_closed_to_everyone_without_money_manage[store_manager]" time="0.014" /><testcase classname="tests.test_phase_f_identity_scale" name="test_books_are_closed_to_everyone_without_money_manage[brand_manager]" time="0.013" /><testcase classname="tests.test_phase_f_identity_scale" name="test_books_are_open_to_accounts" time="0.014" /><testcase classname="tests.test_phase_f_identity_scale" name="test_books_health_is_finance_gated" time="0.012" /><testcase classname="tests.test_phase_f_identity_scale" name="test_master_steward_can_create_store_others_cannot" time="0.023" /><testcase classname="tests.test_ptmapper_brand_scope" name="test_brand_row_beats_conflicting_global_row" time="0.005" /><testcase classname="tests.test_ptmapper_brand_scope" name="test_brand_row_never_fires_for_another_brand" time="0.004" /><testcase classname="tests.test_ptmapper_brand_scope" name="test_global_resolves_when_no_brand_row" time="0.006" /><testcase classname="tests.test_ptmapper_brand_scope" name="test_coded_fit_prefers_brand_scoped_alias" time="0.006" /><testcase classname="tests.test_ptmapper_brand_scope" name="test_map_record_scopes_color_to_the_rows_brand" time="0.005" /><testcase classname="tests.test_ptmapper_brand_scope" name="test_seed_and_review_share_one_global_row" time="0.250" /><testcase classname="tests.test_ptmapper_brand_scope" name="test_resolved_item_reopens_for_another_brands_fresh_miss" time="0.064" /><testcase classname="tests.test_ptmapper_brand_scope" name="test_ignored_item_stays_ignored_across_remaps" time="0.004" /><testcase classname="tests.test_ptmapper_corrections" name="test_one_event_per_changed_cell_captures_full_before_after" time="0.248" /><testcase classname="tests.test_ptmapper_corrections" name="test_provenance_before_records_prior_source" time="0.247" /><testcase classname="tests.test_ptmapper_corrections" name="test_same_value_save_records_no_event" time="0.248" /><testcase classname="tests.test_ptmapper_corrections" name="test_bulk_fill_makes_one_event_per_changed_row_with_scope_kind" time="0.247" /><testcase classname="tests.test_ptmapper_corrections" name="test_fill_match_raw_scope_kind_and_only_matching_rows" time="0.247" /><testcase classname="tests.test_ptmapper_corrections" name="test_rejected_patch_writes_zero_events" time="0.241" /><testcase classname="tests.test_ptmapper_corrections" name="test_rerun_keeps_events_after_rows_die" time="0.263" /><testcase classname="tests.test_ptmapper_corrections" name="test_correction_event_is_append_only" time="0.002" /><testcase classname="tests.test_ptmapper_corrections" name="test_row_detail_exposes_raw" time="0.241" /><testcase classname="tests.test_ptmapper_editing" name="test_patch_rejects_non_master_value_with_per_cell_errors" time="0.243" /><testcase classname="tests.test_ptmapper_editing" name="test_patch_accepts_master_values_and_marks_manual" time="0.250" /><testcase classname="tests.test_ptmapper_editing" name="test_patch_allows_blanking_a_controlled_cell" time="0.249" /><testcase classname="tests.test_ptmapper_editing" name="test_patch_recomputes_nag_and_margin" time="0.249" /><testcase classname="tests.test_ptmapper_editing" name="test_bulk_fill_blank_scope_only_touches_blank_cells" time="0.248" /><testcase classname="tests.test_ptmapper_editing" name="test_bulk_fill_all_scope_overwrites_every_row" time="0.250" /><testcase classname="tests.test_ptmapper_editing" name="test_bulk_fill_match_raw_scope_targets_rows_by_source_value" time="0.249" /><testcase classname="tests.test_ptmapper_editing" name="test_bulk_fill_rejects_non_master_value" time="0.243" /><testcase classname="tests.test_ptmapper_editing" name="test_controlled_no_param_returns_all_dimensions_and_taxonomy" time="0.242" /><testcase classname="tests.test_ptmapper_editing" name="test_controlled_single_dimension_form_unchanged" time="0.251" /><testcase classname="tests.test_ptmapper_editing" name="test_brand_gender_is_the_last_gender_fallback" time="0.008" /><testcase classname="tests.test_ptmapper_editing" name="test_coded_fit_type_resolves_via_token" time="0.008" /><testcase classname="tests.test_ptmapper_editing" name="test_upload_context_fills_brand_and_season_for_bare_files" time="0.010" /><testcase classname="tests.test_ptmapper_editing" name="test_without_context_bare_file_maps_no_brand" time="0.009" /><testcase classname="tests.test_ptmapper_editing" name="test_upload_rejects_unknown_context_brand" time="0.241" /><testcase classname="tests.test_ptmapper_editing" name="test_upload_context_is_stored_canonically_and_applied" time="0.248" /><testcase classname="tests.test_ptmapper_learning" name="test_review_resolution_promotes_and_records_actor" time="0.247" /><testcase classname="tests.test_ptmapper_learning" name="test_review_resolution_multi_brand_defaults_global" time="0.247" /><testcase classname="tests.test_ptmapper_learning" name="test_remember_on_mapping_file_stays_proposed_until_sent" time="0.258" /><testcase classname="tests.test_ptmapper_learning" name="test_rule_seeds_from_raw_not_the_displayed_value" time="0.248" /><testcase classname="tests.test_ptmapper_learning" name="test_remember_on_already_sent_file_promotes_immediately" time="0.253" /><testcase classname="tests.test_ptmapper_learning" name="test_remember_dedupes_open_proposals" time="0.257" /><testcase classname="tests.test_ptmapper_learning" name="test_remember_rawless_or_uncontrolled_is_a_clean_error" time="0.245" /><testcase classname="tests.test_ptmapper_learning" name="test_approve_is_idempotent_and_role_gated" time="0.485" /><testcase classname="tests.test_ptmapper_learning" name="test_reject_writes_no_lookup" time="0.241" /><testcase classname="tests.test_ptmapper_learning" name="test_proposals_list_filters_by_status" time="0.242" /><testcase classname="tests.test_ptmapper_learning" name="test_shadow_check_ignores_another_brands_sent_manual_cell" time="0.007" /><testcase classname="tests.test_ptmapper_learning" name="test_shadow_check_blocks_the_same_brands_sent_manual_cell" time="0.006" /><testcase classname="tests.test_ptmapper_learning" name="test_shadow_check_global_proposal_still_sees_every_manual_cell" time="0.006" /><testcase classname="tests.test_ptmapper_mining" name="test_brand_scoped_needs_three_across_two_files" time="0.013" /><testcase classname="tests.test_ptmapper_mining" name="test_single_file_repetition_never_proposes" time="0.008" /><testcase classname="tests.test_ptmapper_mining" name="test_conflicting_targets_never_propose" time="0.008" /><testcase classname="tests.test_ptmapper_mining" name="test_non_sent_files_never_feed_proposals" time="0.007" /><testcase classname="tests.test_ptmapper_mining" name="test_global_needs_two_agreeing_brands" time="0.011" /><testcase classname="tests.test_ptmapper_mining" name="test_single_brand_scopes_not_global" time="0.011" /><testcase classname="tests.test_ptmapper_mining" name="test_shadow_auto_rejects_a_manual_cell_flip" time="0.012" /><testcase classname="tests.test_ptmapper_mining" name="test_rerun_mints_no_duplicates" time="0.017" /><testcase classname="tests.test_ptmapper_mining" name="test_covered_pairs_are_skipped" time="0.008" /><testcase classname="tests.test_ptmapper_mining" name="test_learning_report_runs" time="0.007" /><testcase classname="tests.test_ptmapper_pricing" name="test_price_endpoint_fills_blank_mrp_rows_only" time="0.251" /><testcase classname="tests.test_ptmapper_pricing" name="test_price_override_is_band_validated" time="0.251" /><testcase classname="tests.test_ptmapper_pricing" name="test_price_is_source_gated" time="0.242" /><testcase classname="tests.test_ptmapper_pricing" name="test_price_needs_an_effective_slab" time="0.242" /><testcase classname="tests.test_ptmapper_rerun" name="test_rerun_preserves_manual_cells_and_keeps_the_flag" time="0.261" /><testcase classname="tests.test_ptmapper_rerun" name="test_discard_edits_resets_to_the_engine_mapping" time="0.259" /><testcase classname="tests.test_ptmapper_rerun" name="test_approved_rule_fills_blanks_without_touching_manual_cells" time="0.270" /><testcase classname="tests.test_ptmapper_rerun" name="test_repropagate_skips_sent_and_posted_files" time="0.246" /><testcase classname="tests.test_ptmapper_rerun" name="test_reapply_reports_a_cell_whose_row_vanished" time="0.004" /><testcase classname="tests.test_ptmapper_rerun" name="test_reapply_reopens_a_manually_cleared_controlled_cell" time="0.005" /><testcase classname="tests.test_ptmapper_scoping_race" name="test_scoped_user_cannot_link_pt_to_out_of_scope_grn" time="0.251" /><testcase classname="tests.test_ptmapper_scoping_race" name="test_scoped_user_can_link_pt_to_in_scope_grn" time="0.257" /><testcase classname="tests.test_ptmapper_scoping_race" name="test_unrestricted_user_can_link_any_grn" time="0.257" /><testcase classname="tests.test_ptmapper_scoping_race" name="test_duplicate_grn_link_does_not_store_orphaned_file" time="0.251" /><testcase classname="tests.test_ptmapper_scoping_race" name="test_pt_list_is_scoped_by_grn_store" time="0.257" /><testcase classname="tests.test_ptmapper_scoping_race" name="test_pt_list_unrestricted_sees_all" time="0.252" /><testcase classname="tests.test_ptmapper_scoping_race" name="test_second_live_pt_for_one_grn_is_rejected" time="0.008" /><testcase classname="tests.test_ptmapper_scoping_race" name="test_grn_less_uploads_are_exempt_from_the_constraint" time="0.003" /><testcase classname="tests.test_ptmapper_suggest" name="test_exact_lookup_outranks_fuzzy" time="0.243" /><testcase classname="tests.test_ptmapper_suggest" name="test_suggestions_are_master_values_only" time="0.239" /><testcase classname="tests.test_ptmapper_suggest" name="test_brand_lookup_beats_global_lookup" time="0.239" /><testcase classname="tests.test_ptmapper_suggest" name="test_suggest_is_side_effect_free" time="0.240" /><testcase classname="tests.test_ptmapper_suggest" name="test_blank_query_returns_nothing" time="0.238" /><testcase classname="tests.test_rbac_gate_contract" name="test_every_gate_answers_what_the_matrix_says[accounts]" time="0.254" /><testcase classname="tests.test_rbac_gate_contract" name="test_every_gate_answers_what_the_matrix_says[brand_manager]" time="0.262" /><testcase classname="tests.test_rbac_gate_contract" name="test_every_gate_answers_what_the_matrix_says[data_steward]" time="0.245" /><testcase classname="tests.test_rbac_gate_contract" name="test_every_gate_answers_what_the_matrix_says[ho_ops]" time="0.266" /><testcase classname="tests.test_rbac_gate_contract" name="test_every_gate_answers_what_the_matrix_says[it_admin]" time="0.261" /><testcase classname="tests.test_rbac_gate_contract" name="test_every_gate_answers_what_the_matrix_says[owner]" time="0.272" /><testcase classname="tests.test_rbac_gate_contract" name="test_every_gate_answers_what_the_matrix_says[store_manager]" time="0.261" /><testcase classname="tests.test_rbac_gate_contract" name="test_every_gate_answers_what_the_matrix_says[store_staff]" time="0.263" /><testcase classname="tests.test_rbac_gate_contract" name="test_every_gate_answers_what_the_matrix_says[warehouse]" time="0.262" /><testcase classname="tests.test_rbac_gate_contract" name="test_accounts_cannot_write_anything_it_may_only_view" time="0.254" /><testcase classname="tests.test_rbac_gate_contract" name="test_the_two_store_roles_get_identical_answers_on_outbound" time="0.517" /><testcase classname="tests.test_rbac_gate_contract" name="test_superuser_break_glass_passes_every_gate" time="0.268" /><testcase classname="tests.test_rbac_gate_contract" name="test_a_freshly_raised_approval_names_no_view_only_role" time="0.235" /><testcase classname="tests.test_rbac_gate_contract" name="test_the_migration_corrects_a_running_install" time="0.465" /><testcase classname="tests.test_rbac_gate_contract" name="test_the_migration_does_not_invent_policy_rows" time="0.005" /><testcase classname="tests.test_rbac_gate_contract" name="test_a_small_pending_adjustment_keeps_the_in_charge_with_no_policy_row" time="0.234" /><testcase classname="tests.test_review_vendor_master_and_booking_close" name="test_a_cashier_cannot_create_a_vendor" time="0.239" /><testcase classname="tests.test_review_vendor_master_and_booking_close" name="test_a_steward_creates_and_corrects_a_vendor" time="0.315" /><testcase classname="tests.test_review_vendor_master_and_booking_close" name="test_a_retired_vendor_leaves_the_pickers_but_not_the_master" time="0.245" /><testcase classname="tests.test_review_vendor_master_and_booking_close" name="test_anyone_may_read_the_vendor_list" time="0.240" /><testcase classname="tests.test_review_vendor_master_and_booking_close" name="test_a_short_close_writes_off_the_balance_with_a_reason" time="0.246" /><testcase classname="tests.test_review_vendor_master_and_booking_close" name="test_the_reason_is_not_optional" time="0.243" /><testcase classname="tests.test_review_vendor_master_and_booking_close" name="test_the_buyer_cannot_write_off_their_own_order" time="0.475" /><testcase classname="tests.test_review_vendor_master_and_booking_close" name="test_a_booking_goods_arrived_against_cannot_be_cancelled" time="0.244" /><testcase classname="tests.test_review_vendor_master_and_booking_close" name="test_an_untouched_booking_cancels_once" time="0.246" /><testcase classname="tests.test_review_vendor_master_and_booking_close" name="test_a_late_receipt_cannot_quietly_reopen_a_closed_booking" time="0.243" /><testcase classname="tests.test_sidebar_rbac_contract" name="test_every_persona_payload_matches_the_matrix" time="1.900" /><testcase classname="tests.test_sidebar_rbac_contract" name="test_sheet_specific_cells_are_honoured" time="1.907" /><testcase classname="tests.test_sidebar_rbac_contract" name="test_user_with_no_role_sees_nothing" time="0.239" /><testcase classname="tests.test_sidebar_rbac_contract" name="test_store_scoped_user_without_stores_has_no_units" time="0.243" /><testcase classname="tests.test_sidebar_rbac_contract" name="test_all_scoped_user_flagged_all_units" time="0.242" /><testcase classname="tests.test_sidebar_rbac_contract" name="test_wrong_role_denied_on_section_api" time="0.479" /><testcase classname="tests.test_sidebar_rbac_contract" name="test_the_two_ho_roles_do_not_gain_rbac_admin" time="0.477" /><testcase classname="tests.test_sidebar_rbac_contract" name="test_every_seeded_role_is_a_ratified_row" time="0.002" /><testcase classname="tests.test_sidebar_rbac_contract" name="test_the_ratified_ho_rows_reach_the_live_payload" time="0.477" /><testcase classname="tests.test_sidebar_rbac_contract" name="test_the_store_person_can_see_bookings_but_not_place_one" time="0.477" /><testcase classname="tests.test_sidebar_rbac_contract" name="test_seeding_stores_exactly_the_table" time="2.344" /><testcase classname="tests.test_sidebar_rbac_contract" name="test_retuning_section_access_is_a_data_change" time="0.257" /><testcase classname="tests.test_sidebar_rbac_contract" name="test_store_manager_and_cashier_differ_only_on_staff" time="0.247" /><testcase classname="tests.test_sidebar_rbac_contract" name="test_seed_matrix_covers_every_canonical_role" time="0.001" /><testcase classname="tests.test_unit_switcher_scope" name="test_store_person_is_locked_to_their_own_store" time="0.245" /><testcase classname="tests.test_unit_switcher_scope" name="test_owner_gets_every_unit_and_the_network_option" time="0.246" /><testcase classname="tests.test_unit_switcher_scope" name="test_a_user_with_no_units_gets_an_empty_locked_selector" time="0.247" /><testcase classname="tests.test_unit_switcher_scope" name="test_brand_manager_gets_brands_instead_of_units" time="0.246" /><testcase classname="tests.test_unit_switcher_scope" name="test_the_switcher_list_does_not_collapse_to_the_chosen_unit" time="0.243" /><testcase classname="tests.test_unit_switcher_scope" name="test_switching_unit_re_scopes_what_a_screen_shows" time="0.248" /><testcase classname="tests.test_unit_switcher_scope" name="test_a_store_person_cannot_open_another_store_by_forging_the_header" time="0.247" /><testcase classname="tests.test_unit_switcher_scope" name="test_an_unknown_unit_is_refused_not_ignored" time="0.241" /><testcase classname="tests.test_unit_switcher_scope" name="test_the_unit_header_never_widens_scope" time="0.244" /><testcase classname="tests.test_unit_switcher_scope" name="test_a_brand_manager_sees_only_their_brands_across_every_store" time="0.244" /><testcase classname="tests.test_unit_switcher_scope" name="test_a_brand_manager_with_no_brands_sees_nothing" time="0.244" /><testcase classname="tests.test_unit_switcher_scope" name="test_a_brand_manager_cannot_filter_to_a_brand_they_do_not_own" time="0.246" /><testcase classname="tests.test_unit_switcher_scope" name="test_the_brand_filter_does_not_restrict_anyone_else" time="0.243" /><testcase classname="tests.test_unit_switcher_scope" name="test_choosing_a_unit_does_not_revoke_authority_over_another" time="0.476" /><testcase classname="tests.test_unit_switcher_scope" name="test_choosing_a_unit_does_not_block_scanning_at_another" time="0.244" /><testcase classname="tests.test_unit_switcher_scope" name="test_an_unknown_brand_is_refused_not_silently_empty" time="0.242" /><testcase classname="tests.test_unit_switcher_scope" name="test_a_brand_manager_sees_no_rows_a_brand_cannot_narrow" time="0.481" /><testcase classname="tests.test_unit_switcher_scope" name="test_a_brand_manager_cannot_act_on_a_store_they_cannot_name" time="0.241" /><testcase classname="tests.test_global_search" name="test_scanned_barcode_resolves_to_cohorts_with_own_stock" time="1.118" /><testcase classname="tests.test_global_search" name="test_free_text_finds_items_by_design_and_brand" time="1.149" /><testcase classname="tests.test_global_search" name="test_network_user_sees_stock_across_locations" time="1.115" /><testcase classname="tests.test_global_search" name="test_search_shows_a_brand_manager_their_own_brands_stock" time="1.313" /><testcase classname="tests.test_global_search" name="test_search_never_reveals_stock_of_a_brand_that_is_not_yours" time="1.321" /><testcase classname="tests.test_global_search" name="test_search_does_not_hand_a_brand_manager_every_stores_documents" time="1.302" /><testcase classname="tests.test_global_search" name="test_voucher_number_finds_documents_across_types" time="1.124" /><testcase classname="tests.test_global_search" name="test_partial_number_matches_and_exact_floats_first" time="1.096" /><testcase classname="tests.test_global_search" name="test_a_broad_query_shows_every_type_not_just_the_first" time="1.095" /><testcase classname="tests.test_global_search" name="test_store_scoped_user_never_sees_another_stores_documents" time="1.127" /><testcase classname="tests.test_global_search" name="test_section_capability_gates_document_types" time="1.400" /><testcase classname="tests.test_global_search" name="test_the_store_finds_a_booking_headed_its_way" time="1.082" /><testcase classname="tests.test_global_search" name="test_user_with_no_role_finds_nothing" time="1.328" /><testcase classname="tests.test_global_search" name="test_search_requires_authentication" time="1.096" /><testcase classname="tests.test_global_search" name="test_no_match_says_so_and_names_what_is_not_searchable_yet" time="1.104" /><testcase classname="tests.test_global_search" name="test_short_and_empty_queries_are_answered_not_run" time="1.128" /><testcase classname="tests.test_global_search" name="test_stock_on_hand_accepts_the_sku_filter_search_links_to" time="1.153" /><testcase classname="tests.test_inpage_search" name="test_on_hand_narrows_to_the_term_and_the_count_follows" time="1.131" /><testcase classname="tests.test_inpage_search" name="test_on_hand_search_cannot_reach_another_store" time="1.129" /><testcase classname="tests.test_inpage_search" name="test_on_hand_search_resolves_a_scanned_barcode" time="1.240" /><testcase classname="tests.test_inpage_search" name="test_on_hand_empty_term_reads_exactly_as_today" time="1.143" /><testcase classname="tests.test_inpage_search" name="test_on_hand_search_composes_with_the_deep_link" time="1.175" /><testcase classname="tests.test_inpage_search" name="test_bookings_search_matches_number_vendor_and_brand" time="1.158" /><testcase classname="tests.test_inpage_search" name="test_bookings_empty_term_reads_exactly_as_today" time="1.104" /><testcase classname="tests.test_inpage_search" name="test_bookings_search_stays_inside_the_caller_scope" time="1.265" /><testcase classname="tests.test_inpage_search" name="test_transfers_search_matches_number_and_both_stores" time="1.143" /><testcase classname="tests.test_inpage_search" name="test_transfers_search_stays_inside_the_caller_scope" time="1.188" /><testcase classname="tests.test_inpage_search" name="test_transfers_empty_term_reads_exactly_as_today" time="1.142" /><testcase classname="tests.test_inpage_search" name="test_every_screen_uses_the_same_parameter_name" time="1.102" /><testcase classname="tests.test_inpage_search" name="test_search_is_case_insensitive" time="1.123" /><testcase classname="tests.test_outbound_book_cost" name="test_writeoff_created_without_a_cost_posts_at_the_book_cost" time="1.197" /><testcase classname="tests.test_outbound_book_cost" name="test_a_typed_unit_cost_is_not_honoured" time="1.227" /><testcase classname="tests.test_outbound_book_cost" name="test_the_books_price_by_on_hand_average_when_there_is_no_cohort" time="1.197" /><testcase classname="tests.test_outbound_book_cost" name="test_a_writeoff_the_books_cannot_price_is_refused" time="1.108" /><testcase classname="tests.test_outbound_book_cost" name="test_the_posting_engine_refuses_a_costless_line_whatever_made_it" time="1.148" /><testcase classname="tests.test_outbound_book_cost" name="test_shrinkage_adjustment_writes_a_balanced_gl_voucher" time="1.124" /><testcase classname="tests.test_outbound_book_cost" name="test_a_found_piece_is_priced_from_its_cohort" time="1.204" /><testcase classname="tests.test_outbound_book_cost" name="test_a_found_piece_the_books_never_bought_is_refused" time="1.090" /><testcase classname="tests.test_outbound_book_cost" name="test_owned_rtv_reduces_the_payable_at_the_book_cost" time="1.136" /><testcase classname="tests.test_outbound_book_cost" name="test_brand_owned_rtv_still_writes_no_gl_but_relieves_value" time="1.128" /><testcase classname="tests.test_outbound_book_cost" name="test_an_rtv_the_books_cannot_price_is_refused" time="1.067" /><testcase classname="tests.test_outbound_book_cost" name="test_vflip_posts_both_legs_and_the_gl_reclass" time="1.167" /><testcase classname="tests.test_outbound_book_cost" name="test_writing_off_every_piece_leaves_no_stranded_value" time="1.121" /><testcase classname="tests.test_outbound_book_cost" name="test_books_health_names_a_stranded_row" time="1.069" /><testcase classname="tests.test_outbound_book_cost" name="test_a_found_piece_bought_in_two_seasons_is_refused_when_no_season_is_named" time="1.058" /><testcase classname="tests.test_outbound_book_cost" name="test_a_found_piece_bought_once_is_priced_without_naming_a_season" time="1.096" /><testcase classname="tests.test_outbound_book_cost" name="test_naming_the_season_prices_a_twice_bought_piece" time="1.108" /><testcase classname="tests.test_outbound_book_cost" name="test_a_cohort_carrying_no_cost_falls_through_to_the_on_hand_average" time="1.129" /><testcase classname="tests.test_outbound_book_cost" name="test_the_approval_band_reads_the_cost_frozen_on_the_line" time="1.172" /><testcase classname="tests.test_outbound_damage_flag" name="test_a_store_flag_writes_nothing_to_the_stock_ledger" time="1.359" /><testcase classname="tests.test_outbound_damage_flag" name="test_an_unconfirmed_flag_never_reaches_the_quarantine_pool" time="1.288" /><testcase classname="tests.test_outbound_damage_flag" name="test_the_flag_is_visible_to_the_store_and_to_the_confirmer" time="1.343" /><testcase classname="tests.test_outbound_damage_flag" name="test_the_warehouse_confirmation_is_what_posts_to_quarantine" time="1.318" /><testcase classname="tests.test_outbound_damage_flag" name="test_the_warehouse_flags_and_confirms_in_one_action" time="1.364" /><testcase classname="tests.test_outbound_damage_flag" name="test_a_store_role_calling_the_confirm_endpoint_is_refused" time="1.289" /><testcase classname="tests.test_outbound_damage_flag" name="test_no_tolerance_can_buy_a_store_person_the_posting_rung" time="1.307" /><testcase classname="tests.test_outbound_damage_flag" name="test_the_confirmer_is_told_which_pieces_they_are_being_asked_about" time="1.322" /><testcase classname="tests.test_outbound_damage_flag" name="test_the_reporter_cannot_confirm_their_own_flag" time="1.299" /><testcase classname="tests.test_outbound_damage_flag" name="test_a_rejected_flag_returns_the_piece_to_normal_stock_with_a_reason" time="1.347" /><testcase classname="tests.test_outbound_damage_flag" name="test_rejecting_without_a_reason_is_refused" time="1.278" /><testcase classname="tests.test_outbound_damage_flag" name="test_a_flag_cannot_be_confirmed_once_the_stock_has_gone" time="1.299" /><testcase classname="tests.test_outbound_slice1_scan_transfer" name="test_dispatch_without_scans_rejected" time="0.866" /><testcase classname="tests.test_outbound_slice1_scan_transfer" name="test_dispatch_moves_stock_into_in_transit_bucket" time="0.846" /><testcase classname="tests.test_outbound_slice1_scan_transfer" name="test_dispatch_scan_not_on_plan_rejected" time="0.867" /><testcase classname="tests.test_outbound_slice1_scan_transfer" name="test_dispatch_partial_scan_flags_never_blocks" time="0.844" /><testcase classname="tests.test_outbound_slice1_scan_transfer" name="test_dispatch_insufficient_stock_rejected" time="0.856" /><testcase classname="tests.test_outbound_slice1_scan_transfer" name="test_store_to_store_builds_lines_by_scanning" time="0.916" /><testcase classname="tests.test_outbound_slice1_scan_transfer" name="test_scan_to_build_unknown_barcode_rejected" time="0.867" /><testcase classname="tests.test_outbound_slice1_scan_transfer" name="test_receive_full_round_trip" time="0.945" /><testcase classname="tests.test_outbound_slice1_scan_transfer" name="test_partial_receive_leaves_remainder_in_transit_flagged" time="0.841" /><testcase classname="tests.test_outbound_slice1_scan_transfer" name="test_receive_without_scans_rejected" time="0.855" /><testcase classname="tests.test_outbound_slice1_scan_transfer" name="test_receive_over_scan_rejected" time="0.986" /><testcase classname="tests.test_outbound_slice1_scan_transfer" name="test_receive_unknown_barcode_rejected" time="0.869" /><testcase classname="tests.test_outbound_slice1_scan_transfer" name="test_in_transit_endpoint_reports_the_third_number" time="0.892" /><testcase classname="tests.test_outbound_slice1_scan_transfer" name="test_rebuild_reproduces_projections_from_ledger" time="0.851" /><testcase classname="tests.test_outbound_slice1_scan_transfer" name="test_scan_lookup_returns_stock_identity" time="0.830" /><testcase classname="tests.test_outbound_slice1_scan_transfer" name="test_scan_lookup_is_store_scoped_fail_closed" time="1.041" /><testcase classname="tests.test_outbound_slice2_quarantine" name="test_mark_damaged_moves_stock_into_quarantine" time="0.839" /><testcase classname="tests.test_outbound_slice2_quarantine" name="test_quarantine_excluded_from_free_to_sell_view" time="0.902" /><testcase classname="tests.test_outbound_slice2_quarantine" name="test_mark_damaged_insufficient_stock_rejected" time="0.840" /><testcase classname="tests.test_outbound_slice2_quarantine" name="test_mark_damaged_unknown_barcode_rejected" time="0.837" /><testcase classname="tests.test_outbound_slice2_quarantine" name="test_mark_damaged_is_store_scoped" time="1.060" /><testcase classname="tests.test_outbound_slice2_quarantine" name="test_quarantine_filter_is_store_scoped_fail_closed" time="1.100" /><testcase classname="tests.test_outbound_slice2_quarantine" name="test_rebuild_reproduces_quarantine_from_ledger" time="0.939" /><testcase classname="tests.test_outbound_slice2_quarantine" name="test_seed_outbound_demo_emits_dmg_series" time="3.061" /><testcase classname="tests.test_outbound_slice2_quarantine" name="test_mark_damaged_list_rejects_non_integer_docstatus" time="0.852" /><testcase classname="tests.test_outbound_slice3_approvals" name="test_creating_a_writeoff_asks_someone_else_and_stamps_nobody" time="1.561" /><testcase classname="tests.test_outbound_slice3_approvals" name="test_client_supplied_approver_is_ignored" time="1.585" /><testcase classname="tests.test_outbound_slice3_approvals" name="test_writeoff_cannot_post_before_a_second_person_approves" time="1.641" /><testcase classname="tests.test_outbound_slice3_approvals" name="test_one_inbox_lists_every_document_type_waiting_for_me" time="1.615" /><testcase classname="tests.test_outbound_slice3_approvals" name="test_my_own_requests_are_never_in_my_inbox" time="1.617" /><testcase classname="tests.test_outbound_slice3_approvals" name="test_inbox_is_role_gated" time="1.570" /><testcase classname="tests.test_outbound_slice3_approvals" name="test_inbox_is_store_scoped_fail_closed" time="1.595" /><testcase classname="tests.test_outbound_slice3_approvals" name="test_approve_from_the_inbox_then_the_document_posts" time="2.051" /><testcase classname="tests.test_outbound_slice3_approvals" name="test_a_vflip_needs_a_second_person_too" time="1.633" /><testcase classname="tests.test_outbound_slice3_approvals" name="test_an_adjustment_above_tolerance_needs_a_second_person_too" time="1.660" /><testcase classname="tests.test_outbound_slice3_approvals" name="test_the_maker_cannot_approve_their_own_document" time="1.550" /><testcase classname="tests.test_outbound_slice3_approvals" name="test_self_approval_is_refused_by_the_database_too" time="1.552" /><testcase classname="tests.test_outbound_slice3_approvals" name="test_a_role_that_cannot_approve_is_refused" time="1.592" /><testcase classname="tests.test_outbound_slice3_approvals" name="test_an_out_of_scope_approval_looks_like_it_does_not_exist" time="1.599" /><testcase classname="tests.test_outbound_slice3_approvals" name="test_reject_requires_a_reason" time="1.639" /><testcase classname="tests.test_outbound_slice3_approvals" name="test_a_rejected_document_never_posts_and_says_why" time="1.634" /><testcase classname="tests.test_outbound_slice3_approvals" name="test_rejecting_never_marks_the_rejecter_as_the_approver" time="1.538" /><testcase classname="tests.test_outbound_slice3_approvals" name="test_a_decided_approval_cannot_be_decided_again" time="1.604" /><testcase classname="tests.test_outbound_slice3_approvals" name="test_the_document_shows_made_by_approved_by_and_when" time="1.573" /><testcase classname="tests.test_outbound_slice3_approvals" name="test_the_maker_can_watch_their_own_request_in_the_history" time="1.563" /><testcase classname="tests.test_outbound_slice3_approvals" name="test_a_small_adjustment_posts_without_a_second_person" time="1.600" /><testcase classname="tests.test_outbound_slice3_approvals" name="test_an_auto_adjusted_document_is_in_nobody_s_inbox" time="1.600" /><testcase classname="tests.test_outbound_slice3_approvals" name="test_a_small_writeoff_still_needs_a_second_person" time="1.630" /><testcase classname="tests.test_outbound_slice3_approvals" name="test_a_mid_value_adjustment_may_be_cleared_by_the_in_charge" time="1.589" /><testcase classname="tests.test_outbound_slice3_approvals" name="test_a_large_adjustment_goes_straight_to_ho" time="1.723" /><testcase classname="tests.test_outbound_slice3_approvals" name="test_the_tolerance_is_data_the_business_can_retune" time="1.535" /><testcase classname="tests.test_outbound_slice3_approvals" name="test_a_rejected_draft_can_be_fixed_and_asked_again" time="1.696" /><testcase classname="tests.test_outbound_slice3_approvals" name="test_whoever_asks_again_is_barred_from_deciding_it" time="1.576" /><testcase classname="tests.test_outbound_slice3_approvals" name="test_a_document_is_never_in_two_inboxes_at_once" time="1.581" /><testcase classname="tests.test_outbound_slice3_approvals" name="test_an_approved_document_cannot_be_asked_again" time="1.685" /><testcase classname="tests.test_outbound_slice3_approvals" name="test_a_posted_document_cannot_be_asked_again" time="1.593" /><testcase classname="tests.test_outbound_slice3_approvals" name="test_asking_again_is_store_scoped" time="1.620" /><testcase classname="tests.test_outbound_slice3_approvals" name="test_a_reader_cannot_ask_again" time="1.578" /><testcase classname="tests.test_outbound_slice3_approvals" name="test_the_maker_cannot_approve_after_someone_else_asks_again" time="1.657" /><testcase classname="tests.test_outbound_slice3_approvals" name="test_the_maker_never_sees_a_re_raised_request_in_their_inbox" time="1.643" /><testcase classname="tests.test_outbound_slice3_approvals" name="test_the_database_bars_the_maker_too" time="1.560" /><testcase classname="tests.test_outbound_slice3_approvals" name="test_a_maker_cannot_type_their_way_under_the_tolerance" time="1.513" /><testcase classname="tests.test_outbound_slice3_approvals" name="test_a_line_the_books_do_not_know_is_refused_outright" time="1.534" /><testcase classname="tests.test_outbound_slice3_approvals" name="test_a_vflip_has_no_tolerance_either" time="1.598" /><testcase classname="tests.test_outbound_slice4_gaps" name="test_short_receive_records_the_exception_and_keeps_the_pieces_in_transit" time="1.815" /><testcase classname="tests.test_outbound_slice4_gaps" name="test_a_shortfall_cannot_be_fixed_by_receiving_twice" time="1.850" /><testcase classname="tests.test_outbound_slice4_gaps" name="test_a_store_receiver_flags_a_broken_arrival_rather_than_quarantining_it" time="1.825" /><testcase classname="tests.test_outbound_slice4_gaps" name="test_a_warehouse_receiver_quarantines_a_broken_arrival_in_one_step" time="1.863" /><testcase classname="tests.test_outbound_slice4_gaps" name="test_damaged_and_short_together" time="1.822" /><testcase classname="tests.test_outbound_slice4_gaps" name="test_good_plus_damaged_may_not_exceed_what_was_sent" time="1.818" /><testcase classname="tests.test_outbound_slice4_gaps" name="test_a_priceable_extra_is_accepted_in_with_a_flag" time="1.879" /><testcase classname="tests.test_outbound_slice4_gaps" name="test_an_unpriceable_extra_is_recorded_but_never_posted_at_zero" time="1.885" /><testcase classname="tests.test_outbound_slice4_gaps" name="test_a_brand_owned_extra_never_lands_in_our_inventory" time="1.825" /><testcase classname="tests.test_outbound_slice4_gaps" name="test_an_extra_whose_brand_is_unknown_is_recorded_but_not_posted" time="1.848" /><testcase classname="tests.test_outbound_slice4_gaps" name="test_a_piece_on_the_transfer_is_not_an_extra" time="1.816" /><testcase classname="tests.test_outbound_slice4_gaps" name="test_receive_with_nothing_scanned_anywhere_is_rejected" time="1.823" /><testcase classname="tests.test_outbound_slice4_gaps" name="test_the_gaps_list_shows_open_gaps_only" time="2.031" /><testcase classname="tests.test_outbound_slice4_gaps" name="test_a_closed_gap_leaves_the_list_but_an_unapproved_closure_does_not" time="1.973" /><testcase classname="tests.test_outbound_slice4_gaps" name="test_the_receiving_store_does_not_find_its_own_gap_on_the_list" time="1.878" /><testcase classname="tests.test_outbound_slice4_gaps" name="test_raising_a_closure_asks_a_senior_and_reads_the_gap_off_the_transfer" time="1.915" /><testcase classname="tests.test_outbound_slice4_gaps" name="test_a_closure_cannot_post_before_a_second_person_approves_it" time="2.001" /><testcase classname="tests.test_outbound_slice4_gaps" name="test_found_later_posts_the_pieces_to_the_destination" time="1.961" /><testcase classname="tests.test_outbound_slice4_gaps" name="test_wrongly_scanned_puts_the_pieces_back_at_the_sender" time="1.958" /><testcase classname="tests.test_outbound_slice4_gaps" name="test_lost_in_transit_takes_the_value_off_the_books" time="1.932" /><testcase classname="tests.test_outbound_slice4_gaps" name="test_losing_brand_owned_stock_reverses_the_memo_not_our_inventory" time="1.949" /><testcase classname="tests.test_outbound_slice4_gaps" name="test_the_receiving_store_cannot_raise_the_closure" time="1.879" /><testcase classname="tests.test_outbound_slice4_gaps" name="test_a_senior_entitled_to_the_receiving_store_is_still_refused" time="1.883" /><testcase classname="tests.test_outbound_slice4_gaps" name="test_a_senior_at_the_receiving_store_cannot_be_the_approver_either" time="1.924" /><testcase classname="tests.test_outbound_slice4_gaps" name="test_the_maker_cannot_approve_their_own_closure" time="1.876" /><testcase classname="tests.test_outbound_slice4_gaps" name="test_a_transfer_with_no_gap_cannot_be_closed" time="1.857" /><testcase classname="tests.test_outbound_slice4_gaps" name="test_one_gap_gets_one_closure" time="1.907" /><testcase classname="tests.test_outbound_slice4_gaps" name="test_a_rejected_closure_can_be_corrected_and_posted" time="1.966" /><testcase classname="tests.test_outbound_slice4_gaps" name="test_a_closure_posts_once" time="1.990" /><testcase classname="tests.test_outbound_slice4_gaps" name="test_a_stale_closure_is_refused_rather_than_draining_the_wrong_amount" time="1.912" /><testcase classname="tests.test_outbound_slice4_gaps" name="test_correcting_an_approved_closure_sends_it_back_to_the_checker" time="1.992" /><testcase classname="tests.test_outbound_slice4_gaps" name="test_a_corrected_closure_re_reads_the_remainder_rather_than_keeping_it" time="1.925" /><testcase classname="tests.test_outbound_slice4_gaps" name="test_a_closure_cannot_be_changed_under_the_checker" time="1.979" /><testcase classname="tests.test_outbound_slice4_gaps" name="test_the_trail_says_which_reason_each_checker_was_asked_about" time="2.002" /><testcase classname="tests.test_outbound_slice4_gaps" name="test_a_posted_closure_cannot_be_corrected" time="1.900" /><testcase classname="tests.test_outbound_slice4_gaps" name="test_a_senior_at_the_receiving_store_cannot_correct_the_closure_either" time="1.886" /><testcase classname="tests.test_outbound_slice4_gaps" name="test_rebuild_reproduces_every_projection_after_exceptions_and_closure" time="2.047" /><testcase classname="tests.test_outbound_sprint1" name="test_store_split_same_gstin_no_gl" time="1.129" /><testcase classname="tests.test_outbound_sprint1" name="test_inter_store_transfer_same_state" time="1.227" /><testcase classname="tests.test_outbound_sprint1" name="test_cross_state_transfer_flagged" time="1.106" /><testcase classname="tests.test_outbound_sprint1" name="test_transfer_shortfall_flagged" time="1.149" /><testcase classname="tests.test_outbound_sprint1" name="test_transfer_blocks_on_insufficient_stock" time="1.109" /><testcase classname="tests.test_outbound_sprint1" name="test_rtv_defective_owned_posts_gl" time="1.146" /><testcase classname="tests.test_outbound_sprint1" name="test_rtv_sor_brand_no_gl" time="1.121" /><testcase classname="tests.test_outbound_sprint1" name="test_seasonal_return_sor" time="1.053" /><testcase classname="tests.test_outbound_sprint1" name="test_seasonal_return_owned_posts_gl" time="1.209" /><testcase classname="tests.test_outbound_sprint1" name="test_adjustment_shrinkage" time="1.109" /><testcase classname="tests.test_outbound_sprint1" name="test_adjustment_surplus" time="1.130" /><testcase classname="tests.test_outbound_sprint1" name="test_adjustment_blocks_insufficient_stock" time="1.088" /><testcase classname="tests.test_outbound_sprint1" name="test_writeoff_posts_gl" time="1.101" /><testcase classname="tests.test_outbound_sprint1" name="test_writeoff_blocks_insufficient" time="1.092" /><testcase classname="tests.test_outbound_sprint1" name="test_vflip_ownership_change" time="1.126" /><testcase classname="tests.test_outbound_sprint1" name="test_trial_balance_zero_after_outbound" time="1.072" /><testcase classname="tests.test_outbound_sprint1" name="test_transfer_receive_idempotent" time="1.104" /><testcase classname="tests.test_outbound_sprint1" name="test_rtv_credit_note_tracking" time="1.088" /><testcase classname="tests.test_outbound_sprint1" name="test_owned_rtv_vendor_subledger_in_sync" time="1.072" /><testcase classname="tests.test_outbound_sprint1" name="test_sor_rtv_no_vendor_subledger_entry" time="1.146" /><testcase classname="tests.test_outbound_sprint1" name="test_vflip_brand_displays_v_prefix" time="1.125" /><testcase classname="tests.test_outbound_sprint1" name="test_vflip_ownership_is_kdps_owned" time="1.147" /><testcase classname="tests.test_outbound_sprint1" name="test_rtv_blocked_for_vflipped_stock" time="1.085" /><testcase classname="tests.test_outbound_sprint1" name="test_vflip_empty_line_brand_uses_original_brand" time="1.126" /><testcase classname="tests.test_outbound_store_scope" name="test_sm_cannot_create_rtv_outside_scope" time="1.046" /><testcase classname="tests.test_outbound_store_scope" name="test_sm_can_create_rtv_in_scope" time="1.100" /><testcase classname="tests.test_outbound_store_scope" name="test_admin_can_create_rtv_any_store" time="1.081" /><testcase classname="tests.test_outbound_store_scope" name="test_sm_cannot_submit_rtv_outside_scope" time="1.092" /><testcase classname="tests.test_outbound_store_scope" name="test_sm_cannot_create_transfer_from_outside_scope" time="1.059" /><testcase classname="tests.test_outbound_store_scope" name="test_sm_can_create_transfer_from_own_store" time="1.101" /><testcase classname="tests.test_outbound_store_scope" name="test_sm_cannot_receive_transfer_at_outside_store" time="1.074" /><testcase classname="tests.test_outbound_store_scope" name="test_sm_cannot_create_adjustment_outside_scope" time="1.215" /><testcase classname="tests.test_outbound_store_scope" name="test_admin_cannot_writeoff_outside_assigned_stores" time="1.320" /><testcase classname="tests.test_outbound_store_scope" name="test_admin_can_vflip_any_store" time="1.070" /><testcase classname="tests.test_outbound_transfer_pt" name="test_dispatch_generates_the_pt" time="0.874" /><testcase classname="tests.test_outbound_transfer_pt" name="test_planned_but_unscanned_lines_stay_off_the_pt" time="0.843" /><testcase classname="tests.test_outbound_transfer_pt" name="test_no_pt_before_dispatch" time="0.882" /><testcase classname="tests.test_outbound_transfer_pt" name="test_pt_csv_matches_the_golden_kdps_file" time="0.936" /><testcase classname="tests.test_outbound_transfer_pt" name="test_golden_file_is_in_kdps_column_order" time="0.882" /><testcase classname="tests.test_outbound_transfer_pt" name="test_pt_downloads_as_excel" time="0.929" /><testcase classname="tests.test_outbound_transfer_pt" name="test_pt_endpoint_serves_the_printable_document" time="0.905" /><testcase classname="tests.test_outbound_transfer_pt" name="test_pt_cannot_be_hand_edited" time="0.927" /><testcase classname="tests.test_outbound_transfer_pt" name="test_stored_pt_equals_a_fresh_regeneration" time="0.896" /><testcase classname="tests.test_outbound_transfer_pt" name="test_reticketing_the_sku_cannot_rewrite_a_dispatched_pt" time="0.850" /><testcase classname="tests.test_outbound_transfer_pt" name="test_store_gets_its_transfer_pt_without_any_inbound_pt_right" time="0.927" /><testcase classname="tests.test_outbound_transfer_pt" name="test_the_pt_gate_is_the_transfer_section_and_only_that" time="1.365" /><testcase classname="tests.test_outbound_transfer_pt" name="test_transfer_pt_books_no_money_and_no_inbound_document" time="0.894" /><testcase classname="tests.test_outbound_transfer_pt" name="test_dispatched_transfer_is_submitted_with_its_pt" time="0.896" /><testcase classname="tests.test_foundation" name="test_health" time="0.000"><skipped type="pytest.skip" message="live-API suites write to the target DB (masters, documents, append-only ledger/GL posts — none deletable via the API) and https://promo-engine-core.preview.emergentagent.com is not localhost; refusing to mutate a shared/remote deployment. Point REACT_APP_BACKEND_URL at a disposable instance, or set KDPS_TEST_ALLOW_REMOTE=1 to override deliberately.">/app/app/backend/tests/test_foundation.py:43: live-API suites write to the target DB (masters, documents, append-only ledger/GL posts — none deletable via the API) and https://promo-engine-core.preview.emergentagent.com is not localhost; refusing to mutate a shared/remote deployment. Point REACT_APP_BACKEND_URL at a disposable instance, or set KDPS_TEST_ALLOW_REMOTE=1 to override deliberately.</skipped></testcase><testcase classname="tests.test_foundation" name="test_login_owner_returns_tokens_and_profile" time="0.000"><skipped type="pytest.skip" message="live-API suites write to the target DB (masters, documents, append-only ledger/GL posts — none deletable via the API) and https://promo-engine-core.preview.emergentagent.com is not localhost; refusing to mutate a shared/remote deployment. Point REACT_APP_BACKEND_URL at a disposable instance, or set KDPS_TEST_ALLOW_REMOTE=1 to override deliberately.">/app/app/backend/tests/test_foundation.py:57: live-API suites write to the target DB (masters, documents, append-only ledger/GL posts — none deletable via the API) and https://promo-engine-core.preview.emergentagent.com is not localhost; refusing to mutate a shared/remote deployment. Point REACT_APP_BACKEND_URL at a disposable instance, or set KDPS_TEST_ALLOW_REMOTE=1 to override deliberately.</skipped></testcase><testcase classname="tests.test_foundation" name="test_login_invalid_credentials" time="0.000"><skipped type="pytest.skip" message="live-API suites write to the target DB (masters, documents, append-only ledger/GL posts — none deletable via the API) and https://promo-engine-core.preview.emergentagent.com is not localhost; refusing to mutate a shared/remote deployment. Point REACT_APP_BACKEND_URL at a disposable instance, or set KDPS_TEST_ALLOW_REMOTE=1 to override deliberately.">/app/app/backend/tests/test_foundation.py:73: live-API suites write to the target DB (masters, documents, append-only ledger/GL posts — none deletable via the API) and https://promo-engine-core.preview.emergentagent.com is not localhost; refusing to mutate a shared/remote deployment. Point REACT_APP_BACKEND_URL at a disposable instance, or set KDPS_TEST_ALLOW_REMOTE=1 to override deliberately.</skipped></testcase><testcase classname="tests.test_foundation" name="test_me_with_token" time="0.000"><skipped type="pytest.skip" message="live-API suites write to the target DB (masters, documents, append-only ledger/GL posts — none deletable via the API) and https://promo-engine-core.preview.emergentagent.com is not localhost; refusing to mutate a shared/remote deployment. Point REACT_APP_BACKEND_URL at a disposable instance, or set KDPS_TEST_ALLOW_REMOTE=1 to override deliberately.">/app/app/backend/tests/test_foundation.py:79: live-API suites write to the target DB (masters, documents, append-only ledger/GL posts — none deletable via the API) and https://promo-engine-core.preview.emergentagent.com is not localhost; refusing to mutate a shared/remote deployment. Point REACT_APP_BACKEND_URL at a disposable instance, or set KDPS_TEST_ALLOW_REMOTE=1 to override deliberately.</skipped></testcase><testcase classname="tests.test_foundation" name="test_me_without_token_returns_401" time="0.000"><skipped type="pytest.skip" message="live-API suites write to the target DB (masters, documents, append-only ledger/GL posts — none deletable via the API) and https://promo-engine-core.preview.emergentagent.com is not localhost; refusing to mutate a shared/remote deployment. Point REACT_APP_BACKEND_URL at a disposable instance, or set KDPS_TEST_ALLOW_REMOTE=1 to override deliberately.">/app/app/backend/tests/test_foundation.py:89: live-API suites write to the target DB (masters, documents, append-only ledger/GL posts — none deletable via the API) and https://promo-engine-core.preview.emergentagent.com is not localhost; refusing to mutate a shared/remote deployment. Point REACT_APP_BACKEND_URL at a disposable instance, or set KDPS_TEST_ALLOW_REMOTE=1 to override deliberately.</skipped></testcase><testcase classname="tests.test_foundation" name="test_refresh_returns_new_access" time="0.000"><skipped type="pytest.skip" message="live-API suites write to the target DB (masters, documents, append-only ledger/GL posts — none deletable via the API) and https://promo-engine-core.preview.emergentagent.com is not localhost; refusing to mutate a shared/remote deployment. Point REACT_APP_BACKEND_URL at a disposable instance, or set KDPS_TEST_ALLOW_REMOTE=1 to override deliberately.">/app/app/backend/tests/test_foundation.py:98: live-API suites write to the target DB (masters, documents, append-only ledger/GL posts — none deletable via the API) and https://promo-engine-core.preview.emergentagent.com is not localhost; refusing to mutate a shared/remote deployment. Point REACT_APP_BACKEND_URL at a disposable instance, or set KDPS_TEST_ALLOW_REMOTE=1 to override deliberately.</skipped></testcase><testcase classname="tests.test_foundation" name="test_brute_force_lockout_429" time="0.000"><skipped type="pytest.skip" message="live-API suites write to the target DB (masters, documents, append-only ledger/GL posts — none deletable via the API) and https://promo-engine-core.preview.emergentagent.com is not localhost; refusing to mutate a shared/remote deployment. Point REACT_APP_BACKEND_URL at a disposable instance, or set KDPS_TEST_ALLOW_REMOTE=1 to override deliberately.">/app/app/backend/tests/test_foundation.py:107: live-API suites write to the target DB (masters, documents, append-only ledger/GL posts — none deletable via the API) and https://promo-engine-core.preview.emergentagent.com is not localhost; refusing to mutate a shared/remote deployment. Point REACT_APP_BACKEND_URL at a disposable instance, or set KDPS_TEST_ALLOW_REMOTE=1 to override deliberately.</skipped></testcase><testcase classname="tests.test_foundation" name="test_scope_isolation_stores_and_summary" time="0.000"><skipped type="pytest.skip" message="live-API suites write to the target DB (masters, documents, append-only ledger/GL posts — none deletable via the API) and https://promo-engine-core.preview.emergentagent.com is not localhost; refusing to mutate a shared/remote deployment. Point REACT_APP_BACKEND_URL at a disposable instance, or set KDPS_TEST_ALLOW_REMOTE=1 to override deliberately.">/app/app/backend/tests/test_foundation.py:123: live-API suites write to the target DB (masters, documents, append-only ledger/GL posts — none deletable via the API) and https://promo-engine-core.preview.emergentagent.com is not localhost; refusing to mutate a shared/remote deployment. Point REACT_APP_BACKEND_URL at a disposable instance, or set KDPS_TEST_ALLOW_REMOTE=1 to override deliberately.</skipped></testcase><testcase classname="tests.test_foundation" name="test_masters_seeded" time="0.000"><skipped type="pytest.skip" message="live-API suites write to the target DB (masters, documents, append-only ledger/GL posts — none deletable via the API) and https://promo-engine-core.preview.emergentagent.com is not localhost; refusing to mutate a shared/remote deployment. Point REACT_APP_BACKEND_URL at a disposable instance, or set KDPS_TEST_ALLOW_REMOTE=1 to override deliberately.">/app/app/backend/tests/test_foundation.py:170: live-API suites write to the target DB (masters, documents, append-only ledger/GL posts — none deletable via the API) and https://promo-engine-core.preview.emergentagent.com is not localhost; refusing to mutate a shared/remote deployment. Point REACT_APP_BACKEND_URL at a disposable instance, or set KDPS_TEST_ALLOW_REMOTE=1 to override deliberately.</skipped></testcase><testcase classname="tests.test_iteration10_auth_cookie_retest" name="test_login_returns_json_tokens_and_sets_http_only_cookies" time="0.000"><skipped type="pytest.skip" message="live-API suites write to the target DB (masters, documents, append-only ledger/GL posts — none deletable via the API) and https://promo-engine-core.preview.emergentagent.com is not localhost; refusing to mutate a shared/remote deployment. Point REACT_APP_BACKEND_URL at a disposable instance, or set KDPS_TEST_ALLOW_REMOTE=1 to override deliberately.">/app/app/backend/tests/test_iteration10_auth_cookie_retest.py:47: live-API suites write to the target DB (masters, documents, append-only ledger/GL posts — none deletable via the API) and https://promo-engine-core.preview.emergentagent.com is not localhost; refusing to mutate a shared/remote deployment. Point REACT_APP_BACKEND_URL at a disposable instance, or set KDPS_TEST_ALLOW_REMOTE=1 to override deliberately.</skipped></testcase><testcase classname="tests.test_iteration10_auth_cookie_retest" name="test_auth_me_works_with_cookie_only_without_authorization_header" time="0.000"><skipped type="pytest.skip" message="live-API suites write to the target DB (masters, documents, append-only ledger/GL posts — none deletable via the API) and https://promo-engine-core.preview.emergentagent.com is not localhost; refusing to mutate a shared/remote deployment. Point REACT_APP_BACKEND_URL at a disposable instance, or set KDPS_TEST_ALLOW_REMOTE=1 to override deliberately.">/app/app/backend/tests/test_iteration10_auth_cookie_retest.py:62: live-API suites write to the target DB (masters, documents, append-only ledger/GL posts — none deletable via the API) and https://promo-engine-core.preview.emergentagent.com is not localhost; refusing to mutate a shared/remote deployment. Point REACT_APP_BACKEND_URL at a disposable instance, or set KDPS_TEST_ALLOW_REMOTE=1 to override deliberately.</skipped></testcase><testcase classname="tests.test_iteration10_auth_cookie_retest" name="test_refresh_from_cookie_sets_access_cookie_and_keeps_json_compatibility" time="0.000"><skipped type="pytest.skip" message="live-API suites write to the target DB (masters, documents, append-only ledger/GL posts — none deletable via the API) and https://promo-engine-core.preview.emergentagent.com is not localhost; refusing to mutate a shared/remote deployment. Point REACT_APP_BACKEND_URL at a disposable instance, or set KDPS_TEST_ALLOW_REMOTE=1 to override deliberately.">/app/app/backend/tests/test_iteration10_auth_cookie_retest.py:74: live-API suites write to the target DB (masters, documents, append-only ledger/GL posts — none deletable via the API) and https://promo-engine-core.preview.emergentagent.com is not localhost; refusing to mutate a shared/remote deployment. Point REACT_APP_BACKEND_URL at a disposable instance, or set KDPS_TEST_ALLOW_REMOTE=1 to override deliberately.</skipped></testcase><testcase classname="tests.test_iteration10_auth_cookie_retest" name="test_logout_clears_auth_cookies" time="0.000"><skipped type="pytest.skip" message="live-API suites write to the target DB (masters, documents, append-only ledger/GL posts — none deletable via the API) and https://promo-engine-core.preview.emergentagent.com is not localhost; refusing to mutate a shared/remote deployment. Point REACT_APP_BACKEND_URL at a disposable instance, or set KDPS_TEST_ALLOW_REMOTE=1 to override deliberately.">/app/app/backend/tests/test_iteration10_auth_cookie_retest.py:91: live-API suites write to the target DB (masters, documents, append-only ledger/GL posts — none deletable via the API) and https://promo-engine-core.preview.emergentagent.com is not localhost; refusing to mutate a shared/remote deployment. Point REACT_APP_BACKEND_URL at a disposable instance, or set KDPS_TEST_ALLOW_REMOTE=1 to override deliberately.</skipped></testcase><testcase classname="tests.test_iteration10_auth_cookie_retest" name="test_bruteforce_lockout_after_five_failures_still_active" time="0.000"><skipped type="pytest.skip" message="live-API suites write to the target DB (masters, documents, append-only ledger/GL posts — none deletable via the API) and https://promo-engine-core.preview.emergentagent.com is not localhost; refusing to mutate a shared/remote deployment. Point REACT_APP_BACKEND_URL at a disposable instance, or set KDPS_TEST_ALLOW_REMOTE=1 to override deliberately.">/app/app/backend/tests/test_iteration10_auth_cookie_retest.py:104: live-API suites write to the target DB (masters, documents, append-only ledger/GL posts — none deletable via the API) and https://promo-engine-core.preview.emergentagent.com is not localhost; refusing to mutate a shared/remote deployment. Point REACT_APP_BACKEND_URL at a disposable instance, or set KDPS_TEST_ALLOW_REMOTE=1 to override deliberately.</skipped></testcase><testcase classname="tests.test_iteration10_auth_cookie_retest" name="test_internal_django_cors_allows_explicit_origin_and_credentials" time="0.000"><skipped type="pytest.skip" message="live-API suites write to the target DB (masters, documents, append-only ledger/GL posts — none deletable via the API) and https://promo-engine-core.preview.emergentagent.com is not localhost; refusing to mutate a shared/remote deployment. Point REACT_APP_BACKEND_URL at a disposable instance, or set KDPS_TEST_ALLOW_REMOTE=1 to override deliberately.">/app/app/backend/tests/test_iteration10_auth_cookie_retest.py:120: live-API suites write to the target DB (masters, documents, append-only ledger/GL posts — none deletable via the API) and https://promo-engine-core.preview.emergentagent.com is not localhost; refusing to mutate a shared/remote deployment. Point REACT_APP_BACKEND_URL at a disposable instance, or set KDPS_TEST_ALLOW_REMOTE=1 to override deliberately.</skipped></testcase><testcase classname="tests.test_iteration10_auth_cookie_retest" name="test_seed_admin_is_idempotent_and_does_not_overwrite_password" time="0.000"><skipped type="pytest.skip" message="live-API suites write to the target DB (masters, documents, append-only ledger/GL posts — none deletable via the API) and https://promo-engine-core.preview.emergentagent.com is not localhost; refusing to mutate a shared/remote deployment. Point REACT_APP_BACKEND_URL at a disposable instance, or set KDPS_TEST_ALLOW_REMOTE=1 to override deliberately.">/app/app/backend/tests/test_iteration10_auth_cookie_retest.py:140: live-API suites write to the target DB (masters, documents, append-only ledger/GL posts — none deletable via the API) and https://promo-engine-core.preview.emergentagent.com is not localhost; refusing to mutate a shared/remote deployment. Point REACT_APP_BACKEND_URL at a disposable instance, or set KDPS_TEST_ALLOW_REMOTE=1 to override deliberately.</skipped></testcase><testcase classname="tests.test_iteration10_auth_cookie_retest" name="test_regression_vendor_users_inbound_routes_still_load_via_api" time="0.000"><skipped type="pytest.skip" message="live-API suites write to the target DB (masters, documents, append-only ledger/GL posts — none deletable via the API) and https://promo-engine-core.preview.emergentagent.com is not localhost; refusing to mutate a shared/remote deployment. Point REACT_APP_BACKEND_URL at a disposable instance, or set KDPS_TEST_ALLOW_REMOTE=1 to override deliberately.">/app/app/backend/tests/test_iteration10_auth_cookie_retest.py:210: live-API suites write to the target DB (masters, documents, append-only ledger/GL posts — none deletable via the API) and https://promo-engine-core.preview.emergentagent.com is not localhost; refusing to mutate a shared/remote deployment. Point REACT_APP_BACKEND_URL at a disposable instance, or set KDPS_TEST_ALLOW_REMOTE=1 to override deliberately.</skipped></testcase><testcase classname="tests.test_iteration11_pt_posting_regression" name="test_cookie_only_auth_me_supported" time="0.000"><skipped type="pytest.skip" message="live-API suites write to the target DB (masters, documents, append-only ledger/GL posts — none deletable via the API) and https://promo-engine-core.preview.emergentagent.com is not localhost; refusing to mutate a shared/remote deployment. Point REACT_APP_BACKEND_URL at a disposable instance, or set KDPS_TEST_ALLOW_REMOTE=1 to override deliberately.">/app/app/backend/tests/test_iteration11_pt_posting_regression.py:94: live-API suites write to the target DB (masters, documents, append-only ledger/GL posts — none deletable via the API) and https://promo-engine-core.preview.emergentagent.com is not localhost; refusing to mutate a shared/remote deployment. Point REACT_APP_BACKEND_URL at a disposable instance, or set KDPS_TEST_ALLOW_REMOTE=1 to override deliberately.</skipped></testcase><testcase classname="tests.test_iteration11_pt_posting_regression" name="test_grn_direct_line_keeps_received_and_damaged_qty" time="0.000"><skipped type="pytest.skip" message="live-API suites write to the target DB (masters, documents, append-only ledger/GL posts — none deletable via the API) and https://promo-engine-core.preview.emergentagent.com is not localhost; refusing to mutate a shared/remote deployment. Point REACT_APP_BACKEND_URL at a disposable instance, or set KDPS_TEST_ALLOW_REMOTE=1 to override deliberately.">/app/app/backend/tests/test_iteration11_pt_posting_regression.py:111: live-API suites write to the target DB (masters, documents, append-only ledger/GL posts — none deletable via the API) and https://promo-engine-core.preview.emergentagent.com is not localhost; refusing to mutate a shared/remote deployment. Point REACT_APP_BACKEND_URL at a disposable instance, or set KDPS_TEST_ALLOW_REMOTE=1 to override deliberately.</skipped></testcase><testcase classname="tests.test_iteration11_pt_posting_regression" name="test_pt_posting_reconcile_vendor_bill_reverse_append_only_and_booking_variance" time="0.000"><skipped type="pytest.skip" message="live-API suites write to the target DB (masters, documents, append-only ledger/GL posts — none deletable via the API) and https://promo-engine-core.preview.emergentagent.com is not localhost; refusing to mutate a shared/remote deployment. Point REACT_APP_BACKEND_URL at a disposable instance, or set KDPS_TEST_ALLOW_REMOTE=1 to override deliberately.">/app/app/backend/tests/test_iteration11_pt_posting_regression.py:145: live-API suites write to the target DB (masters, documents, append-only ledger/GL posts — none deletable via the API) and https://promo-engine-core.preview.emergentagent.com is not localhost; refusing to mutate a shared/remote deployment. Point REACT_APP_BACKEND_URL at a disposable instance, or set KDPS_TEST_ALLOW_REMOTE=1 to override deliberately.</skipped></testcase><testcase classname="tests.test_iteration12_deployment_readiness" name="test_health_endpoint_ok_shape" time="0.000"><skipped type="pytest.skip" message="live-API suites write to the target DB (masters, documents, append-only ledger/GL posts — none deletable via the API) and https://promo-engine-core.preview.emergentagent.com is not localhost; refusing to mutate a shared/remote deployment. Point REACT_APP_BACKEND_URL at a disposable instance, or set KDPS_TEST_ALLOW_REMOTE=1 to override deliberately.">/app/app/backend/tests/test_iteration12_deployment_readiness.py:38: live-API suites write to the target DB (masters, documents, append-only ledger/GL posts — none deletable via the API) and https://promo-engine-core.preview.emergentagent.com is not localhost; refusing to mutate a shared/remote deployment. Point REACT_APP_BACKEND_URL at a disposable instance, or set KDPS_TEST_ALLOW_REMOTE=1 to override deliberately.</skipped></testcase><testcase classname="tests.test_iteration12_deployment_readiness" name="test_login_owner_success_and_cookie_present" time="0.000"><skipped type="pytest.skip" message="live-API suites write to the target DB (masters, documents, append-only ledger/GL posts — none deletable via the API) and https://promo-engine-core.preview.emergentagent.com is not localhost; refusing to mutate a shared/remote deployment. Point REACT_APP_BACKEND_URL at a disposable instance, or set KDPS_TEST_ALLOW_REMOTE=1 to override deliberately.">/app/app/backend/tests/test_iteration12_deployment_readiness.py:46: live-API suites write to the target DB (masters, documents, append-only ledger/GL posts — none deletable via the API) and https://promo-engine-core.preview.emergentagent.com is not localhost; refusing to mutate a shared/remote deployment. Point REACT_APP_BACKEND_URL at a disposable instance, or set KDPS_TEST_ALLOW_REMOTE=1 to override deliberately.</skipped></testcase><testcase classname="tests.test_iteration12_deployment_readiness" name="test_cookie_only_auth_me_works_after_login" time="0.000"><skipped type="pytest.skip" message="live-API suites write to the target DB (masters, documents, append-only ledger/GL posts — none deletable via the API) and https://promo-engine-core.preview.emergentagent.com is not localhost; refusing to mutate a shared/remote deployment. Point REACT_APP_BACKEND_URL at a disposable instance, or set KDPS_TEST_ALLOW_REMOTE=1 to override deliberately.">/app/app/backend/tests/test_iteration12_deployment_readiness.py:60: live-API suites write to the target DB (masters, documents, append-only ledger/GL posts — none deletable via the API) and https://promo-engine-core.preview.emergentagent.com is not localhost; refusing to mutate a shared/remote deployment. Point REACT_APP_BACKEND_URL at a disposable instance, or set KDPS_TEST_ALLOW_REMOTE=1 to override deliberately.</skipped></testcase><testcase classname="tests.test_iteration12_deployment_readiness" name="test_core_authenticated_dashboard_feed_loads" time="0.000"><skipped type="pytest.skip" message="live-API suites write to the target DB (masters, documents, append-only ledger/GL posts — none deletable via the API) and https://promo-engine-core.preview.emergentagent.com is not localhost; refusing to mutate a shared/remote deployment. Point REACT_APP_BACKEND_URL at a disposable instance, or set KDPS_TEST_ALLOW_REMOTE=1 to override deliberately.">/app/app/backend/tests/test_iteration12_deployment_readiness.py:71: live-API suites write to the target DB (masters, documents, append-only ledger/GL posts — none deletable via the API) and https://promo-engine-core.preview.emergentagent.com is not localhost; refusing to mutate a shared/remote deployment. Point REACT_APP_BACKEND_URL at a disposable instance, or set KDPS_TEST_ALLOW_REMOTE=1 to override deliberately.</skipped></testcase><testcase classname="tests.test_iteration12_deployment_readiness" name="test_bruteforce_lockout_after_five_failed_logins" time="0.000"><skipped type="pytest.skip" message="live-API suites write to the target DB (masters, documents, append-only ledger/GL posts — none deletable via the API) and https://promo-engine-core.preview.emergentagent.com is not localhost; refusing to mutate a shared/remote deployment. Point REACT_APP_BACKEND_URL at a disposable instance, or set KDPS_TEST_ALLOW_REMOTE=1 to override deliberately.">/app/app/backend/tests/test_iteration12_deployment_readiness.py:87: live-API suites write to the target DB (masters, documents, append-only ledger/GL posts — none deletable via the API) and https://promo-engine-core.preview.emergentagent.com is not localhost; refusing to mutate a shared/remote deployment. Point REACT_APP_BACKEND_URL at a disposable instance, or set KDPS_TEST_ALLOW_REMOTE=1 to override deliberately.</skipped></testcase><testcase classname="tests.test_iteration12_deployment_readiness" name="test_password_hash_contains_bcrypt_2b_prefix_for_owner_record" time="0.000"><skipped type="pytest.skip" message="live-API suites write to the target DB (masters, documents, append-only ledger/GL posts — none deletable via the API) and https://promo-engine-core.preview.emergentagent.com is not localhost; refusing to mutate a shared/remote deployment. Point REACT_APP_BACKEND_URL at a disposable instance, or set KDPS_TEST_ALLOW_REMOTE=1 to override deliberately.">/app/app/backend/tests/test_iteration12_deployment_readiness.py:100: live-API suites write to the target DB (masters, documents, append-only ledger/GL posts — none deletable via the API) and https://promo-engine-core.preview.emergentagent.com is not localhost; refusing to mutate a shared/remote deployment. Point REACT_APP_BACKEND_URL at a disposable instance, or set KDPS_TEST_ALLOW_REMOTE=1 to override deliberately.</skipped></testcase><testcase classname="tests.
[...]
 KDPS_TEST_ALLOW_REMOTE=1 to override deliberately.">/app/app/backend/tests/test_iteration9_rbac_vendor_inbound.py:211: live-API suites write to the target DB (masters, documents, append-only ledger/GL posts — none deletable via the API) and https://promo-engine-core.preview.emergentagent.com is not localhost; refusing to mutate a shared/remote deployment. Point REACT_APP_BACKEND_URL at a disposable instance, or set KDPS_TEST_ALLOW_REMOTE=1 to override deliberately.</skipped></testcase><testcase classname="tests.test_iteration9_rbac_vendor_inbound" name="test_inbound_list_owner_and_store_user" time="0.000"><skipped type="pytest.skip" message="live-API suites write to the target DB (masters, documents, append-only ledger/GL posts — none deletable via the API) and https://promo-engine-core.preview.emergentagent.com is not localhost; refusing to mutate a shared/remote deployment. Point REACT_APP_BACKEND_URL at a disposable instance, or set KDPS_TEST_ALLOW_REMOTE=1 to override deliberately.">/app/app/backend/tests/test_iteration9_rbac_vendor_inbound.py:232: live-API suites write to the target DB (masters, documents, append-only ledger/GL posts — none deletable via the API) and https://promo-engine-core.preview.emergentagent.com is not localhost; refusing to mutate a shared/remote deployment. Point REACT_APP_BACKEND_URL at a disposable instance, or set KDPS_TEST_ALLOW_REMOTE=1 to override deliberately.</skipped></testcase><testcase classname="tests.test_iteration9_rbac_vendor_inbound" name="test_inbound_direct_grn_create_and_detail_for_store_user" time="0.000"><skipped type="pytest.skip" message="live-API suites write to the target DB (masters, documents, append-only ledger/GL posts — none deletable via the API) and https://promo-engine-core.preview.emergentagent.com is not localhost; refusing to mutate a shared/remote deployment. Point REACT_APP_BACKEND_URL at a disposable instance, or set KDPS_TEST_ALLOW_REMOTE=1 to override deliberately.">/app/app/backend/tests/test_iteration9_rbac_vendor_inbound.py:248: live-API suites write to the target DB (masters, documents, append-only ledger/GL posts — none deletable via the API) and https://promo-engine-core.preview.emergentagent.com is not localhost; refusing to mutate a shared/remote deployment. Point REACT_APP_BACKEND_URL at a disposable instance, or set KDPS_TEST_ALLOW_REMOTE=1 to override deliberately.</skipped></testcase><testcase classname="tests.test_iteration9_rbac_vendor_inbound" name="test_login_bruteforce_lockout_after_five_failures" time="0.000"><skipped type="pytest.skip" message="live-API suites write to the target DB (masters, documents, append-only ledger/GL posts — none deletable via the API) and https://promo-engine-core.preview.emergentagent.com is not localhost; refusing to mutate a shared/remote deployment. Point REACT_APP_BACKEND_URL at a disposable instance, or set KDPS_TEST_ALLOW_REMOTE=1 to override deliberately.">/app/app/backend/tests/test_iteration9_rbac_vendor_inbound.py:294: live-API suites write to the target DB (masters, documents, append-only ledger/GL posts — none deletable via the API) and https://promo-engine-core.preview.emergentagent.com is not localhost; refusing to mutate a shared/remote deployment. Point REACT_APP_BACKEND_URL at a disposable instance, or set KDPS_TEST_ALLOW_REMOTE=1 to override deliberately.</skipped></testcase><testcase classname="tests.test_iteration9_rbac_vendor_inbound" name="test_login_cookie_and_cors_headers" time="0.000"><skipped type="pytest.skip" message="live-API suites write to the target DB (masters, documents, append-only ledger/GL posts — none deletable via the API) and https://promo-engine-core.preview.emergentagent.com is not localhost; refusing to mutate a shared/remote deployment. Point REACT_APP_BACKEND_URL at a disposable instance, or set KDPS_TEST_ALLOW_REMOTE=1 to override deliberately.">/app/app/backend/tests/test_iteration9_rbac_vendor_inbound.py:307: live-API suites write to the target DB (masters, documents, append-only ledger/GL posts — none deletable via the API) and https://promo-engine-core.preview.emergentagent.com is not localhost; refusing to mutate a shared/remote deployment. Point REACT_APP_BACKEND_URL at a disposable instance, or set KDPS_TEST_ALLOW_REMOTE=1 to override deliberately.</skipped></testcase><testcase classname="tests.test_live_gate" name="test_a_server_running_this_checkout_is_not_a_mismatch" time="0.001" /><testcase classname="tests.test_live_gate" name="test_a_server_behind_the_checkout_names_the_migrations_it_lacks" time="0.000" /><testcase classname="tests.test_live_gate" name="test_a_server_ahead_of_the_checkout_names_what_the_checkout_lacks" time="0.000" /><testcase classname="tests.test_live_gate" name="test_a_long_list_of_differences_is_summarised_not_dumped" time="0.000" /><testcase classname="tests.test_live_gate" name="test_a_hardened_server_that_withholds_names_still_reports_the_mismatch" time="0.000" /><testcase classname="tests.test_live_gate" name="test_a_server_with_no_identity_at_all_is_older_than_this_check" time="0.000" /><testcase classname="tests.test_outbound_slice3_approvals" name="test_the_tolerance_reads_in_rupees_lakhs_and_crores[0-\u20b90]" time="0.000" /><testcase classname="tests.test_outbound_slice3_approvals" name="test_the_tolerance_reads_in_rupees_lakhs_and_crores[99900-\u20b9999]" time="0.000" /><testcase classname="tests.test_outbound_slice3_approvals" name="test_the_tolerance_reads_in_rupees_lakhs_and_crores[200000-\u20b92,000]" time="0.000" /><testcase classname="tests.test_outbound_slice3_approvals" name="test_the_tolerance_reads_in_rupees_lakhs_and_crores[2500000-\u20b925,000]" time="0.000" /><testcase classname="tests.test_outbound_slice3_approvals" name="test_the_tolerance_reads_in_rupees_lakhs_and_crores[100000000-\u20b910,00,000]" time="0.000" /><testcase classname="tests.test_ptmapper_color" name="test_strips_numeric_code_prefix_when_flag_set" time="0.000" /><testcase classname="tests.test_ptmapper_color" name="test_plain_colour_name_is_unchanged_even_with_flag" time="0.000" /><testcase classname="tests.test_ptmapper_color" name="test_no_strip_without_the_flag" time="0.000" /><testcase classname="tests.test_ptmapper_editing" name="test_fit_code_candidates_orders_full_value_then_token_then_trailing_word" time="0.000" /><testcase classname="tests.test_ptmapper_editing" name="test_rolling_season_window_covers_start_to_horizon" time="0.001" /><testcase classname="tests.test_ptmapper_fuzz" name="test_normaliser_never_crashes_and_is_idempotent[normalize_size]" time="0.005" /><testcase classname="tests.test_ptmapper_fuzz" name="test_normaliser_never_crashes_and_is_idempotent[normalize_color]" time="0.005" /><testcase classname="tests.test_ptmapper_fuzz" name="test_normalize_color_output_shape" time="0.003" /><testcase classname="tests.test_ptmapper_fuzz" name="test_normalize_size_output_shape" time="0.003" /><testcase classname="tests.test_ptmapper_fuzz" name="test_gender_from_text_always_in_vocab" time="0.002" /><testcase classname="tests.test_ptmapper_normalize" name="test_normalize_size[44.0-44]" time="0.001" /><testcase classname="tests.test_ptmapper_normalize" name="test_normalize_size[92.0-92]" time="0.001" /><testcase classname="tests.test_ptmapper_normalize" name="test_normalize_size[1.14M(2XL)-XXL]" time="0.001" /><testcase classname="tests.test_ptmapper_normalize" name="test_normalize_size[96CM(M)-M]" time="0.000" /><testcase classname="tests.test_ptmapper_normalize" name="test_normalize_size[1.02M(L)-L]" time="0.000" /><testcase classname="tests.test_ptmapper_normalize" name="test_normalize_size[1.20M(3XL)-3XL]" time="0.000" /><testcase classname="tests.test_ptmapper_normalize" name="test_normalize_size[XL (105 CMS)-XL]" time="0.000" /><testcase classname="tests.test_ptmapper_normalize" name="test_normalize_size[L (1 MTR.)-L]" time="0.000" /><testcase classname="tests.test_ptmapper_normalize" name="test_normalize_size[100 CMS-100]" time="0.000" /><testcase classname="tests.test_ptmapper_normalize" name="test_normalize_size[96 CM-96 CM]" time="0.001" /><testcase classname="tests.test_ptmapper_normalize" name="test_normalize_size[36/XS-XS]" time="0.001" /><testcase classname="tests.test_ptmapper_normalize" name="test_normalize_size[44/XXL-XXL]" time="0.000" /><testcase classname="tests.test_ptmapper_normalize" name="test_normalize_size[46/3XL-3XL]" time="0.000" /><testcase classname="tests.test_ptmapper_normalize" name="test_normalize_size[40/L-L]" time="0.001" /><testcase classname="tests.test_ptmapper_normalize" name="test_normalize_size[S/M-S/M]" time="0.000" /><testcase classname="tests.test_ptmapper_normalize" name="test_normalize_size[36/38-36/38]" time="0.000" /><testcase classname="tests.test_ptmapper_normalize" name="test_normalize_size[7-8Y-7-8 Y]" time="0.000" /><testcase classname="tests.test_ptmapper_normalize" name="test_normalize_size[8-9 YEARS-8-9 Y]" time="0.000" /><testcase classname="tests.test_ptmapper_normalize" name="test_normalize_size[10-11 YEARS-10-11 Y]" time="0.001" /><testcase classname="tests.test_ptmapper_normalize" name="test_normalize_size[0-6 M-0-6 M]" time="0.000" /><testcase classname="tests.test_ptmapper_normalize" name="test_normalize_size[FS-FREE SIZE]" time="0.000" /><testcase classname="tests.test_ptmapper_normalize" name="test_normalize_size[FREE-FREE SIZE]" time="0.000" /><testcase classname="tests.test_ptmapper_normalize" name="test_normalize_size[2XL-XXL]" time="0.000" /><testcase classname="tests.test_ptmapper_normalize" name="test_normalize_size[XL-XL]" time="0.000" /><testcase classname="tests.test_ptmapper_normalize" name="test_normalize_size[XXL-XXL]" time="0.000" /><testcase classname="tests.test_ptmapper_normalize" name="test_normalize_size[30B-30B]" time="0.000" /><testcase classname="tests.test_ptmapper_normalize" name="test_normalize_size[FREE SIZE-FREE SIZE]" time="0.000" /><testcase classname="tests.test_ptmapper_normalize" name="test_normalize_size[M-M]" time="0.000" /><testcase classname="tests.test_ptmapper_normalize" name="test_normalize_size[-]" time="0.000" /><testcase classname="tests.test_ptmapper_normalize" name="test_normalize_size[None-]" time="0.000" /><testcase classname="tests.test_ptmapper_normalize" name="test_normalize_color[88-BEIGE-BEIGE]" time="0.000" /><testcase classname="tests.test_ptmapper_normalize" name="test_normalize_color[16-BLUE-BLUE]" time="0.000" /><testcase classname="tests.test_ptmapper_normalize" name="test_normalize_color[134-BLUE BLACK-BLUE BLACK]" time="0.000" /><testcase classname="tests.test_ptmapper_normalize" name="test_normalize_color[BLACK73/1-BLACK]" time="0.000" /><testcase classname="tests.test_ptmapper_normalize" name="test_normalize_color[WHITE74-WHITE]" time="0.000" /><testcase classname="tests.test_ptmapper_normalize" name="test_normalize_color[BLUE DN89-BLUE]" time="0.000" /><testcase classname="tests.test_ptmapper_normalize" name="test_normalize_color[L BLU DN88-L BLU]" time="0.000" /><testcase classname="tests.test_ptmapper_normalize" name="test_normalize_color[INDIGO MEL-INDIGO]" time="0.001" /><testcase classname="tests.test_ptmapper_normalize" name="test_normalize_color[MID BLUE-MID BLUE]" time="0.000" /><testcase classname="tests.test_ptmapper_normalize" name="test_normalize_color[  Light  Blue -LIGHT BLUE]" time="0.000" /><testcase classname="tests.test_ptmapper_normalize" name="test_normalize_color[CP 1-CP]" time="0.000" /><testcase classname="tests.test_ptmapper_normalize" name="test_normalize_color[501-501]" time="0.001" /><testcase classname="tests.test_ptmapper_normalize" name="test_normalize_color[-]" time="0.000" /><testcase classname="tests.test_ptmapper_normalize" name="test_normalize_color[None-]" time="0.000" /><testcase classname="tests.test_ptmapper_normalize" name="test_gender_from_text[Senior Girls Top-KIDS FEMALE]" time="0.000" /><testcase classname="tests.test_ptmapper_normalize" name="test_gender_from_text[Junior Boys Shirt-KIDS MALE]" time="0.000" /><testcase classname="tests.test_ptmapper_normalize" name="test_gender_from_text[SOCKS-MENS-MALE]" time="0.000" /><testcase classname="tests.test_ptmapper_normalize" name="test_gender_from_text[MENS TRACK PANT-MALE]" time="0.000" /><testcase classname="tests.test_ptmapper_normalize" name="test_gender_from_text[WOMAN TOP DEAL-FEMALE]" time="0.000" /><testcase classname="tests.test_ptmapper_normalize" name="test_gender_from_text[LADIES KURTI-FEMALE]" time="0.000" /><testcase classname="tests.test_ptmapper_normalize" name="test_gender_from_text[Kids Wear-UNISEX]" time="0.000" /><testcase classname="tests.test_ptmapper_normalize" name="test_gender_from_text[plain cotton shirt-]" time="0.000" /><testcase classname="tests.test_ptmapper_normalize" name="test_women_does_not_trip_the_men_keyword" time="0.000" /><testcase classname="tests.test_ptmapper_pricing" name="test_low_slab_price" time="0.000" /><testcase classname="tests.test_ptmapper_pricing" name="test_high_slab_price" time="0.000" /><testcase classname="tests.test_ptmapper_pricing" name="test_boundary_band_prefers_the_low_slab" time="0.000" /><testcase classname="tests.test_ptmapper_pricing" name="test_input_tax_follows_the_purchase_rate" time="0.000" /><testcase classname="tests.test_ptmapper_pricing" name="test_exact_threshold_rate_is_low_slab" time="0.000" /><testcase classname="tests.test_ptmapper_pricing" name="test_non_positive_rate_is_refused" time="0.000" /><testcase classname="tests.test_ptmapper_season" name="test_explicit_season_code_beats_the_invoice_date" time="0.000" /><testcase classname="tests.test_ptmapper_season" name="test_falls_back_to_date_when_no_season_code" time="0.000" /><testcase classname="tests.test_rbac_gate_contract" name="test_code_default_approvers_hold_only_roles_the_matrix_trusts" time="0.001" /><testcase classname="tests.test_rbac_gate_contract" name="test_every_declared_exception_carries_a_reason" time="0.000" /><testcase classname="tests.test_rbac_gate_contract" name="test_no_new_endpoint_ships_without_a_section_gate" time="0.018" /><testcase classname="tests.test_rbac_gate_contract" name="test_no_role_list_escapes_the_register" time="0.015" /><testcase classname="tests.test_refactor_regression" name="test_mufti_xlsx_maps_with_populated_prices" time="0.000"><skipped type="pytest.skip" message="live-API suites write to the target DB (masters, documents, append-only ledger/GL posts — none deletable via the API) and https://promo-engine-core.preview.emergentagent.com is not localhost; refusing to mutate a shared/remote deployment. Point REACT_APP_BACKEND_URL at a disposable instance, or set KDPS_TEST_ALLOW_REMOTE=1 to override deliberately.">/app/app/backend/tests/test_refactor_regression.py:87: live-API suites write to the target DB (masters, documents, append-only ledger/GL posts — none deletable via the API) and https://promo-engine-core.preview.emergentagent.com is not localhost; refusing to mutate a shared/remote deployment. Point REACT_APP_BACKEND_URL at a disposable instance, or set KDPS_TEST_ALLOW_REMOTE=1 to override deliberately.</skipped></testcase><testcase classname="tests.test_refactor_regression" name="test_jockey852_xls_maps_jockey_sap_archetype_d" time="0.000"><skipped type="pytest.skip" message="live-API suites write to the target DB (masters, documents, append-only ledger/GL posts — none deletable via the API) and https://promo-engine-core.preview.emergentagent.com is not localhost; refusing to mutate a shared/remote deployment. Point REACT_APP_BACKEND_URL at a disposable instance, or set KDPS_TEST_ALLOW_REMOTE=1 to override deliberately.">/app/app/backend/tests/test_refactor_regression.py:118: live-API suites write to the target DB (masters, documents, append-only ledger/GL posts — none deletable via the API) and https://promo-engine-core.preview.emergentagent.com is not localhost; refusing to mutate a shared/remote deployment. Point REACT_APP_BACKEND_URL at a disposable instance, or set KDPS_TEST_ALLOW_REMOTE=1 to override deliberately.</skipped></testcase><testcase classname="tests.test_refactor_regression" name="test_grn_create_direct_receipt" time="0.000"><skipped type="pytest.skip" message="live-API suites write to the target DB (masters, documents, append-only ledger/GL posts — none deletable via the API) and https://promo-engine-core.preview.emergentagent.com is not localhost; refusing to mutate a shared/remote deployment. Point REACT_APP_BACKEND_URL at a disposable instance, or set KDPS_TEST_ALLOW_REMOTE=1 to override deliberately.">/app/app/backend/tests/test_refactor_regression.py:136: live-API suites write to the target DB (masters, documents, append-only ledger/GL posts — none deletable via the API) and https://promo-engine-core.preview.emergentagent.com is not localhost; refusing to mutate a shared/remote deployment. Point REACT_APP_BACKEND_URL at a disposable instance, or set KDPS_TEST_ALLOW_REMOTE=1 to override deliberately.</skipped></testcase><testcase classname="tests.test_refactor_regression" name="test_grn_create_against_booking_updates_progress" time="0.000"><skipped type="pytest.skip" message="live-API suites write to the target DB (masters, documents, append-only ledger/GL posts — none deletable via the API) and https://promo-engine-core.preview.emergentagent.com is not localhost; refusing to mutate a shared/remote deployment. Point REACT_APP_BACKEND_URL at a disposable instance, or set KDPS_TEST_ALLOW_REMOTE=1 to override deliberately.">/app/app/backend/tests/test_refactor_regression.py:173: live-API suites write to the target DB (masters, documents, append-only ledger/GL posts — none deletable via the API) and https://promo-engine-core.preview.emergentagent.com is not localhost; refusing to mutate a shared/remote deployment. Point REACT_APP_BACKEND_URL at a disposable instance, or set KDPS_TEST_ALLOW_REMOTE=1 to override deliberately.</skipped></testcase><testcase classname="tests.test_refactor_regression" name="test_grn_list_scope_fail_closed" time="0.000"><skipped type="pytest.skip" message="live-API suites write to the target DB (masters, documents, append-only ledger/GL posts — none deletable via the API) and https://promo-engine-core.preview.emergentagent.com is not localhost; refusing to mutate a shared/remote deployment. Point REACT_APP_BACKEND_URL at a disposable instance, or set KDPS_TEST_ALLOW_REMOTE=1 to override deliberately.">/app/app/backend/tests/test_refactor_regression.py:220: live-API suites write to the target DB (masters, documents, append-only ledger/GL posts — none deletable via the API) and https://promo-engine-core.preview.emergentagent.com is not localhost; refusing to mutate a shared/remote deployment. Point REACT_APP_BACKEND_URL at a disposable instance, or set KDPS_TEST_ALLOW_REMOTE=1 to override deliberately.</skipped></testcase><testcase classname="tests.test_refactor_regression" name="test_review_queue_reachable" time="0.000"><skipped type="pytest.skip" message="live-API suites write to the target DB (masters, documents, append-only ledger/GL posts — none deletable via the API) and https://promo-engine-core.preview.emergentagent.com is not localhost; refusing to mutate a shared/remote deployment. Point REACT_APP_BACKEND_URL at a disposable instance, or set KDPS_TEST_ALLOW_REMOTE=1 to override deliberately.">/app/app/backend/tests/test_refactor_regression.py:237: live-API suites write to the target DB (masters, documents, append-only ledger/GL posts — none deletable via the API) and https://promo-engine-core.preview.emergentagent.com is not localhost; refusing to mutate a shared/remote deployment. Point REACT_APP_BACKEND_URL at a disposable instance, or set KDPS_TEST_ALLOW_REMOTE=1 to override deliberately.</skipped></testcase><testcase classname="tests.test_sidebar_rbac_contract" name="test_the_client_copy_of_the_table_is_current" time="0.001" /><testcase classname="tests.test_sidebar_rbac_contract" name="test_overrides_cannot_contradict_the_sheet" time="2.738" /></testsuite></testsuites>