<?xml version="1.0" encoding="utf-8"?><testsuites name="pytest tests"><testsuite name="pytest" errors="0" failures="0" skipped="0" tests="8" time="6.126" timestamp="2026-06-29T03:21:37.038140+05:30" hostname="agent-env-4b8b7147-0049-4f71-96a9-79a6148bf07c"><testcase classname="tests.test_iteration9_rbac_vendor_inbound" name="test_vendor_ageing_shape" time="0.591" /><testcase classname="tests.test_iteration9_rbac_vendor_inbound" name="test_rbac_lists_access_control" time="0.999" /><testcase classname="tests.test_iteration9_rbac_vendor_inbound" name="test_rbac_create_and_edit_role_and_user" time="1.023" /><testcase classname="tests.test_iteration9_rbac_vendor_inbound" name="test_store_scope_requires_store_ids" time="0.105" /><testcase classname="tests.test_iteration9_rbac_vendor_inbound" name="test_inbound_list_owner_and_store_user" time="0.585" /><testcase classname="tests.test_iteration9_rbac_vendor_inbound" name="test_inbound_direct_grn_create_and_detail_for_store_user" time="0.326" /><testcase classname="tests.test_iteration9_rbac_vendor_inbound" name="test_login_bruteforce_lockout_after_five_failures" time="1.788" /><testcase classname="tests.test_iteration9_rbac_vendor_inbound" name="test_login_cookie_and_cors_headers" time="0.651" /></testsuite></testsuites>