<?xml version="1.0" encoding="utf-8"?><testsuites name="pytest tests"><testsuite name="pytest" errors="0" failures="0" skipped="1" tests="8" time="3.207" timestamp="2026-06-30T02:47:26.733540+05:30" hostname="agent-env-a454d9ca-ed90-4c5f-8cc3-b53bd413cc4a"><testcase classname="tests.test_iteration15_phase_f_p1.TestBooksHealth" name="test_owner_sees_balanced_books" time="0.833" /><testcase classname="tests.test_iteration15_phase_f_p1.TestBooksHealth" name="test_warehouse_is_forbidden" time="0.448" /><testcase classname="tests.test_iteration15_phase_f_p1.TestStockOnHand" name="test_owner_summary_keys_present" time="0.131" /><testcase classname="tests.test_iteration15_phase_f_p1.TestMastersSteward" name="test_steward_creates_and_patches_store" time="0.828" /><testcase classname="tests.test_iteration15_phase_f_p1.TestMastersSteward" name="test_cashier_cannot_create_store" time="0.573" /><testcase classname="tests.test_iteration15_phase_f_p1.TestMastersSteward" name="test_steward_creates_brand" time="0.110" /><testcase classname="tests.test_iteration15_phase_f_p1.TestMastersSteward" name="test_steward_creates_season" time="0.107" /><testcase classname="tests.test_iteration15_phase_f_p1.TestMastersSteward" name="test_steward_creates_gstin" time="0.110"><skipped type="pytest.skip" message="gstin creation rejected by validation (expected for non-checksum value): {&quot;state_name&quot;:[&quot;This field is required.&quot;],&quot;legal_entity&quot;:[&quot;This field is required.&quot;]}">/app/backend/tests/test_iteration15_phase_f_p1.py:186: gstin creation rejected by validation (expected for non-checksum value): {"state_name":["This field is required."],"legal_entity":["This field is required."]}</skipped></testcase></testsuite></testsuites>