<?xml version="1.0" encoding="utf-8"?><testsuites name="pytest tests"><testsuite name="pytest" errors="0" failures="1" skipped="0" tests="18" time="6.504" timestamp="2026-07-27T00:17:05.015499+05:30" hostname="agent-env-186fddb1-3c27-4262-9784-baaf87561b15"><testcase classname="tests.test_iteration23_review.TestDashboardData" name="test_vendor_ageing_shape" time="2.416" /><testcase classname="tests.test_iteration23_review.TestDashboardData" name="test_stock_on_hand" time="0.108" /><testcase classname="tests.test_iteration23_review.TestDashboardData" name="test_approvals_inbox" time="0.113" /><testcase classname="tests.test_iteration23_review.TestDashboardData" name="test_inbound_pending" time="0.105" /><testcase classname="tests.test_iteration23_review.TestDashboardData" name="test_vendor_ageing_forbidden_for_store" time="0.093" /><testcase classname="tests.test_iteration23_review.TestVendorMasterRBAC" name="test_get_vendors_authenticated_cashier" time="0.119" /><testcase classname="tests.test_iteration23_review.TestVendorMasterRBAC" name="test_get_vendors_owner" time="0.093" /><testcase classname="tests.test_iteration23_review.TestVendorMasterRBAC" name="test_post_vendor_cashier_forbidden" time="0.089" /><testcase classname="tests.test_iteration23_review.TestVendorMasterRBAC" name="test_post_vendor_ops_forbidden" time="0.092" /><testcase classname="tests.test_iteration23_review.TestVendorMasterRBAC" name="test_post_vendor_steward_allowed" time="0.309" /><testcase classname="tests.test_iteration23_review.TestVendorMasterRBAC" name="test_post_vendor_owner_allowed" time="0.096" /><testcase classname="tests.test_iteration23_review.TestBookingClose" name="test_close_empty_reason_400" time="0.469" /><testcase classname="tests.test_iteration23_review.TestBookingClose" name="test_close_ops_forbidden" time="0.475" /><testcase classname="tests.test_iteration23_review.TestBookingClose" name="test_close_brand_forbidden" time="0.470" /><testcase classname="tests.test_iteration23_review.TestBookingClose" name="test_close_owner_ok_then_double_close_409" time="0.594" /><testcase classname="tests.test_iteration23_review.TestBookingClose" name="test_receive_against_closed_409" time="0.586"><failure message="AssertionError: receive against closed booking: 400 {&quot;detail&quot;:&quot;store_id is required.&quot;}&#10;assert 400 == 409&#10; +  where 400 = &lt;Response [400]&gt;.status_code">backend/tests/test_iteration23_review.py:171: in test_receive_against_closed_409
    assert r.status_code == 409, f"receive against closed booking: {r.status_code} {r.text[:300]}"
E   AssertionError: receive against closed booking: 400 {"detail":"store_id is required."}
E   assert 400 == 409
E    +  where 400 = &lt;Response [400]&gt;.status_code</failure></testcase><testcase classname="tests.test_iteration23_review.TestRegression" name="test_masters_summary" time="0.103" /><testcase classname="tests.test_iteration23_review.TestRegression" name="test_inbound_queue_owner" time="0.101" /></testsuite></testsuites>