<?xml version="1.0" encoding="utf-8"?><testsuites name="pytest tests"><testsuite name="pytest" errors="0" failures="0" skipped="0" tests="8" time="7.817" timestamp="2026-06-29T03:35:04.458484+05:30" hostname="agent-env-4b8b7147-0049-4f71-96a9-79a6148bf07c"><testcase classname="tests.test_iteration12_deployment_readiness" name="test_health_endpoint_ok_shape" time="0.511" /><testcase classname="tests.test_iteration12_deployment_readiness" name="test_login_owner_success_and_cookie_present" time="0.414" /><testcase classname="tests.test_iteration12_deployment_readiness" name="test_cookie_only_auth_me_works_after_login" time="0.394" /><testcase classname="tests.test_iteration12_deployment_readiness" name="test_core_authenticated_dashboard_feed_loads" time="0.441" /><testcase classname="tests.test_iteration12_deployment_readiness" name="test_bruteforce_lockout_after_five_failed_logins" time="1.879" /><testcase classname="tests.test_iteration12_deployment_readiness" name="test_password_hash_contains_bcrypt_2b_prefix_for_owner_record" time="0.376" /><testcase classname="tests.test_iteration12_deployment_readiness" name="test_seed_admin_updates_existing_admin_password_if_changed" time="3.737" /><testcase classname="tests.test_iteration12_deployment_readiness" name="test_cors_preflight_allows_credentials_and_explicit_origin" time="0.004" /></testsuite></testsuites>