<?xml version="1.0" encoding="utf-8"?><testsuites name="pytest tests"><testsuite name="pytest" errors="0" failures="0" skipped="0" tests="8" time="10.830" timestamp="2026-06-29T03:03:16.898875+05:30" hostname="agent-env-4b8b7147-0049-4f71-96a9-79a6148bf07c"><testcase classname="tests.test_iteration10_auth_cookie_retest" name="test_login_returns_json_tokens_and_sets_http_only_cookies" time="0.848" /><testcase classname="tests.test_iteration10_auth_cookie_retest" name="test_auth_me_works_with_cookie_only_without_authorization_header" time="0.391" /><testcase classname="tests.test_iteration10_auth_cookie_retest" name="test_refresh_from_cookie_sets_access_cookie_and_keeps_json_compatibility" time="0.397" /><testcase classname="tests.test_iteration10_auth_cookie_retest" name="test_logout_clears_auth_cookies" time="0.393" /><testcase classname="tests.test_iteration10_auth_cookie_retest" name="test_bruteforce_lockout_after_five_failures_still_active" time="1.792" /><testcase classname="tests.test_iteration10_auth_cookie_retest" name="test_internal_django_cors_allows_explicit_origin_and_credentials" time="0.003" /><testcase classname="tests.test_iteration10_auth_cookie_retest" name="test_seed_admin_exists_is_idempotent_and_owner_password_is_bcrypt_sha256" time="6.339" /><testcase classname="tests.test_iteration10_auth_cookie_retest" name="test_regression_vendor_users_inbound_routes_still_load_via_api" time="0.565" /></testsuite></testsuites>