<?xml version="1.0" encoding="utf-8"?><testsuites name="pytest tests"><testsuite name="pytest" errors="0" failures="0" skipped="95" tests="391" time="24.389" timestamp="2026-07-06T03:23:33.511442+05:30" hostname="agent-env-4c10e8e1-fe18-4e8a-8352-e8bb6b40148e"><testcase classname="core.tests.test_document_fsm" name="test_a_new_document_starts_in_draft_with_no_number" time="2.296" /><testcase classname="core.tests.test_document_fsm" name="test_post_moves_draft_to_submitted_and_mints_a_number" time="0.006" /><testcase classname="core.tests.test_document_fsm" name="test_a_posted_document_cannot_be_reposted" time="0.006" /><testcase classname="core.tests.test_document_fsm" name="test_a_posted_document_cannot_be_edited" time="0.006" /><testcase classname="core.tests.test_document_fsm" name="test_a_draft_is_freely_editable" time="0.004" /><testcase classname="core.tests.test_document_fsm" name="test_cancel_is_a_reversing_transition_never_a_delete" time="0.006" /><testcase classname="core.tests.test_document_fsm" name="test_a_draft_cannot_be_cancelled" time="0.003" /><testcase classname="core.tests.test_document_fsm" name="test_a_cancelled_document_is_frozen" time="0.005" /><testcase classname="core.tests.test_document_fsm" name="test_a_posted_document_cannot_be_deleted" time="0.006" /><testcase classname="core.tests.test_document_fsm" name="test_an_unposted_draft_may_be_discarded" time="0.003" /><testcase classname="core.tests.test_document_fsm" name="test_db_trigger_forbids_raw_repost_even_for_superuser" time="0.005" /><testcase classname="core.tests.test_document_fsm" name="test_db_trigger_forbids_raw_delete_of_submitted" time="0.005" /><testcase classname="core.tests.test_document_fsm" name="test_cannot_insert_a_submitted_row_without_a_number" time="0.003" /><testcase classname="core.tests.test_document_fsm" name="test_cannot_insert_a_non_draft_row_even_with_a_number" time="0.003" /><testcase classname="core.tests.test_document_fsm" name="test_cannot_insert_an_out_of_domain_docstatus" time="0.003" /><testcase classname="core.tests.test_document_fsm" name="test_cannot_queryset_update_a_numberless_draft_to_submitted" time="0.004" /><testcase classname="core.tests.test_document_fsm" name="test_raw_cancel_that_tampers_another_column_is_rejected" time="0.005" /><testcase classname="core.tests.test_document_fsm" name="test_raw_status_only_cancel_is_allowed" time="0.005" /><testcase classname="core.tests.test_document_fsm" name="test_post_uses_committed_scope_not_a_stale_in_memory_value" time="0.005" /><testcase classname="core.tests.test_document_idempotency" name="test_retry_with_same_uuid_returns_the_same_document" time="0.004" /><testcase classname="core.tests.test_document_idempotency" name="test_distinct_uuids_make_distinct_documents" time="0.004" /><testcase classname="core.tests.test_document_idempotency" name="test_every_document_gets_a_uuid_by_default" time="0.002" /><testcase classname="core.tests.test_document_idempotency" name="test_a_duplicate_uuid_is_refused_at_the_db" time="0.003" /><testcase classname="core.tests.test_gl_post_entries" name="test_balanced_posting_writes_all_legs_and_ties_to_zero" time="0.007" /><testcase classname="core.tests.test_gl_post_entries" name="test_unbalanced_posting_raises_and_writes_nothing" time="0.003" /><testcase classname="core.tests.test_gl_post_entries" name="test_a_single_leg_is_rejected" time="0.003" /><testcase classname="core.tests.test_gl_post_entries" name="test_a_multi_leg_posting_with_gst_ties" time="0.003" /><testcase classname="core.tests.test_gl_post_entries" name="test_a_doc_without_a_number_cannot_post" time="0.002" /><testcase classname="core.tests.test_gl_post_entries" name="test_dimensions_are_snapshotted_onto_each_leg" time="0.002" /><testcase classname="core.tests.test_gl_post_entries" name="test_gl_is_append_only_raw_update_forbidden_even_for_superuser" time="0.004" /><testcase classname="core.tests.test_gl_post_entries" name="test_truncate_is_forbidden_by_the_db_trigger" time="0.065" /><testcase classname="core.tests.test_ledger_append_only" name="test_raw_update_is_forbidden_even_for_superuser" time="0.003" /><testcase classname="core.tests.test_ledger_append_only" name="test_raw_delete_is_forbidden_even_for_superuser" time="0.003" /><testcase classname="core.tests.test_ledger_append_only" name="test_raw_insert_still_succeeds" time="0.002" /><testcase classname="core.tests.test_ledger_append_only" name="test_orm_save_on_persisted_row_raises" time="0.003" /><testcase classname="core.tests.test_ledger_append_only" name="test_orm_delete_raises" time="0.002" /><testcase classname="core.tests.test_ledger_reversal" name="test_reversal_nets_to_zero" time="0.004" /><testcase classname="core.tests.test_money" name="test_paise_round_trips_with_no_float_drift[1]" time="0.003" /><testcase classname="core.tests.test_money" name="test_paise_round_trips_with_no_float_drift[999]" time="0.003" /><testcase classname="core.tests.test_money" name="test_paise_round_trips_with_no_float_drift[285000000_0]" time="0.003" /><testcase classname="core.tests.test_money" name="test_paise_round_trips_with_no_float_drift[285000000_1]" time="0.003" /><testcase classname="core.tests.test_money" name="test_paise_round_trips_with_no_float_drift[9999999999]" time="0.004" /><testcase classname="core.tests.test_money" name="test_paise_round_trips_with_no_float_drift[-150]" time="0.003" /><testcase classname="core.tests.test_money" name="test_direct_model_write_rejects_non_int_paise[1.9]" time="0.001" /><testcase classname="core.tests.test_money" name="test_direct_model_write_rejects_non_int_paise[100.5]" time="0.001" /><testcase classname="core.tests.test_money" name="test_direct_model_write_rejects_non_int_paise[bad2]" time="0.001" /><testcase classname="core.tests.test_money" name="test_direct_model_write_rejects_non_int_paise[bad3]" time="0.001" /><testcase classname="core.tests.test_money" name="test_direct_model_write_rejects_non_int_paise[True]" time="0.001" /><testcase classname="core.tests.test_money" name="test_direct_model_write_rejects_non_int_paise[False]" time="0.001" /><testcase classname="core.tests.test_money" name="test_direct_model_write_rejects_non_int_paise[100]" time="0.001" /><testcase classname="core.tests.test_smoke" name="test_database_is_postgresql" time="0.001" /><testcase classname="core.tests.test_voucher_series" name="test_render_matches_the_canonical_tally_key" time="0.002" /><testcase classname="core.tests.test_voucher_series" name="test_render_carries_doc_type_so_the_key_is_globally_unique" time="0.002" /><testcase classname="core.tests.test_voucher_series" name="test_prefix_and_suffix_are_data_not_code" time="0.001" /><testcase classname="core.tests.test_voucher_series" name="test_sequential_posts_are_gap_free" time="0.010" /><testcase classname="core.tests.test_voucher_series" name="test_two_doc_types_in_one_fy_store_post_with_distinct_numbers" time="0.005" /><testcase classname="core.tests.test_voucher_series" name="test_a_rolled_back_post_does_not_burn_a_number" time="0.005" /><testcase classname="core.tests.test_voucher_series" name="test_a_stale_config_save_cannot_rewind_the_counter" time="0.006" /><testcase classname="core.tests.test_voucher_series" name="test_a_long_but_valid_series_posts_without_overflow" time="0.004" /><testcase classname="core.tests.test_voucher_series" name="test_raw_sql_cannot_rewind_the_counter" time="0.004" /><testcase classname="core.tests.test_voucher_series" name="test_queryset_update_cannot_set_an_arbitrary_next_seq" time="0.005" /><testcase classname="core.tests.test_voucher_series" name="test_series_scope_is_frozen_once_numbering_starts" time="0.004" /><testcase classname="core.tests.test_voucher_series" name="test_series_scope_is_editable_while_unused" time="0.003" /><testcase classname="tests.test_accounts_scope_default" name="test_new_user_defaults_to_narrowest_scope" time="0.002" /><testcase classname="tests.test_accounts_scope_default" name="test_superuser_is_still_explicitly_all" time="0.225" /><testcase classname="tests.test_files_upload_cap" name="test_oversized_upload_is_rejected" time="0.001" /><testcase classname="tests.test_files_upload_cap" name="test_small_upload_is_stored" time="0.003" /><testcase classname="tests.test_finledger_f1_gl_unification" name="test_manual_bill_posts_balanced_payable_and_reconciles" time="0.009" /><testcase classname="tests.test_finledger_f1_gl_unification" name="test_payment_clears_payable_against_cash_and_reconciles" time="0.011" /><testcase classname="tests.test_finledger_f1_gl_unification" name="test_payment_without_cash_leg_uses_suspense" time="0.009" /><testcase classname="tests.test_finledger_f1_gl_unification" name="test_standalone_cash_movement_reconciles" time="0.010" /><testcase classname="tests.test_finledger_f1_gl_unification" name="test_reversal_mirrors_gl_and_keeps_books_tied" time="0.020" /><testcase classname="tests.test_finledger_f1_gl_unification" name="test_pt_auto_bill_does_not_double_book_the_payable" time="0.007" /><testcase classname="tests.test_finledger_reversal" name="test_vendor_bill_reverses_once_then_refuses_a_second" time="0.011" /><testcase classname="tests.test_finledger_reversal" name="test_a_reversal_cannot_itself_be_reversed" time="0.010" /><testcase classname="tests.test_inbound_pt_authoring" name="test_brand_pt_links_to_grn_at_upload" time="0.309" /><testcase classname="tests.test_inbound_pt_authoring" name="test_brand_pt_link_conflicts_with_a_live_pt" time="0.269" /><testcase classname="tests.test_inbound_pt_authoring" name="test_brand_pt_upload_without_grn_still_works" time="0.257" /><testcase classname="tests.test_inbound_pt_authoring" name="test_brand_pt_link_to_missing_grn_is_404" time="0.248" /><testcase classname="tests.test_inbound_pt_authoring" name="test_from_grn_seeds_rows_from_counted_lines" time="0.265" /><testcase classname="tests.test_inbound_pt_authoring" name="test_from_grn_is_one_live_pt_per_grn" time="0.264" /><testcase classname="tests.test_inbound_pt_authoring" name="test_from_grn_role_gate" time="0.249" /><testcase classname="tests.test_inbound_pt_authoring" name="test_authored_file_cannot_be_rerun" time="0.265" /><testcase classname="tests.test_inbound_pt_authoring" name="test_invoice_prefill_fills_blank_money_cells_only" time="0.262" /><testcase classname="tests.test_inbound_pt_authoring" name="test_invoice_prefill_failure_never_blocks_authoring" time="0.259" /><testcase classname="tests.test_inbound_pt_authoring" name="test_send_blocks_until_barcode_and_season" time="0.268" /><testcase classname="tests.test_inbound_pt_authoring" name="test_brand_file_send_is_unaffected_by_the_gate" time="0.248" /><testcase classname="tests.test_inbound_pt_authoring" name="test_queue_lists_arrivals_and_clears_on_pt" time="0.276" /><testcase classname="tests.test_inbound_pt_authoring" name="test_queue_is_a_warehouse_ho_screen" time="0.245" /><testcase classname="tests.test_inbound_pt_authoring" name="test_grn_status_walks_the_d2_lifecycle" time="0.582" /><testcase classname="tests.test_inbound_pt_authoring" name="test_kind_roundtrips_on_create_and_read" time="0.249" /><testcase classname="tests.test_inbound_pt_authoring" name="test_kind_defaults_to_branded_when_omitted" time="0.246" /><testcase classname="tests.test_inbound_pt_authoring" name="test_non_branded_create_rejected_at_non_warehouse" time="0.237" /><testcase classname="tests.test_inbound_pt_authoring" name="test_non_branded_create_allowed_at_any_warehouse" time="0.245" /><testcase classname="tests.test_inbound_pt_authoring" name="test_grn_list_filters_by_kind" time="0.268" /><testcase classname="tests.test_inbound_pt_authoring" name="test_awaiting_pt_queue_excludes_branded" time="0.273" /><testcase classname="tests.test_inbound_pt_authoring" name="test_backfill_keys_off_is_direct_not_booking" time="0.012" /><testcase classname="tests.test_location_aware_posting" name="test_branded_pt_posts_at_store_gstin_and_series" time="0.021" /><testcase classname="tests.test_location_aware_posting" name="test_non_branded_pt_posts_at_second_warehouse" time="0.020" /><testcase classname="tests.test_location_aware_posting" name="test_grnless_upload_still_posts_at_ran_wh" time="0.017" /><testcase classname="tests.test_location_aware_posting" name="test_reversal_mirrors_original_store_gstin_and_series" time="0.036" /><testcase classname="tests.test_location_aware_posting" name="test_from_grn_allowed_at_a_second_warehouse" time="0.249" /><testcase classname="tests.test_location_aware_posting" name="test_from_grn_blocked_at_a_store" time="0.243" /><testcase classname="tests.test_masters_sku_lookup" name="test_lookup_by_design_size_brand" time="0.234" /><testcase classname="tests.test_masters_sku_lookup" name="test_lookup_by_design_alone_returns_all_sizes" time="0.234" /><testcase classname="tests.test_masters_sku_lookup" name="test_lookup_requires_design_or_barcode" time="0.235" /><testcase classname="tests.test_multistore_booking" name="test_line_store_persists_and_inherits_default_for_display" time="0.010" /><testcase classname="tests.test_multistore_booking" name="test_scope_sees_booking_when_any_line_lands_at_their_store" time="0.006" /><testcase classname="tests.test_multistore_booking" name="test_pending_query_filter_matches_touching_bookings_only" time="0.006" /><testcase classname="tests.test_multistore_booking" name="test_warehouse_bound_lines_are_invisible_to_store_scope" time="0.005" /><testcase classname="tests.test_multistore_booking" name="test_direct_receipt_without_booking_is_not_blocked_here" time="0.002" /><testcase classname="tests.test_phase_e_commercial_model" name="test_owned_brand_raises_payable_with_balanced_inventory_gl" time="0.018" /><testcase classname="tests.test_phase_e_commercial_model" name="test_brand_owned_sor_raises_no_payable_and_posts_off_book" time="0.016" /><testcase classname="tests.test_phase_e_commercial_model" name="test_stock_is_valued_at_p_rate_not_basic" time="0.022" /><testcase classname="tests.test_phase_e_commercial_model" name="test_p_rate_above_mrp_blocks_the_post" time="0.010" /><testcase classname="tests.test_phase_e_commercial_model" name="test_reversal_unwinds_stock_payable_and_value_gl" time="0.032" /><testcase classname="tests.test_phase_e_commercial_model" name="test_stock_on_hand_projection_reflects_inward" time="0.017" /><testcase classname="tests.test_phase_f_identity_scale" name="test_moneyfield_rejects_float_on_paise_column" time="0.003" /><testcase classname="tests.test_phase_f_identity_scale" name="test_post_registers_sku_and_cohort_with_locked_cost" time="0.017" /><testcase classname="tests.test_phase_f_identity_scale" name="test_cohort_db_check_blocks_cost_over_mrp" time="0.004" /><testcase classname="tests.test_phase_f_identity_scale" name="test_stock_on_hand_materialises_and_zeroes_on_reversal" time="0.034" /><testcase classname="tests.test_phase_f_identity_scale" name="test_pt_reader_flags_row_cap_truncation" time="0.003" /><testcase classname="tests.test_phase_f_identity_scale" name="test_pt_reader_not_truncated_for_small_file" time="0.003" /><testcase classname="tests.test_phase_f_identity_scale" name="test_books_health_reports_balanced_books_after_post" time="0.029" /><testcase classname="tests.test_phase_f_identity_scale" name="test_books_health_is_finance_gated" time="0.012" /><testcase classname="tests.test_phase_f_identity_scale" name="test_master_steward_can_create_store_others_cannot" time="0.025" /><testcase classname="tests.test_ptmapper_brand_scope" name="test_brand_row_beats_conflicting_global_row" time="0.006" /><testcase classname="tests.test_ptmapper_brand_scope" name="test_brand_row_never_fires_for_another_brand" time="0.006" /><testcase classname="tests.test_ptmapper_brand_scope" name="test_global_resolves_when_no_brand_row" time="0.005" /><testcase classname="tests.test_ptmapper_brand_scope" name="test_coded_fit_prefers_brand_scoped_alias" time="0.006" /><testcase classname="tests.test_ptmapper_brand_scope" name="test_map_record_scopes_color_to_the_rows_brand" time="0.005" /><testcase classname="tests.test_ptmapper_brand_scope" name="test_seed_and_review_share_one_global_row" time="0.246" /><testcase classname="tests.test_ptmapper_brand_scope" name="test_resolved_item_reopens_for_another_brands_fresh_miss" time="0.005" /><testcase classname="tests.test_ptmapper_brand_scope" name="test_ignored_item_stays_ignored_across_remaps" time="0.005" /><testcase classname="tests.test_ptmapper_corrections" name="test_one_event_per_changed_cell_captures_full_before_after" time="0.244" /><testcase classname="tests.test_ptmapper_corrections" name="test_provenance_before_records_prior_source" time="0.244" /><testcase classname="tests.test_ptmapper_corrections" name="test_same_value_save_records_no_event" time="0.246" /><testcase classname="tests.test_ptmapper_corrections" name="test_bulk_fill_makes_one_event_per_changed_row_with_scope_kind" time="0.244" /><testcase classname="tests.test_ptmapper_corrections" name="test_fill_match_raw_scope_kind_and_only_matching_rows" time="0.246" /><testcase classname="tests.test_ptmapper_corrections" name="test_rejected_patch_writes_zero_events" time="0.239" /><testcase classname="tests.test_ptmapper_corrections" name="test_rerun_keeps_events_after_rows_die" time="0.261" /><testcase classname="tests.test_ptmapper_corrections" name="test_correction_event_is_append_only" time="0.002" /><testcase classname="tests.test_ptmapper_corrections" name="test_row_detail_exposes_raw" time="0.240" /><testcase classname="tests.test_ptmapper_editing" name="test_patch_rejects_non_master_value_with_per_cell_errors" time="0.243" /><testcase classname="tests.test_ptmapper_editing" name="test_patch_accepts_master_values_and_marks_manual" time="0.245" /><testcase classname="tests.test_ptmapper_editing" name="test_patch_allows_blanking_a_controlled_cell" time="0.247" /><testcase classname="tests.test_ptmapper_editing" name="test_patch_recomputes_nag_and_margin" time="0.247" /><testcase classname="tests.test_ptmapper_editing" name="test_bulk_fill_blank_scope_only_touches_blank_cells" time="0.293" /><testcase classname="tests.test_ptmapper_editing" name="test_bulk_fill_all_scope_overwrites_every_row" time="0.247" /><testcase classname="tests.test_ptmapper_editing" name="test_bulk_fill_match_raw_scope_targets_rows_by_source_value" time="0.249" /><testcase classname="tests.test_ptmapper_editing" name="test_bulk_fill_rejects_non_master_value" time="0.239" /><testcase classname="tests.test_ptmapper_editing" name="test_controlled_no_param_returns_all_dimensions_and_taxonomy" time="0.240" /><testcase classname="tests.test_ptmapper_editing" name="test_controlled_single_dimension_form_unchanged" time="0.236" /><testcase classname="tests.test_ptmapper_editing" name="test_brand_gender_is_the_last_gender_fallback" time="0.007" /><testcase classname="tests.test_ptmapper_editing" name="test_coded_fit_type_resolves_via_token" time="0.007" /><testcase classname="tests.test_ptmapper_editing" name="test_upload_context_fills_brand_and_season_for_bare_files" time="0.009" /><testcase classname="tests.test_ptmapper_editing" name="test_without_context_bare_file_maps_no_brand" time="0.008" /><testcase classname="tests.test_ptmapper_editing" name="test_upload_rejects_unknown_context_brand" time="0.290" /><testcase classname="tests.test_ptmapper_editing" name="test_upload_context_is_stored_canonically_and_applied" time="0.247" /><testcase classname="tests.test_ptmapper_learning" name="test_review_resolution_promotes_and_records_actor" time="0.243" /><testcase classname="tests.test_ptmapper_learning" name="test_review_resolution_multi_brand_defaults_global" time="0.246" /><testcase classname="tests.test_ptmapper_learning" name="test_remember_on_mapping_file_stays_proposed_until_sent" time="0.256" /><testcase classname="tests.test_ptmapper_learning" name="test_rule_seeds_from_raw_not_the_displayed_value" time="0.245" /><testcase classname="tests.test_ptmapper_learning" name="test_remember_on_already_sent_file_promotes_immediately" time="0.249" /><testcase classname="tests.test_ptmapper_learning" name="test_remember_dedupes_open_proposals" time="0.253" /><testcase classname="tests.test_ptmapper_learning" name="test_remember_rawless_or_uncontrolled_is_a_clean_error" time="0.240" /><testcase classname="tests.test_ptmapper_learning" name="test_approve_is_idempotent_and_role_gated" time="0.474" /><testcase classname="tests.test_ptmapper_learning" name="test_reject_writes_no_lookup" time="0.239" /><testcase classname="tests.test_ptmapper_learning" name="test_proposals_list_filters_by_status" time="0.239" /><testcase classname="tests.test_ptmapper_learning" name="test_shadow_check_ignores_another_brands_sent_manual_cell" time="0.007" /><testcase classname="tests.test_ptmapper_learning" name="test_shadow_check_blocks_the_same_brands_sent_manual_cell" time="0.007" /><testcase classname="tests.test_ptmapper_learning" name="test_shadow_check_global_proposal_still_sees_every_manual_cell" time="0.006" /><testcase classname="tests.test_ptmapper_mining" name="test_brand_scoped_needs_three_across_two_files" time="0.013" /><testcase classname="tests.test_ptmapper_mining" name="test_single_file_repetition_never_proposes" time="0.007" /><testcase classname="tests.test_ptmapper_mining" name="test_conflicting_targets_never_propose" time="0.008" /><testcase classname="tests.test_ptmapper_mining" name="test_non_sent_files_never_feed_proposals" time="0.007" /><testcase classname="tests.test_ptmapper_mining" name="test_global_needs_two_agreeing_brands" time="0.012" /><testcase classname="tests.test_ptmapper_mining" name="test_single_brand_scopes_not_global" time="0.012" /><testcase classname="tests.test_ptmapper_mining" name="test_shadow_auto_rejects_a_manual_cell_flip" time="0.013" /><testcase classname="tests.test_ptmapper_mining" name="test_rerun_mints_no_duplicates" time="0.019" /><testcase classname="tests.test_ptmapper_mining" name="test_covered_pairs_are_skipped" time="0.008" /><testcase classname="tests.test_ptmapper_mining" name="test_learning_report_runs" time="0.007" /><testcase classname="tests.test_ptmapper_pricing" name="test_price_endpoint_fills_blank_mrp_rows_only" time="0.246" /><testcase classname="tests.test_ptmapper_pricing" name="test_price_override_is_band_validated" time="0.248" /><testcase classname="tests.test_ptmapper_pricing" name="test_price_is_source_gated" time="0.238" /><testcase classname="tests.test_ptmapper_pricing" name="test_price_needs_an_effective_slab" time="0.236" /><testcase classname="tests.test_ptmapper_rerun" name="test_rerun_preserves_manual_cells_and_keeps_the_flag" time="0.256" /><testcase classname="tests.test_ptmapper_rerun" name="test_discard_edits_resets_to_the_engine_mapping" time="0.256" /><testcase classname="tests.test_ptmapper_rerun" name="test_approved_rule_fills_blanks_without_touching_manual_cells" time="0.264" /><testcase classname="tests.test_ptmapper_rerun" name="test_repropagate_skips_sent_and_posted_files" time="0.244" /><testcase classname="tests.test_ptmapper_rerun" name="test_reapply_reports_a_cell_whose_row_vanished" time="0.004" /><testcase classname="tests.test_ptmapper_rerun" name="test_reapply_reopens_a_manually_cleared_controlled_cell" time="0.005" /><testcase classname="tests.test_ptmapper_scoping_race" name="test_scoped_user_cannot_link_pt_to_out_of_scope_grn" time="0.314" /><testcase classname="tests.test_ptmapper_scoping_race" name="test_scoped_user_can_link_pt_to_in_scope_grn" time="0.256" /><testcase classname="tests.test_ptmapper_scoping_race" name="test_unrestricted_user_can_link_any_grn" time="0.254" /><testcase classname="tests.test_ptmapper_scoping_race" name="test_duplicate_grn_link_does_not_store_orphaned_file" time="0.248" /><testcase classname="tests.test_ptmapper_scoping_race" name="test_pt_list_is_scoped_by_grn_store" time="0.250" /><testcase classname="tests.test_ptmapper_scoping_race" name="test_pt_list_unrestricted_sees_all" time="0.249" /><testcase classname="tests.test_ptmapper_scoping_race" name="test_second_live_pt_for_one_grn_is_rejected" time="0.009" /><testcase classname="tests.test_ptmapper_scoping_race" name="test_grn_less_uploads_are_exempt_from_the_constraint" time="0.003" /><testcase classname="tests.test_ptmapper_suggest" name="test_exact_lookup_outranks_fuzzy" time="0.237" /><testcase classname="tests.test_ptmapper_suggest" name="test_suggestions_are_master_values_only" time="0.235" /><testcase classname="tests.test_ptmapper_suggest" name="test_brand_lookup_beats_global_lookup" time="0.235" /><testcase classname="tests.test_ptmapper_suggest" name="test_suggest_is_side_effect_free" time="0.237" /><testcase classname="tests.test_ptmapper_suggest" name="test_blank_query_returns_nothing" time="0.233" /><testcase classname="core.tests.test_voucher_series" name="test_no_collisions_under_concurrent_inserts" time="0.600" /><testcase classname="core.tests.test_money" name="test_get_prep_value_rejects_non_int_paise[1.9]" time="0.001" /><testcase classname="core.tests.test_money" name="test_get_prep_value_rejects_non_int_paise[100.5]" time="0.001" /><testcase classname="core.tests.test_money" name="test_get_prep_value_rejects_non_int_paise[bad2]" time="0.001" /><testcase classname="core.tests.test_money" name="test_get_prep_value_rejects_non_int_paise[bad3]" time="0.001" /><testcase classname="core.tests.test_money" name="test_get_prep_value_rejects_non_int_paise[True]" time="0.001" /><testcase classname="core.tests.test_money" name="test_get_prep_value_rejects_non_int_paise[False]" time="0.001" /><testcase classname="core.tests.test_money" name="test_get_prep_value_rejects_non_int_paise[100]" time="0.001" /><testcase classname="core.tests.test_money" name="test_to_python_rejects_non_int_paise[1.9]" time="0.001" /><testcase classname="core.tests.test_money" name="test_to_python_rejects_non_int_paise[100.5]" time="0.001" /><testcase classname="core.tests.test_money" name="test_to_python_rejects_non_int_paise[bad2]" time="0.001" /><testcase classname="core.tests.test_money" name="test_to_python_rejects_non_int_paise[bad3]" time="0.001" /><testcase classname="core.tests.test_money" name="test_to_python_rejects_non_int_paise[True]" time="0.001" /><testcase classname="core.tests.test_money" name="test_to_python_rejects_non_int_paise[False]" time="0.001" /><testcase classname="core.tests.test_money" name="test_to_python_rejects_non_int_paise[100]" time="0.001" /><testcase classname="core.tests.test_money" name="test_money_field_passes_through_int_and_none" time="0.001" /><testcase classname="core.tests.test_money" name="test_rupees_to_paise_is_exact" time="0.001" /><testcase classname="core.tests.test_money" name="test_rupees_to_paise_rejects_float" time="0.001" /><testcase classname="core.tests.test_money" name="test_paise_to_rupees_str_round_trips" time="0.001" /><testcase classname="core.tests.test_smoke" name="test_arithmetic_smoke" time="0.000" /><testcase classname="tests.test_foundation" name="test_health" time="0.000"><skipped type="pytest.skip" message="live-API suites write to the target DB (masters, documents, append-only ledger/GL posts — none deletable via the API) and https://fabric-flow-mbo.preview.emergentagent.com is not localhost; refusing to mutate a shared/remote deployment. Point REACT_APP_BACKEND_URL at a disposable instance, or set KDPS_TEST_ALLOW_REMOTE=1 to override deliberately.">/app/app/backend/tests/test_foundation.py:42: live-API suites write to the target DB (masters, documents, append-only ledger/GL posts — none deletable via the API) and https://fabric-flow-mbo.preview.emergentagent.com is not localhost; refusing to mutate a shared/remote deployment. Point REACT_APP_BACKEND_URL at a disposable instance, or set KDPS_TEST_ALLOW_REMOTE=1 to override deliberately.</skipped></testcase><testcase classname="tests.test_foundation" name="test_login_owner_returns_tokens_and_profile" time="0.000"><skipped type="pytest.skip" message="live-API suites write to the target DB (masters, documents, append-only ledger/GL posts — none deletable via the API) and https://fabric-flow-mbo.preview.emergentagent.com is not localhost; refusing to mutate a shared/remote deployment. Point REACT_APP_BACKEND_URL at a disposable instance, or set KDPS_TEST_ALLOW_REMOTE=1 to override deliberately.">/app/app/backend/tests/test_foundation.py:56: live-API suites write to the target DB (masters, documents, append-only ledger/GL posts — none deletable via the API) and https://fabric-flow-mbo.preview.emergentagent.com is not localhost; refusing to mutate a shared/remote deployment. Point REACT_APP_BACKEND_URL at a disposable instance, or set KDPS_TEST_ALLOW_REMOTE=1 to override deliberately.</skipped></testcase><testcase classname="tests.test_foundation" name="test_login_invalid_credentials" time="0.000"><skipped type="pytest.skip" message="live-API suites write to the target DB (masters, documents, append-only ledger/GL posts — none deletable via the API) and https://fabric-flow-mbo.preview.emergentagent.com is not localhost; refusing to mutate a shared/remote deployment. Point REACT_APP_BACKEND_URL at a disposable instance, or set KDPS_TEST_ALLOW_REMOTE=1 to override deliberately.">/app/app/backend/tests/test_foundation.py:72: live-API suites write to the target DB (masters, documents, append-only ledger/GL posts — none deletable via the API) and https://fabric-flow-mbo.preview.emergentagent.com is not localhost; refusing to mutate a shared/remote deployment. Point REACT_APP_BACKEND_URL at a disposable instance, or set KDPS_TEST_ALLOW_REMOTE=1 to override deliberately.</skipped></testcase><testcase classname="tests.test_foundation" name="test_me_with_token" time="0.000"><skipped type="pytest.skip" message="live-API suites write to the target DB (masters, documents, append-only ledger/GL posts — none deletable via the API) and https://fabric-flow-mbo.preview.emergentagent.com is not localhost; refusing to mutate a shared/remote deployment. Point REACT_APP_BACKEND_URL at a disposable instance, or set KDPS_TEST_ALLOW_REMOTE=1 to override deliberately.">/app/app/backend/tests/test_foundation.py:78: live-API suites write to the target DB (masters, documents, append-only ledger/GL posts — none deletable via the API) and https://fabric-flow-mbo.preview.emergentagent.com is not localhost; refusing to mutate a shared/remote deployment. Point REACT_APP_BACKEND_URL at a disposable instance, or set KDPS_TEST_ALLOW_REMOTE=1 to override deliberately.</skipped></testcase><testcase classname="tests.test_foundation" name="test_me_without_token_returns_401" time="0.000"><skipped type="pytest.skip" message="live-API suites write to the target DB (masters, documents, append-only ledger/GL posts — none deletable via the API) and https://fabric-flow-mbo.preview.emergentagent.com is not localhost; refusing to mutate a shared/remote deployment. Point REACT_APP_BACKEND_URL at a disposable instance, or set KDPS_TEST_ALLOW_REMOTE=1 to override deliberately.">/app/app/backend/tests/test_foundation.py:88: live-API suites write to the target DB (masters, documents, append-only ledger/GL posts — none deletable via the API) and https://fabric-flow-mbo.preview.emergentagent.com is not localhost; refusing to mutate a shared/remote deployment. Point REACT_APP_BACKEND_URL at a disposable instance, or set KDPS_TEST_ALLOW_REMOTE=1 to override deliberately.</skipped></testcase><testcase classname="tests.test_foundation" name="test_refresh_returns_new_access" time="0.000"><skipped type="pytest.skip" message="live-API suites write to the target DB (masters, documents, append-only ledger/GL posts — none deletable via the API) and https://fabric-flow-mbo.preview.emergentagent.com is not localhost; refusing to mutate a shared/remote deployment. Point REACT_APP_BACKEND_URL at a disposable instance, or set KDPS_TEST_ALLOW_REMOTE=1 to override deliberately.">/app/app/backend/tests/test_foundation.py:97: live-API suites write to the target DB (masters, documents, append-only ledger/GL posts — none deletable via the API) and https://fabric-flow-mbo.preview.emergentagent.com is not localhost; refusing to mutate a shared/remote deployment. Point REACT_APP_BACKEND_URL at a disposable instance, or set KDPS_TEST_ALLOW_REMOTE=1 to override deliberately.</skipped></testcase><testcase classname="tests.test_foundation" name="test_brute_force_lockout_429" time="0.000"><skipped type="pytest.skip" message="live-API suites write to the target DB (masters, documents, append-only ledger/GL posts — none deletable via the API) and https://fabric-flow-mbo.preview.emergentagent.com is not localhost; refusing to mutate a shared/remote deployment. Point REACT_APP_BACKEND_URL at a disposable instance, or set KDPS_TEST_ALLOW_REMOTE=1 to override deliberately.">/app/app/backend/tests/test_foundation.py:106: live-API suites write to the target DB (masters, documents, append-only ledger/GL posts — none deletable via the API) and https://fabric-flow-mbo.preview.emergentagent.com is not localhost; refusing to mutate a shared/remote deployment. Point REACT_APP_BACKEND_URL at a disposable instance, or set KDPS_TEST_ALLOW_REMOTE=1 to override deliberately.</skipped></testcase><testcase classname="tests.test_foundation" name="test_scope_isolation_stores_and_summary" time="0.000"><skipped type="pytest.skip" message="live-API suites write to the target DB (masters, documents, append-only ledger/GL posts — none deletable via the API) and https://fabric-flow-mbo.preview.emergentagent.com is not localhost; refusing to mutate a shared/remote deployment. Point REACT_APP_BACKEND_URL at a disposable instance, or set KDPS_TEST_ALLOW_REMOTE=1 to override deliberately.">/app/app/backend/tests/test_foundation.py:122: live-API suites write to the target DB (masters, documents, append-only ledger/GL posts — none deletable via the API) and https://fabric-flow-mbo.preview.emergentagent.com is not localhost; refusing to mutate a shared/remote deployment. Point REACT_APP_BACKEND_URL at a disposable instance, or set KDPS_TEST_ALLOW_REMOTE=1 to override deliberately.</skipped></testcase><testcase classname="tests.test_foundation" name="test_masters_seeded" time="0.000"><skipped type="pytest.skip" message="live-API suites write to the target DB (masters, documents, append-only ledger/GL posts — none deletable via the API) and https://fabric-flow-mbo.preview.emergentagent.com is not localhost; refusing to mutate a shared/remote deployment. Point REACT_APP_BACKEND_URL at a disposable instance, or set KDPS_TEST_ALLOW_REMOTE=1 to override deliberately.">/app/app/backend/tests/test_foundation.py:169: live-API suites write to the target DB (masters, documents, append-only ledger/GL posts — none deletable via the API) and https://fabric-flow-mbo.preview.emergentagent.com is not localhost; refusing to mutate a shared/remote deployment. Point REACT_APP_BACKEND_URL at a disposable instance, or set KDPS_TEST_ALLOW_REMOTE=1 to override deliberately.</skipped></testcase><testcase classname="tests.test_iteration10_auth_cookie_retest" name="test_login_returns_json_tokens_and_sets_http_only_cookies" time="0.000"><skipped type="pytest.skip" message="live-API suites write to the target DB (masters, documents, append-only ledger/GL posts — none deletable via the API) and https://fabric-flow-mbo.preview.emergentagent.com is not localhost; refusing to mutate a shared/remote deployment. Point REACT_APP_BACKEND_URL at a disposable instance, or set KDPS_TEST_ALLOW_REMOTE=1 to override deliberately.">/app/app/backend/tests/test_iteration10_auth_cookie_retest.py:46: live-API suites write to the target DB (masters, documents, append-only ledger/GL posts — none deletable via the API) and https://fabric-flow-mbo.preview.emergentagent.com is not localhost; refusing to mutate a shared/remote deployment. Point REACT_APP_BACKEND_URL at a disposable instance, or set KDPS_TEST_ALLOW_REMOTE=1 to override deliberately.</skipped></testcase><testcase classname="tests.test_iteration10_auth_cookie_retest" name="test_auth_me_works_with_cookie_only_without_authorization_header" time="0.000"><skipped type="pytest.skip" message="live-API suites write to the target DB (masters, documents, append-only ledger/GL posts — none deletable via the API) and https://fabric-flow-mbo.preview.emergentagent.com is not localhost; refusing to mutate a shared/remote deployment. Point REACT_APP_BACKEND_URL at a disposable instance, or set KDPS_TEST_ALLOW_REMOTE=1 to override deliberately.">/app/app/backend/tests/test_iteration10_auth_cookie_retest.py:61: live-API suites write to the target DB (masters, documents, append-only ledger/GL posts — none deletable via the API) and https://fabric-flow-mbo.preview.emergentagent.com is not localhost; refusing to mutate a shared/remote deployment. Point REACT_APP_BACKEND_URL at a disposable instance, or set KDPS_TEST_ALLOW_REMOTE=1 to override deliberately.</skipped></testcase><testcase classname="tests.test_iteration10_auth_cookie_retest" name="test_refresh_from_cookie_sets_access_cookie_and_keeps_json_compatibility" time="0.000"><skipped type="pytest.skip" message="live-API suites write to the target DB (masters, documents, append-only ledger/GL posts — none deletable via the API) and https://fabric-flow-mbo.preview.emergentagent.com is not localhost; refusing to mutate a shared/remote deployment. Point REACT_APP_BACKEND_URL at a disposable instance, or set KDPS_TEST_ALLOW_REMOTE=1 to override deliberately.">/app/app/backend/tests/test_iteration10_auth_cookie_retest.py:73: live-API suites write to the target DB (masters, documents, append-only ledger/GL posts — none deletable via the API) and https://fabric-flow-mbo.preview.emergentagent.com is not localhost; refusing to mutate a shared/remote deployment. Point REACT_APP_BACKEND_URL at a disposable instance, or set KDPS_TEST_ALLOW_REMOTE=1 to override deliberately.</skipped></testcase><testcase classname="tests.test_iteration10_auth_cookie_retest" name="test_logout_clears_auth_cookies" time="0.000"><skipped type="pytest.skip" message="live-API suites write to the target DB (masters, documents, append-only ledger/GL posts — none deletable via the API) and https://fabric-flow-mbo.preview.emergentagent.com is not localhost; refusing to mutate a shared/remote deployment. Point REACT_APP_BACKEND_URL at a disposable instance, or set KDPS_TEST_ALLOW_REMOTE=1 to override deliberately.">/app/app/backend/tests/test_iteration10_auth_cookie_retest.py:90: live-API suites write to the target DB (masters, documents, append-only ledger/GL posts — none deletable via the API) and https://fabric-flow-mbo.preview.emergentagent.com is not localhost; refusing to mutate a shared/remote deployment. Point REACT_APP_BACKEND_URL at a disposable instance, or set KDPS_TEST_ALLOW_REMOTE=1 to override deliberately.</skipped></testcase><testcase classname="tests.test_iteration10_auth_cookie_retest" name="test_bruteforce_lockout_after_five_failures_still_active" time="0.000"><skipped type="pytest.skip" message="live-API suites write to the target DB (masters, documents, append-only ledger/GL posts — none deletable via the API) and https://fabric-flow-mbo.preview.emergentagent.com is not localhost; refusing to mutate a shared/remote deployment. Point REACT_APP_BACKEND_URL at a disposable instance, or set KDPS_TEST_ALLOW_REMOTE=1 to override deliberately.">/app/app/backend/tests/test_iteration10_auth_cookie_retest.py:103: live-API suites write to the target DB (masters, documents, append-only ledger/GL posts — none deletable via the API) and https://fabric-flow-mbo.preview.emergentagent.com is not localhost; refusing to mutate a shared/remote deployment. Point REACT_APP_BACKEND_URL at a disposable instance, or set KDPS_TEST_ALLOW_REMOTE=1 to override deliberately.</skipped></testcase><testcase classname="tests.test_iteration10_auth_cookie_retest" name="test_internal_django_cors_allows_explicit_origin_and_credentials" time="0.000"><skipped type="pytest.skip" message="live-API suites write to the target DB (masters, documents, append-only ledger/GL posts — none deletable via the API) and https://fabric-flow-mbo.preview.emergentagent.com is not localhost; refusing to mutate a shared/remote deployment. Point REACT_APP_BACKEND_URL at a disposable instance, or set KDPS_TEST_ALLOW_REMOTE=1 to override deliberately.">/app/app/backend/tests/test_iteration10_auth_cookie_retest.py:119: live-API suites write to the target DB (masters, documents, append-only ledger/GL posts — none deletable via the API) and https://fabric-flow-mbo.preview.emergentagent.com is not localhost; refusing to mutate a shared/remote deployment. Point REACT_APP_BACKEND_URL at a disposable instance, or set KDPS_TEST_ALLOW_REMOTE=1 to override deliberately.</skipped></testcase><testcase classname="tests.test_iteration10_auth_cookie_retest" name="test_seed_admin_is_idempotent_and_does_not_overwrite_password" time="0.000"><skipped type="pytest.skip" message="live-API suites write to the target DB (masters, documents, append-only ledger/GL posts — none deletable via the API) and https://fabric-flow-mbo.preview.emergentagent.com is not localhost; refusing to mutate a shared/remote deployment. Point REACT_APP_BACKEND_URL at a disposable instance, or set KDPS_TEST_ALLOW_REMOTE=1 to override deliberately.">/app/app/backend/tests/test_iteration10_auth_cookie_retest.py:139: live-API suites write to the target DB (masters, documents, append-only ledger/GL posts — none deletable via the API) and https://fabric-flow-mbo.preview.emergentagent.com is not localhost; refusing to mutate a shared/remote deployment. Point REACT_APP_BACKEND_URL at a disposable instance, or set KDPS_TEST_ALLOW_REMOTE=1 to override deliberately.</skipped></testcase><testcase classname="tests.test_iteration10_auth_cookie_retest" name="test_regression_vendor_users_inbound_routes_still_load_via_api" time="0.000"><skipped type="pytest.skip" message="live-API suites write to the target DB (masters, documents, append-only ledger/GL posts — none deletable via the API) and https://fabric-flow-mbo.preview.emergentagent.com is not localhost; refusing to mutate a shared/remote deployment. Point REACT_APP_BACKEND_URL at a disposable instance, or set KDPS_TEST_ALLOW_REMOTE=1 to override deliberately.">/app/app/backend/tests/test_iteration10_auth_cookie_retest.py:209: live-API suites write to the target DB (masters, documents, append-only ledger/GL posts — none deletable via the API) and https://fabric-flow-mbo.preview.emergentagent.com is not localhost; refusing to mutate a shared/remote deployment. Point REACT_APP_BACKEND_URL at a disposable instance, or set KDPS_TEST_ALLOW_REMOTE=1 to override deliberately.</skipped></testcase><testcase classname="tests.test_iteration11_pt_posting_regression" name="test_cookie_only_auth_me_supported" time="0.000"><skipped type="pytest.skip" message="live-API suites write to the target DB (masters, documents, append-only ledger/GL posts — none deletable via the API) and https://fabric-flow-mbo.preview.emergentagent.com is not localhost; refusing to mutate a shared/remote deployment. Point REACT_APP_BACKEND_URL at a disposable instance, or set KDPS_TEST_ALLOW_REMOTE=1 to override deliberately.">/app/app/backend/tests/test_iteration11_pt_posting_regression.py:93: live-API suites write to the target DB (masters, documents, append-only ledger/GL posts — none deletable via the API) and https://fabric-flow-mbo.preview.emergentagent.com is not localhost; refusing to mutate a shared/remote deployment. Point REACT_APP_BACKEND_URL at a disposable instance, or set KDPS_TEST_ALLOW_REMOTE=1 to override deliberately.</skipped></testcase><testcase classname="tests.test_iteration11_pt_posting_regression" name="test_grn_direct_line_keeps_received_and_damaged_qty" time="0.000"><skipped type="pytest.skip" message="live-API suites write to the target DB (masters, documents, append-only ledger/GL posts — none deletable via the API) and https://fabric-flow-mbo.preview.emergentagent.com is not localhost; refusing to mutate a shared/remote deployment. Point REACT_APP_BACKEND_URL at a disposable instance, or set KDPS_TEST_ALLOW_REMOTE=1 to override deliberately.">/app/app/backend/tests/test_iteration11_pt_posting_regression.py:110: live-API suites write to the target DB (masters, documents, append-only ledger/GL posts — none deletable via the API) and https://fabric-flow-mbo.preview.emergentagent.com is not localhost; refusing to mutate a shared/remote deployment. Point REACT_APP_BACKEND_URL at a disposable instance, or set KDPS_TEST_ALLOW_REMOTE=1 to override deliberately.</skipped></testcase><testcase classname="tests.test_iteration11_pt_posting_regression" name="test_pt_posting_reconcile_vendor_bill_reverse_append_only_and_booking_variance" time="0.000"><skipped type="pytest.skip" message="live-API suites write to the target DB (masters, documents, append-only ledger/GL posts — none deletable via the API) and https://fabric-flow-mbo.preview.emergentagent.com is not localhost; refusing to mutate a shared/remote deployment. Point REACT_APP_BACKEND_URL at a disposable instance, or set KDPS_TEST_ALLOW_REMOTE=1 to override deliberately.">/app/app/backend/tests/test_iteration11_pt_posting_regression.py:144: live-API suites write to the target DB (masters, documents, append-only ledger/GL posts — none deletable via the API) and https://fabric-flow-mbo.preview.emergentagent.com is not localhost; refusing to mutate a shared/remote deployment. Point REACT_APP_BACKEND_URL at a disposable instance, or set KDPS_TEST_ALLOW_REMOTE=1 to override deliberately.</skipped></testcase><testcase classname="tests.test_iteration12_deployment_readiness" name="test_health_endpoint_ok_shape" time="0.000"><skipped type="pytest.skip" message="live-API suites write to the target DB (masters, documents, append-only ledger/GL posts — none deletable via the API) and https://fabric-flow-mbo.preview.emergentagent.com is not localhost; refusing to mutate a shared/remote deployment. Point REACT_APP_BACKEND_URL at a disposable instance, or set KDPS_TEST_ALLOW_REMOTE=1 to override deliberately.">/app/app/backend/tests/test_iteration12_deployment_readiness.py:37: live-API suites write to the target DB (masters, documents, append-only ledger/GL posts — none deletable via the API) and https://fabric-flow-mbo.preview.emergentagent.com is not localhost; refusing to mutate a shared/remote deployment. Point REACT_APP_BACKEND_URL at a disposable instance, or set KDPS_TEST_ALLOW_REMOTE=1 to override deliberately.</skipped></testcase><testcase classname="tests.test_iteration12_deployment_readiness" name="test_login_owner_success_and_cookie_present" time="0.000"><skipped type="pytest.skip" message="live-API suites write to the target DB (masters, documents, append-only ledger/GL posts — none deletable via the API) and https://fabric-flow-mbo.preview.emergentagent.com is not localhost; refusing to mutate a shared/remote deployment. Point REACT_APP_BACKEND_URL at a disposable instance, or set KDPS_TEST_ALLOW_REMOTE=1 to override deliberately.">/app/app/backend/tests/test_iteration12_deployment_readiness.py:45: live-API suites write to the target DB (masters, documents, append-only ledger/GL posts — none deletable via the API) and https://fabric-flow-mbo.preview.emergentagent.com is not localhost; refusing to mutate a shared/remote deployment. Point REACT_APP_BACKEND_URL at a disposable instance, or set KDPS_TEST_ALLOW_REMOTE=1 to override deliberately.</skipped></testcase><testcase classname="tests.test_iteration12_deployment_readiness" name="test_cookie_only_auth_me_works_after_login" time="0.000"><skipped type="pytest.skip" message="live-API suites write to the target DB (masters, documents, append-only ledger/GL posts — none deletable via the API) and https://fabric-flow-mbo.preview.emergentagent.com is not localhost; refusing to mutate a shared/remote deployment. Point REACT_APP_BACKEND_URL at a disposable instance, or set KDPS_TEST_ALLOW_REMOTE=1 to override deliberately.">/app/app/backend/tests/test_iteration12_deployment_readiness.py:59: live-API suites write to the target DB (masters, documents, append-only ledger/GL posts — none deletable via the API) and https://fabric-flow-mbo.preview.emergentagent.com is not localhost; refusing to mutate a shared/remote deployment. Point REACT_APP_BACKEND_URL at a disposable instance, or set KDPS_TEST_ALLOW_REMOTE=1 to override deliberately.</skipped></testcase><testcase classname="tests.test_iteration12_deployment_readiness" name="test_core_authenticated_dashboard_feed_loads" time="0.000"><skipped type="pytest.skip" message="live-API suites write to the target DB (masters, documents, append-only ledger/GL posts — none deletable via the API) and https://fabric-flow-mbo.preview.emergentagent.com is not localhost; refusing to mutate a shared/remote deployment. Point REACT_APP_BACKEND_URL at a disposable instance, or set KDPS_TEST_ALLOW_REMOTE=1 to override deliberately.">/app/app/backend/tests/test_iteration12_deployment_readiness.py:70: live-API suites write to the target DB (masters, documents, append-only ledger/GL posts — none deletable via the API) and https://fabric-flow-mbo.preview.emergentagent.com is not localhost; refusing to mutate a shared/remote deployment. Point REACT_APP_BACKEND_URL at a disposable instance, or set KDPS_TEST_ALLOW_REMOTE=1 to override deliberately.</skipped></testcase><testcase classname="tests.test_iteration12_deployment_readiness" name="test_bruteforce_lockout_after_five_failed_logins" time="0.000"><skipped type="pytest.skip" message="live-API suites write to the target DB (masters, documents, append-only ledger/GL posts — none deletable via the API) and https://fabric-flow-mbo.preview.emergentagent.com is not localhost; refusing to mutate a shared/remote deployment. Point REACT_APP_BACKEND_URL at a disposable instance, or set KDPS_TEST_ALLOW_REMOTE=1 to override deliberately.">/app/app/backend/tests/test_iteration12_deployment_readiness.py:86: live-API suites write to the target DB (masters, documents, append-only ledger/GL posts — none deletable via the API) and https://fabric-flow-mbo.preview.emergentagent.com is not localhost; refusing to mutate a shared/remote deployment. Point REACT_APP_BACKEND_URL at a disposable instance, or set KDPS_TEST_ALLOW_REMOTE=1 to override deliberately.</skipped></testcase><testcase classname="tests.test_iteration12_deployment_readiness" name="test_password_hash_contains_bcrypt_2b_prefix_for_owner_record" time="0.000"><skipped type="pytest.skip" message="live-API suites write to the target DB (masters, documents, append-only ledger/GL posts — none deletable via the API) and https://fabric-flow-mbo.preview.emergentagent.com is not localhost; refusing to mutate a shared/remote deployment. Point REACT_APP_BACKEND_URL at a disposable instance, or set KDPS_TEST_ALLOW_REMOTE=1 to override deliberately.">/app/app/backend/tests/test_iteration12_deployment_readiness.py:99: live-API suites write to the target DB (masters, documents, append-only ledger/GL posts — none deletable via the API) and https://fabric-flow-mbo.preview.emergentagent.com is not localhost; refusing to mutate a shared/remote deployment. Point REACT_APP_BACKEND_URL at a disposable instance, or set KDPS_TEST_ALLOW_REMOTE=1 to override deliberately.</skipped></testcase><testcase classname="tests.test_iteration12_deployment_readiness" name="test_seed_does_not_overwrite_existing_user_password" time="0.000"><skipped type="pytest.skip" message="live-API suites write to the target DB (masters, documents, append-only ledger/GL posts — none deletable via the API) and https://fabric-flow-mbo.preview.emergentagent.com is not localhost; refusing to mutate a shared/remote deployment. Point REACT_APP_BACKEND_URL at a disposable instance, or set KDPS_TEST_ALLOW_REMOTE=1 to override deliberately.">/app/app/backend/tests/test_iteration12_deployment_readiness.py:121: live-API suites write to the target DB (masters, documents, append-only ledger/GL posts — none deletable via the API) and https://fabric-flow-mbo.preview.emergentagent.com is not localhost; refusing to mutate a shared/remote deployment. Point REACT_APP_BACKEND_URL at a disposable instance, or set KDPS_TEST_ALLOW_REMOTE=1 to override deliberately.</skipped></testcase><testcase classname="tests.test_iteration12_deployment_readiness" name="test_cors_preflight_allows_credentials_and_explicit_origin" time="0.000"><skipped type="pytest.skip" message="live-API suites write to the target DB (masters, documents, append-only ledger/GL posts — none deletable via the API) and https://fabric-flow-mbo.preview.emergentagent.com is not localhost; refusing to mutate a shared/remote deployment. Point REACT_APP_BACKEND_URL at a disposable instance, or set KDPS_TEST_ALLOW_REMOTE=1 to override deliberately.">/app/app/backend/tests/test_iteration12_deployment_readiness.py:175: live-API suites write to the target DB (masters, documents, append-only ledger/GL posts — none deletable via the API) and https://fabric-flow-mbo.preview.emergentagent.com is not localhost; refusing to mutate a shared/remote deployment. Point REACT_APP_BACKEND_URL at a disposable instance, or set KDPS_TEST_ALLOW_REMOTE=1 to override deliberately.</skipped></testcase><testcase classname="tests.test_iteration13_cors_config_regression" name="test_seeded_users_login_returns_access_and_refresh[owner-Owner@123]" time="0.000"><skipped type="pytest.skip" message="live-API suites write to the target DB (masters, documents, append-only ledger/GL posts — none deletable via the API) and https://fabric-flow-mbo.preview.emergentagent.com is not localhost; refusing to mutate a shared/remote deployment. Point REACT_APP_BACKEND_URL at a disposable instance, or set KDPS_TEST_ALLOW_REMOTE=1 to override deliberately.">/app/app/backend/tests/test_iteration13_cors_config_regression.py:49: live-API suites write to the target DB (masters, documents, append-only ledger/GL posts — none deletable via the API) and https://fabric-flow-mbo.preview.emergentagent.com is not localhost; refusing to mutate a shared/remote deployment. Point REACT_APP_BACKEND_URL at a disposable instance, or set KDPS_TEST_ALLOW_REMOTE=1 to override deliberately.</skipped></testcase><testcase classname="tests.test_iteration13_cors_config_regression" name="test_seeded_users_login_returns_access_and_refresh[deo.cashier-Store@123]" time="0.000"><skipped type="pytest.skip" message="live-API suites write to the target DB (masters, documents, append-only ledger/GL posts — none deletable via the API) and https://fabric-flow-mbo.preview.emergentagent.com is not localhost; refusing to mutate a shared/remote deployment. Point REACT_APP_BACKEND_URL at a disposable instance, or set KDPS_TEST_ALLOW_REMOTE=1 to override deliberately.">/app/app/backend/tests/test_iteration13_cors_config_regression.py:49: live-API suites write to the target DB (masters, documents, append-only ledger/GL posts — none deletable via the API) and https://fabric-flow-mbo.preview.emergentagent.com is not localhost; refusing to mutate a shared/remote deployment. Point REACT_APP_BACKEND_URL at a disposable instance, or set KDPS_TEST_ALLOW_REMOTE=1 to override deliberately.</skipped></testcase><testcase classname="tests.test_iteration13_cors_config_regression" name="test_seeded_users_login_returns_access_and_refresh[wh.patna-Wh@123]" time="0.000"><skipped type="pytest.skip" message="live-API suites write to the target DB (masters, documents, append-only ledger/GL posts — none deletable via the API) and https://fabric-flow-mbo.preview.emergentagent.com is not localhost; refusing to mutate a shared/remote deployment. Point REACT_APP_BACKEND_URL at a disposable instance, or set KDPS_TEST_ALLOW_REMOTE=1 to override deliberately.">/app/app/backend/tests/test_iteration13_cors_config_regression.py:49: live-API suites write to the target DB (masters, documents, append-only ledger/GL posts — none deletable via the API) and https://fabric-flow-mbo.preview.emergentagent.com is not localhost; refusing to mutate a shared/remote deployment. Point REACT_APP_BACKEND_URL at a disposable instance, or set KDPS_TEST_ALLOW_REMOTE=1 to override deliberately.</skipped></testcase><testcase classname="tests.test_iteration13_cors_config_regression" name="test_owner_vendor_ageing_returns_json" time="0.000"><skipped type="pytest.skip" message="live-API suites write to the target DB (masters, documents, append-only ledger/GL posts — none deletable via the API) and https://fabric-flow-mbo.preview.emergentagent.com is not localhost; refusing to mutate a shared/remote deployment. Point REACT_APP_BACKEND_URL at a disposable instance, or set KDPS_TEST_ALLOW_REMOTE=1 to override deliberately.">/app/app/backend/tests/test_iteration13_cors_config_regression.py:79: live-API suites write to the target DB (masters, documents, append-only ledger/GL posts — none deletable via the API) and https://fabric-flow-mbo.preview.emergentagent.com is not localhost; refusing to mutate a shared/remote deployment. Point REACT_APP_BACKEND_URL at a disposable instance, or set KDPS_TEST_ALLOW_REMOTE=1 to override deliberately.</skipped></testcase><testcase classname="tests.test_iteration13_cors_config_regression" name="test_owner_inbound_grns_returns_json" time="0.000"><skipped type="pytest.skip" message="live-API suites write to the target DB (masters, documents, append-only ledger/GL posts — none deletable via the API) and https://fabric-flow-mbo.preview.emergentagent.com is not localhost; refusing to mutate a shared/remote deployment. Point REACT_APP_BACKEND_URL at a disposable instance, or set KDPS_TEST_ALLOW_REMOTE=1 to override deliberately.">/app/app/backend/tests/test_iteration13_cors_config_regression.py:86: live-API suites write to the target DB (masters, documents, append-only ledger/GL posts — none deletable via the API) and https://fabric-flow-mbo.preview.emergentagent.com is not localhost; refusing to mutate a shared/remote deployment. Point REACT_APP_BACKEND_URL at a disposable instance, or set KDPS_TEST_ALLOW_REMOTE=1 to override deliberately.</skipped></testcase><testcase classname="tests.test_iteration13_cors_config_regression" name="test_owner_stockledger_entries_returns_json" time="0.000"><skipped type="pytest.skip" message="live-API suites write to the target DB (masters, documents, append-only ledger/GL posts — none deletable via the API) and https://fabric-flow-mbo.preview.emergentagent.com is not localhost; refusing to mutate a shared/remote deployment. Point REACT_APP_BACKEND_URL at a disposable instance, or set KDPS_TEST_ALLOW_REMOTE=1 to override deliberately.">/app/app/backend/tests/test_iteration13_cors_config_regression.py:98: live-API suites write to the target DB (masters, documents, append-only ledger/GL posts — none deletable via the API) and https://fabric-flow-mbo.preview.emergentagent.com is not localhost; refusing to mutate a shared/remote deployment. Point REACT_APP_BACKEND_URL at a disposable instance, or set KDPS_TEST_ALLOW_REMOTE=1 to override deliberately.</skipped></testcase><testcase classname="tests.test_iteration13_cors_config_regression" name="test_cors_preflight_echoes_allowed_origin_with_credentials" time="0.000"><skipped type="pytest.skip" message="live-API suites write to the target DB (masters, documents, append-only ledger/GL posts — none deletable via the API) and https://fabric-flow-mbo.preview.emergentagent.com is not localhost; refusing to mutate a shared/remote deployment. Point REACT_APP_BACKEND_URL at a disposable instance, or set KDPS_TEST_ALLOW_REMOTE=1 to override deliberately.">/app/app/backend/tests/test_iteration13_cors_config_regression.py:108: live-API suites write to the target DB (masters, documents, append-only ledger/GL posts — none deletable via the API) and https://fabric-flow-mbo.preview.emergentagent.com is not localhost; refusing to mutate a shared/remote deployment. Point REACT_APP_BACKEND_URL at a disposable instance, or set KDPS_TEST_ALLOW_REMOTE=1 to override deliberately.</skipped></testcase><testcase classname="tests.test_iteration13_cors_config_regression" name="test_cors_actual_post_includes_allow_origin_header" time="0.000"><skipped type="pytest.skip" message="live-API suites write to the target DB (masters, documents, append-only ledger/GL posts — none deletable via the API) and https://fabric-flow-mbo.preview.emergentagent.com is not localhost; refusing to mutate a shared/remote deployment. Point REACT_APP_BACKEND_URL at a disposable instance, or set KDPS_TEST_ALLOW_REMOTE=1 to override deliberately.">/app/app/backend/tests/test_iteration13_cors_config_regression.py:130: live-API suites write to the target DB (masters, documents, append-only ledger/GL posts — none deletable via the API) and https://fabric-flow-mbo.preview.emergentagent.com is not localhost; refusing to mutate a shared/remote deployment. Point REACT_APP_BACKEND_URL at a disposable instance, or set KDPS_TEST_ALLOW_REMOTE=1 to override deliberately.</skipped></testcase><testcase classname="tests.test_iteration14_security_hardening" name="test_finledger_reads_require_finance_role" time="0.000"><skipped type="pytest.skip" message="live-API suites write to the target DB (masters, documents, append-only ledger/GL posts — none deletable via the API) and https://fabric-flow-mbo.preview.emergentagent.com is not localhost; refusing to mutate a shared/remote deployment. Point REACT_APP_BACKEND_URL at a disposable instance, or set KDPS_TEST_ALLOW_REMOTE=1 to override deliberately.">/app/app/backend/tests/test_iteration14_security_hardening.py:50: live-API suites write to the target DB (masters, documents, append-only ledger/GL posts — none deletable via the API) and https://fabric-flow-mbo.preview.emergentagent.com is not localhost; refusing to mutate a shared/remote deployment. Point REACT_APP_BACKEND_URL at a disposable instance, or set KDPS_TEST_ALLOW_REMOTE=1 to override deliberately.</skipped></testcase><testcase classname="tests.test_iteration14_security_hardening" name="test_pt_post_and_reverse_require_patna_role" time="0.000"><skipped type="pytest.skip" message="live-API suites write to the target DB (masters, documents, append-only ledger/GL posts — none deletable via the API) and https://fabric-flow-mbo.preview.emergentagent.com is not localhost; refusing to mutate a shared/remote deployment. Point REACT_APP_BACKEND_URL at a disposable instance, or set KDPS_TEST_ALLOW_REMOTE=1 to override deliberately.">/app/app/backend/tests/test_iteration14_security_hardening.py:69: live-API suites write to the target DB (masters, documents, append-only ledger/GL posts — none deletable via the API) and https://fabric-flow-mbo.preview.emergentagent.com is not localhost; refusing to mutate a shared/remote deployment. Point REACT_APP_BACKEND_URL at a disposable instance, or set KDPS_TEST_ALLOW_REMOTE=1 to override deliberately.</skipped></testcase><testcase classname="tests.test_iteration14_security_hardening" name="test_review_resolve_requires_steward_role" time="0.000"><skipped type="pytest.skip" message="live-API suites write to the target DB (masters, documents, append-only ledger/GL posts — none deletable via the API) and https://fabric-flow-mbo.preview.emergentagent.com is not localhost; refusing to mutate a shared/remote deployment. Point REACT_APP_BACKEND_URL at a disposable instance, or set KDPS_TEST_ALLOW_REMOTE=1 to override deliberately.">/app/app/backend/tests/test_iteration14_security_hardening.py:86: live-API suites write to the target DB (masters, documents, append-only ledger/GL posts — none deletable via the API) and https://fabric-flow-mbo.preview.emergentagent.com is not localhost; refusing to mutate a shared/remote deployment. Point REACT_APP_BACKEND_URL at a disposable instance, or set KDPS_TEST_ALLOW_REMOTE=1 to override deliberately.</skipped></testcase><testcase classname="tests.test_iteration14_security_hardening" name="test_stockledger_reads_are_store_scoped" time="0.000"><skipped type="pytest.skip" message="live-API suites write to the target DB (masters, documents, append-only ledger/GL posts — none deletable via the API) and https://fabric-flow-mbo.preview.emergentagent.com is not localhost; refusing to mutate a shared/remote deployment. Point REACT_APP_BACKEND_URL at a disposable instance, or set KDPS_TEST_ALLOW_REMOTE=1 to override deliberately.">/app/app/backend/tests/test_iteration14_security_hardening.py:100: live-API suites write to the target DB (masters, documents, append-only ledger/GL posts — none deletable via the API) and https://fabric-flow-mbo.preview.emergentagent.com is not localhost; refusing to mutate a shared/remote deployment. Point REACT_APP_BACKEND_URL at a disposable instance, or set KDPS_TEST_ALLOW_REMOTE=1 to override deliberately.</skipped></testcase><testcase classname="tests.test_iteration14_security_hardening" name="test_pt_delete_endpoint_guards_non_mapping" time="0.000"><skipped type="pytest.skip" message="live-API suites write to the target DB (masters, documents, append-only ledger/GL posts — none deletable via the API) and https://fabric-flow-mbo.preview.emergentagent.com is not localhost; refusing to mutate a shared/remote deployment. Point REACT_APP_BACKEND_URL at a disposable instance, or set KDPS_TEST_ALLOW_REMOTE=1 to override deliberately.">/app/app/backend/tests/test_iteration14_security_hardening.py:121: live-API suites write to the target DB (masters, documents, append-only ledger/GL posts — none deletable via the API) and https://fabric-flow-mbo.preview.emergentagent.com is not localhost; refusing to mutate a shared/remote deployment. Point REACT_APP_BACKEND_URL at a disposable instance, or set KDPS_TEST_ALLOW_REMOTE=1 to override deliberately.</skipped></testcase><testcase classname="tests.test_iteration15_phase_f_p1.TestBooksHealth" name="test_owner_sees_balanced_books" time="0.000"><skipped type="pytest.skip" message="live-API suites write to the target DB (masters, documents, append-only ledger/GL posts — none deletable via the API) and https://fabric-flow-mbo.preview.emergentagent.com is not localhost; refusing to mutate a shared/remote deployment. Point REACT_APP_BACKEND_URL at a disposable instance, or set KDPS_TEST_ALLOW_REMOTE=1 to override deliberately.">/app/app/backend/tests/test_iteration15_phase_f_p1.py:56: live-API suites write to the target DB (masters, documents, append-only ledger/GL posts — none deletable via the API) and https://fabric-flow-mbo.preview.emergentagent.com is not localhost; refusing to mutate a shared/remote deployment. Point REACT_APP_BACKEND_URL at a disposable instance, or set KDPS_TEST_ALLOW_REMOTE=1 to override deliberately.</skipped></testcase><testcase classname="tests.test_iteration15_phase_f_p1.TestBooksHealth" name="test_warehouse_is_forbidden" time="0.000"><skipped type="pytest.skip" message="live-API suites write to the target DB (masters, documents, append-only ledger/GL posts — none deletable via the API) and https://fabric-flow-mbo.preview.emergentagent.com is not localhost; refusing to mutate a shared/remote deployment. Point REACT_APP_BACKEND_URL at a disposable instance, or set KDPS_TEST_ALLOW_REMOTE=1 to override deliberately.">/app/app/backend/tests/test_iteration15_phase_f_p1.py:64: live-API suites write to the target DB (masters, documents, append-only ledger/GL posts — none deletable via the API) and https://fabric-flow-mbo.preview.emergentagent.com is not localhost; refusing to mutate a shared/remote deployment. Point REACT_APP_BACKEND_URL at a disposable instance, or set KDPS_TEST_ALLOW_REMOTE=1 to override deliberately.</skipped></testcase><testcase classname="tests.test_iteration15_phase_f_p1.TestStockOnHand" name="test_owner_summary_keys_present" time="0.000"><skipped type="pytest.skip" message="live-API suites write to the target DB (masters, documents, append-only ledger/GL posts — none deletable via the API) and https://fabric-flow-mbo.preview.emergentagent.com is not localhost; refusing to mutate a shared/remote deployment. Point REACT_APP_BACKEND_URL at a disposable instance, or set KDPS_TEST_ALLOW_REMOTE=1 to override deliberately.">/app/app/backend/tests/test_iteration15_phase_f_p1.py:71: live-API suites write to the target DB (masters, documents, append-only ledger/GL posts — none deletable via the API) and https://fabric-flow-mbo.preview.emergentagent.com is not localhost; refusing to mutate a shared/remote deployment. Point REACT_APP_BACKEND_URL at a disposable instance, or set KDPS_TEST_ALLOW_REMOTE=1 to override deliberately.</skipped></testcase><testcase classname="tests.test_iteration15_phase_f_p1.TestMastersSteward" name="test_steward_creates_and_patches_store" time="0.000"><skipped type="pytest.skip" message="live-API suites write to the target DB (masters, documents, append-only ledger/GL posts — none deletable via the API) and https://fabric-flow-mbo.preview.emergentagent.com is not localhost; refusing to mutate a shared/remote deployment. Point REACT_APP_BACKEND_URL at a disposable instance, or set KDPS_TEST_ALLOW_REMOTE=1 to override deliberately.">/app/app/backend/tests/test_iteration15_phase_f_p1.py:113: live-API suites write to the target DB (masters, documents, append-only ledger/GL posts — none deletable via the API) and https://fabric-flow-mbo.preview.emergentagent.com is not localhost; refusing to mutate a shared/remote deployment. Point REACT_APP_BACKEND_URL at a disposable instance, or set KDPS_TEST_ALLOW_REMOTE=1 to override deliberately.</skipped></testcase><testcase classname="tests.test_iteration15_phase_f_p1.TestMastersSteward" name="test_cashier_cannot_create_store" time="0.000"><skipped type="pytest.skip" message="live-API suites write to the target DB (masters, documents, append-only ledger/GL posts — none deletable via the API) and https://fabric-flow-mbo.preview.emergentagent.com is not localhost; refusing to mutate a shared/remote deployment. Point REACT_APP_BACKEND_URL at a disposable instance, or set KDPS_TEST_ALLOW_REMOTE=1 to override deliberately.">/app/app/backend/tests/test_iteration15_phase_f_p1.py:144: live-API suites write to the target DB (masters, documents, append-only ledger/GL posts — none deletable via the API) and https://fabric-flow-mbo.preview.emergentagent.com is not localhost; refusing to mutate a shared/remote deployment. Point REACT_APP_BACKEND_URL at a disposable instance, or set KDPS_TEST_ALLOW_REMOTE=1 to override deliberately.</skipped></testcase><testcase classname="tests.test_iteration15_phase_f_p1.TestMastersSteward" name="test_steward_creates_brand" time="0.000"><skipped type="pytest.skip" message="live-API suites write to the target DB (masters, documents, append-only ledger/GL posts — none deletable via the API) and https://fabric-flow-mbo.preview.emergentagent.com is not localhost; refusing to mutate a shared/remote deployment. Point REACT_APP_BACKEND_URL at a disposable instance, or set KDPS_TEST_ALLOW_REMOTE=1 to override deliberately.">/app/app/backend/tests/test_iteration15_phase_f_p1.py:159: live-API suites write to the target DB (masters, documents, append-only ledger/GL posts — none deletable via the API) and https://fabric-flow-mbo.preview.emergentagent.com is not localhost; refusing to mutate a shared/remote deployment. Point REACT_APP_BACKEND_URL at a disposable instance, or set KDPS_TEST_ALLOW_REMOTE=1 to override deliberately.</skipped></testcase><testcase classname="tests.test_iteration15_phase_f_p1.TestMastersSteward" name="test_steward_creates_season" time="0.000"><skipped type="pytest.skip" message="live-API suites write to the target DB (masters, documents, append-only ledger/GL posts — none deletable via the API) and https://fabric-flow-mbo.preview.emergentagent.com is not localhost; refusing to mutate a shared/remote deployment. Point REACT_APP_BACKEND_URL at a disposable instance, or set KDPS_TEST_ALLOW_REMOTE=1 to override deliberately.">/app/app/backend/tests/test_iteration15_phase_f_p1.py:174: live-API suites write to the target DB (masters, documents, append-only ledger/GL posts — none deletable via the API) and https://fabric-flow-mbo.preview.emergentagent.com is not localhost; refusing to mutate a shared/remote deployment. Point REACT_APP_BACKEND_URL at a disposable instance, or set KDPS_TEST_ALLOW_REMOTE=1 to override deliberately.</skipped></testcase><testcase classname="tests.test_iteration15_phase_f_p1.TestMastersSteward" name="test_steward_creates_gstin" time="0.000"><skipped type="pytest.skip" message="live-API suites write to the target DB (masters, documents, append-only ledger/GL posts — none deletable via the API) and https://fabric-flow-mbo.preview.emergentagent.com is not localhost; refusing to mutate a shared/remote deployment. Point REACT_APP_BACKEND_URL at a disposable instance, or set KDPS_TEST_ALLOW_REMOTE=1 to override deliberately.">/app/app/backend/tests/test_iteration15_phase_f_p1.py:183: live-API suites write to the target DB (masters, documents, append-only ledger/GL posts — none deletable via the API) and https://fabric-flow-mbo.preview.emergentagent.com is not localhost; refusing to mutate a shared/remote deployment. Point REACT_APP_BACKEND_URL at a disposable instance, or set KDPS_TEST_ALLOW_REMOTE=1 to override deliberately.</skipped></testcase><testcase classname="tests.test_iteration16_f1_reconciliation_live" name="test_health_requires_auth" time="0.000"><skipped type="pytest.skip" message="live-API suites write to the target DB (masters, documents, append-only ledger/GL posts — none deletable via the API) and https://fabric-flow-mbo.preview.emergentagent.com is not localhost; refusing to mutate a shared/remote deployment. Point REACT_APP_BACKEND_URL at a disposable instance, or set KDPS_TEST_ALLOW_REMOTE=1 to override deliberately.">/app/app/backend/tests/test_iteration16_f1_reconciliation_live.py:92: live-API suites write to the target DB (masters, documents, append-only ledger/GL posts — none deletable via the API) and https://fabric-flow-mbo.preview.emergentagent.com is not localhost; refusing to mutate a shared/remote deployment. Point REACT_APP_BACKEND_URL at a disposable instance, or set KDPS_TEST_ALLOW_REMOTE=1 to override deliberately.</skipped></testcase><testcase classname="tests.test_iteration16_f1_reconciliation_live" name="test_health_baseline_reconciled" time="0.000"><skipped type="pytest.skip" message="live-API suites write to the target DB (masters, documents, append-only ledger/GL posts — none deletable via the API) and https://fabric-flow-mbo.preview.emergentagent.com is not localhost; refusing to mutate a shared/remote deployment. Point REACT_APP_BACKEND_URL at a disposable instance, or set KDPS_TEST_ALLOW_REMOTE=1 to override deliberately.">/app/app/backend/tests/test_iteration16_f1_reconciliation_live.py:97: live-API suites write to the target DB (masters, documents, append-only ledger/GL posts — none deletable via the API) and https://fabric-flow-mbo.preview.emergentagent.com is not localhost; refusing to mutate a shared/remote deployment. Point REACT_APP_BACKEND_URL at a disposable instance, or set KDPS_TEST_ALLOW_REMOTE=1 to override deliberately.</skipped></testcase><testcase classname="tests.test_iteration16_f1_reconciliation_live" name="test_health_accounts_role_allowed" time="0.000"><skipped type="pytest.skip" message="live-API suites write to the target DB (masters, documents, append-only ledger/GL posts — none deletable via the API) and https://fabric-flow-mbo.preview.emergentagent.com is not localhost; refusing to mutate a shared/remote deployment. Point REACT_APP_BACKEND_URL at a disposable instance, or set KDPS_TEST_ALLOW_REMOTE=1 to override deliberately.">/app/app/backend/tests/test_iteration16_f1_reconciliation_live.py:102: live-API suites write to the target DB (masters, documents, append-only ledger/GL posts — none deletable via the API) and https://fabric-flow-mbo.preview.emergentagent.com is not localhost; refusing to mutate a shared/remote deployment. Point REACT_APP_BACKEND_URL at a disposable instance, or set KDPS_TEST_ALLOW_REMOTE=1 to override deliberately.</skipped></testcase><testcase classname="tests.test_iteration16_f1_reconciliation_live" name="test_health_warehouse_role_forbidden" time="0.000"><skipped type="pytest.skip" message="live-API suites write to the target DB (masters, documents, append-only ledger/GL posts — none deletable via the API) and https://fabric-flow-mbo.preview.emergentagent.com is not localhost; refusing to mutate a shared/remote deployment. Point REACT_APP_BACKEND_URL at a disposable instance, or set KDPS_TEST_ALLOW_REMOTE=1 to override deliberately.">/app/app/backend/tests/test_iteration16_f1_reconciliation_live.py:107: live-API suites write to the target DB (masters, documents, append-only ledger/GL posts — none deletable via the API) and https://fabric-flow-mbo.preview.emergentagent.com is not localhost; refusing to mutate a shared/remote deployment. Point REACT_APP_BACKEND_URL at a disposable instance, or set KDPS_TEST_ALLOW_REMOTE=1 to override deliberately.</skipped></testcase><testcase classname="tests.test_iteration16_f1_reconciliation_live" name="test_vendor_bill_and_payment_keep_books_tied" time="0.000"><skipped type="pytest.skip" message="live-API suites write to the target DB (masters, documents, append-only ledger/GL posts — none deletable via the API) and https://fabric-flow-mbo.preview.emergentagent.com is not localhost; refusing to mutate a shared/remote deployment. Point REACT_APP_BACKEND_URL at a disposable instance, or set KDPS_TEST_ALLOW_REMOTE=1 to override deliberately.">/app/app/backend/tests/test_iteration16_f1_reconciliation_live.py:125: live-API suites write to the target DB (masters, documents, append-only ledger/GL posts — none deletable via the API) and https://fabric-flow-mbo.preview.emergentagent.com is not localhost; refusing to mutate a shared/remote deployment. Point REACT_APP_BACKEND_URL at a disposable instance, or set KDPS_TEST_ALLOW_REMOTE=1 to override deliberately.</skipped></testcase><testcase classname="tests.test_iteration16_f1_reconciliation_live" name="test_cash_movement_in_out_keeps_reconciled" time="0.000"><skipped type="pytest.skip" message="live-API suites write to the target DB (masters, documents, append-only ledger/GL posts — none deletable via the API) and https://fabric-flow-mbo.preview.emergentagent.com is not localhost; refusing to mutate a shared/remote deployment. Point REACT_APP_BACKEND_URL at a disposable instance, or set KDPS_TEST_ALLOW_REMOTE=1 to override deliberately.">/app/app/backend/tests/test_iteration16_f1_reconciliation_live.py:172: live-API suites write to the target DB (masters, documents, append-only ledger/GL posts — none deletable via the API) and https://fabric-flow-mbo.preview.emergentagent.com is not localhost; refusing to mutate a shared/remote deployment. Point REACT_APP_BACKEND_URL at a disposable instance, or set KDPS_TEST_ALLOW_REMOTE=1 to override deliberately.</skipped></testcase><testcase classname="tests.test_iteration16_f1_reconciliation_live" name="test_rbac_warehouse_cannot_post_vendor_bill" time="0.000"><skipped type="pytest.skip" message="live-API suites write to the target DB (masters, documents, append-only ledger/GL posts — none deletable via the API) and https://fabric-flow-mbo.preview.emergentagent.com is not localhost; refusing to mutate a shared/remote deployment. Point REACT_APP_BACKEND_URL at a disposable instance, or set KDPS_TEST_ALLOW_REMOTE=1 to override deliberately.">/app/app/backend/tests/test_iteration16_f1_reconciliation_live.py:203: live-API suites write to the target DB (masters, documents, append-only ledger/GL posts — none deletable via the API) and https://fabric-flow-mbo.preview.emergentagent.com is not localhost; refusing to mutate a shared/remote deployment. Point REACT_APP_BACKEND_URL at a disposable instance, or set KDPS_TEST_ALLOW_REMOTE=1 to over
[...]
eration9_rbac_vendor_inbound" name="test_rbac_lists_access_control" time="0.000"><skipped type="pytest.skip" message="live-API suites write to the target DB (masters, documents, append-only ledger/GL posts — none deletable via the API) and https://fabric-flow-mbo.preview.emergentagent.com is not localhost; refusing to mutate a shared/remote deployment. Point REACT_APP_BACKEND_URL at a disposable instance, or set KDPS_TEST_ALLOW_REMOTE=1 to override deliberately.">/app/app/backend/tests/test_iteration9_rbac_vendor_inbound.py:153: live-API suites write to the target DB (masters, documents, append-only ledger/GL posts — none deletable via the API) and https://fabric-flow-mbo.preview.emergentagent.com is not localhost; refusing to mutate a shared/remote deployment. Point REACT_APP_BACKEND_URL at a disposable instance, or set KDPS_TEST_ALLOW_REMOTE=1 to override deliberately.</skipped></testcase><testcase classname="tests.test_iteration9_rbac_vendor_inbound" name="test_rbac_create_and_edit_role_and_user" time="0.000"><skipped type="pytest.skip" message="live-API suites write to the target DB (masters, documents, append-only ledger/GL posts — none deletable via the API) and https://fabric-flow-mbo.preview.emergentagent.com is not localhost; refusing to mutate a shared/remote deployment. Point REACT_APP_BACKEND_URL at a disposable instance, or set KDPS_TEST_ALLOW_REMOTE=1 to override deliberately.">/app/app/backend/tests/test_iteration9_rbac_vendor_inbound.py:174: live-API suites write to the target DB (masters, documents, append-only ledger/GL posts — none deletable via the API) and https://fabric-flow-mbo.preview.emergentagent.com is not localhost; refusing to mutate a shared/remote deployment. Point REACT_APP_BACKEND_URL at a disposable instance, or set KDPS_TEST_ALLOW_REMOTE=1 to override deliberately.</skipped></testcase><testcase classname="tests.test_iteration9_rbac_vendor_inbound" name="test_store_scope_requires_store_ids" time="0.000"><skipped type="pytest.skip" message="live-API suites write to the target DB (masters, documents, append-only ledger/GL posts — none deletable via the API) and https://fabric-flow-mbo.preview.emergentagent.com is not localhost; refusing to mutate a shared/remote deployment. Point REACT_APP_BACKEND_URL at a disposable instance, or set KDPS_TEST_ALLOW_REMOTE=1 to override deliberately.">/app/app/backend/tests/test_iteration9_rbac_vendor_inbound.py:210: live-API suites write to the target DB (masters, documents, append-only ledger/GL posts — none deletable via the API) and https://fabric-flow-mbo.preview.emergentagent.com is not localhost; refusing to mutate a shared/remote deployment. Point REACT_APP_BACKEND_URL at a disposable instance, or set KDPS_TEST_ALLOW_REMOTE=1 to override deliberately.</skipped></testcase><testcase classname="tests.test_iteration9_rbac_vendor_inbound" name="test_inbound_list_owner_and_store_user" time="0.000"><skipped type="pytest.skip" message="live-API suites write to the target DB (masters, documents, append-only ledger/GL posts — none deletable via the API) and https://fabric-flow-mbo.preview.emergentagent.com is not localhost; refusing to mutate a shared/remote deployment. Point REACT_APP_BACKEND_URL at a disposable instance, or set KDPS_TEST_ALLOW_REMOTE=1 to override deliberately.">/app/app/backend/tests/test_iteration9_rbac_vendor_inbound.py:231: live-API suites write to the target DB (masters, documents, append-only ledger/GL posts — none deletable via the API) and https://fabric-flow-mbo.preview.emergentagent.com is not localhost; refusing to mutate a shared/remote deployment. Point REACT_APP_BACKEND_URL at a disposable instance, or set KDPS_TEST_ALLOW_REMOTE=1 to override deliberately.</skipped></testcase><testcase classname="tests.test_iteration9_rbac_vendor_inbound" name="test_inbound_direct_grn_create_and_detail_for_store_user" time="0.000"><skipped type="pytest.skip" message="live-API suites write to the target DB (masters, documents, append-only ledger/GL posts — none deletable via the API) and https://fabric-flow-mbo.preview.emergentagent.com is not localhost; refusing to mutate a shared/remote deployment. Point REACT_APP_BACKEND_URL at a disposable instance, or set KDPS_TEST_ALLOW_REMOTE=1 to override deliberately.">/app/app/backend/tests/test_iteration9_rbac_vendor_inbound.py:247: live-API suites write to the target DB (masters, documents, append-only ledger/GL posts — none deletable via the API) and https://fabric-flow-mbo.preview.emergentagent.com is not localhost; refusing to mutate a shared/remote deployment. Point REACT_APP_BACKEND_URL at a disposable instance, or set KDPS_TEST_ALLOW_REMOTE=1 to override deliberately.</skipped></testcase><testcase classname="tests.test_iteration9_rbac_vendor_inbound" name="test_login_bruteforce_lockout_after_five_failures" time="0.000"><skipped type="pytest.skip" message="live-API suites write to the target DB (masters, documents, append-only ledger/GL posts — none deletable via the API) and https://fabric-flow-mbo.preview.emergentagent.com is not localhost; refusing to mutate a shared/remote deployment. Point REACT_APP_BACKEND_URL at a disposable instance, or set KDPS_TEST_ALLOW_REMOTE=1 to override deliberately.">/app/app/backend/tests/test_iteration9_rbac_vendor_inbound.py:293: live-API suites write to the target DB (masters, documents, append-only ledger/GL posts — none deletable via the API) and https://fabric-flow-mbo.preview.emergentagent.com is not localhost; refusing to mutate a shared/remote deployment. Point REACT_APP_BACKEND_URL at a disposable instance, or set KDPS_TEST_ALLOW_REMOTE=1 to override deliberately.</skipped></testcase><testcase classname="tests.test_iteration9_rbac_vendor_inbound" name="test_login_cookie_and_cors_headers" time="0.000"><skipped type="pytest.skip" message="live-API suites write to the target DB (masters, documents, append-only ledger/GL posts — none deletable via the API) and https://fabric-flow-mbo.preview.emergentagent.com is not localhost; refusing to mutate a shared/remote deployment. Point REACT_APP_BACKEND_URL at a disposable instance, or set KDPS_TEST_ALLOW_REMOTE=1 to override deliberately.">/app/app/backend/tests/test_iteration9_rbac_vendor_inbound.py:306: live-API suites write to the target DB (masters, documents, append-only ledger/GL posts — none deletable via the API) and https://fabric-flow-mbo.preview.emergentagent.com is not localhost; refusing to mutate a shared/remote deployment. Point REACT_APP_BACKEND_URL at a disposable instance, or set KDPS_TEST_ALLOW_REMOTE=1 to override deliberately.</skipped></testcase><testcase classname="tests.test_ptmapper_color" name="test_strips_numeric_code_prefix_when_flag_set" time="0.001" /><testcase classname="tests.test_ptmapper_color" name="test_plain_colour_name_is_unchanged_even_with_flag" time="0.000" /><testcase classname="tests.test_ptmapper_color" name="test_no_strip_without_the_flag" time="0.000" /><testcase classname="tests.test_ptmapper_editing" name="test_fit_code_candidates_orders_full_value_then_token_then_trailing_word" time="0.001" /><testcase classname="tests.test_ptmapper_editing" name="test_rolling_season_window_covers_start_to_horizon" time="0.001" /><testcase classname="tests.test_ptmapper_fuzz" name="test_normaliser_never_crashes_and_is_idempotent[normalize_size]" time="0.006" /><testcase classname="tests.test_ptmapper_fuzz" name="test_normaliser_never_crashes_and_is_idempotent[normalize_color]" time="0.006" /><testcase classname="tests.test_ptmapper_fuzz" name="test_normalize_color_output_shape" time="0.003" /><testcase classname="tests.test_ptmapper_fuzz" name="test_normalize_size_output_shape" time="0.003" /><testcase classname="tests.test_ptmapper_fuzz" name="test_gender_from_text_always_in_vocab" time="0.003" /><testcase classname="tests.test_ptmapper_normalize" name="test_normalize_size[44.0-44]" time="0.001" /><testcase classname="tests.test_ptmapper_normalize" name="test_normalize_size[92.0-92]" time="0.001" /><testcase classname="tests.test_ptmapper_normalize" name="test_normalize_size[1.14M(2XL)-XXL]" time="0.001" /><testcase classname="tests.test_ptmapper_normalize" name="test_normalize_size[96CM(M)-M]" time="0.001" /><testcase classname="tests.test_ptmapper_normalize" name="test_normalize_size[1.02M(L)-L]" time="0.001" /><testcase classname="tests.test_ptmapper_normalize" name="test_normalize_size[1.20M(3XL)-3XL]" time="0.000" /><testcase classname="tests.test_ptmapper_normalize" name="test_normalize_size[XL (105 CMS)-XL]" time="0.001" /><testcase classname="tests.test_ptmapper_normalize" name="test_normalize_size[L (1 MTR.)-L]" time="0.001" /><testcase classname="tests.test_ptmapper_normalize" name="test_normalize_size[100 CMS-100]" time="0.000" /><testcase classname="tests.test_ptmapper_normalize" name="test_normalize_size[96 CM-96 CM]" time="0.000" /><testcase classname="tests.test_ptmapper_normalize" name="test_normalize_size[36/XS-XS]" time="0.001" /><testcase classname="tests.test_ptmapper_normalize" name="test_normalize_size[44/XXL-XXL]" time="0.000" /><testcase classname="tests.test_ptmapper_normalize" name="test_normalize_size[46/3XL-3XL]" time="0.001" /><testcase classname="tests.test_ptmapper_normalize" name="test_normalize_size[40/L-L]" time="0.001" /><testcase classname="tests.test_ptmapper_normalize" name="test_normalize_size[S/M-S/M]" time="0.000" /><testcase classname="tests.test_ptmapper_normalize" name="test_normalize_size[36/38-36/38]" time="0.001" /><testcase classname="tests.test_ptmapper_normalize" name="test_normalize_size[7-8Y-7-8 Y]" time="0.001" /><testcase classname="tests.test_ptmapper_normalize" name="test_normalize_size[8-9 YEARS-8-9 Y]" time="0.001" /><testcase classname="tests.test_ptmapper_normalize" name="test_normalize_size[10-11 YEARS-10-11 Y]" time="0.001" /><testcase classname="tests.test_ptmapper_normalize" name="test_normalize_size[0-6 M-0-6 M]" time="0.001" /><testcase classname="tests.test_ptmapper_normalize" name="test_normalize_size[FS-FREE SIZE]" time="0.000" /><testcase classname="tests.test_ptmapper_normalize" name="test_normalize_size[FREE-FREE SIZE]" time="0.000" /><testcase classname="tests.test_ptmapper_normalize" name="test_normalize_size[2XL-XXL]" time="0.001" /><testcase classname="tests.test_ptmapper_normalize" name="test_normalize_size[XL-XL]" time="0.000" /><testcase classname="tests.test_ptmapper_normalize" name="test_normalize_size[XXL-XXL]" time="0.001" /><testcase classname="tests.test_ptmapper_normalize" name="test_normalize_size[30B-30B]" time="0.001" /><testcase classname="tests.test_ptmapper_normalize" name="test_normalize_size[FREE SIZE-FREE SIZE]" time="0.000" /><testcase classname="tests.test_ptmapper_normalize" name="test_normalize_size[M-M]" time="0.001" /><testcase classname="tests.test_ptmapper_normalize" name="test_normalize_size[-]" time="0.000" /><testcase classname="tests.test_ptmapper_normalize" name="test_normalize_size[None-]" time="0.000" /><testcase classname="tests.test_ptmapper_normalize" name="test_normalize_color[88-BEIGE-BEIGE]" time="0.001" /><testcase classname="tests.test_ptmapper_normalize" name="test_normalize_color[16-BLUE-BLUE]" time="0.000" /><testcase classname="tests.test_ptmapper_normalize" name="test_normalize_color[134-BLUE BLACK-BLUE BLACK]" time="0.000" /><testcase classname="tests.test_ptmapper_normalize" name="test_normalize_color[BLACK73/1-BLACK]" time="0.001" /><testcase classname="tests.test_ptmapper_normalize" name="test_normalize_color[WHITE74-WHITE]" time="0.001" /><testcase classname="tests.test_ptmapper_normalize" name="test_normalize_color[BLUE DN89-BLUE]" time="0.001" /><testcase classname="tests.test_ptmapper_normalize" name="test_normalize_color[L BLU DN88-L BLU]" time="0.001" /><testcase classname="tests.test_ptmapper_normalize" name="test_normalize_color[INDIGO MEL-INDIGO]" time="0.000" /><testcase classname="tests.test_ptmapper_normalize" name="test_normalize_color[MID BLUE-MID BLUE]" time="0.000" /><testcase classname="tests.test_ptmapper_normalize" name="test_normalize_color[  Light  Blue -LIGHT BLUE]" time="0.001" /><testcase classname="tests.test_ptmapper_normalize" name="test_normalize_color[CP 1-CP]" time="0.001" /><testcase classname="tests.test_ptmapper_normalize" name="test_normalize_color[501-501]" time="0.001" /><testcase classname="tests.test_ptmapper_normalize" name="test_normalize_color[-]" time="0.001" /><testcase classname="tests.test_ptmapper_normalize" name="test_normalize_color[None-]" time="0.001" /><testcase classname="tests.test_ptmapper_normalize" name="test_gender_from_text[Senior Girls Top-KIDS FEMALE]" time="0.001" /><testcase classname="tests.test_ptmapper_normalize" name="test_gender_from_text[Junior Boys Shirt-KIDS MALE]" time="0.001" /><testcase classname="tests.test_ptmapper_normalize" name="test_gender_from_text[SOCKS-MENS-MALE]" time="0.001" /><testcase classname="tests.test_ptmapper_normalize" name="test_gender_from_text[MENS TRACK PANT-MALE]" time="0.000" /><testcase classname="tests.test_ptmapper_normalize" name="test_gender_from_text[WOMAN TOP DEAL-FEMALE]" time="0.001" /><testcase classname="tests.test_ptmapper_normalize" name="test_gender_from_text[LADIES KURTI-FEMALE]" time="0.000" /><testcase classname="tests.test_ptmapper_normalize" name="test_gender_from_text[Kids Wear-UNISEX]" time="0.000" /><testcase classname="tests.test_ptmapper_normalize" name="test_gender_from_text[plain cotton shirt-]" time="0.001" /><testcase classname="tests.test_ptmapper_normalize" name="test_women_does_not_trip_the_men_keyword" time="0.000" /><testcase classname="tests.test_ptmapper_pricing" name="test_low_slab_price" time="0.000" /><testcase classname="tests.test_ptmapper_pricing" name="test_high_slab_price" time="0.000" /><testcase classname="tests.test_ptmapper_pricing" name="test_boundary_band_prefers_the_low_slab" time="0.000" /><testcase classname="tests.test_ptmapper_pricing" name="test_input_tax_follows_the_purchase_rate" time="0.000" /><testcase classname="tests.test_ptmapper_pricing" name="test_exact_threshold_rate_is_low_slab" time="0.000" /><testcase classname="tests.test_ptmapper_pricing" name="test_non_positive_rate_is_refused" time="0.000" /><testcase classname="tests.test_ptmapper_season" name="test_explicit_season_code_beats_the_invoice_date" time="0.000" /><testcase classname="tests.test_ptmapper_season" name="test_falls_back_to_date_when_no_season_code" time="0.000" /><testcase classname="tests.test_refactor_regression" name="test_mufti_xlsx_maps_with_populated_prices" time="0.000"><skipped type="pytest.skip" message="live-API suites write to the target DB (masters, documents, append-only ledger/GL posts — none deletable via the API) and https://fabric-flow-mbo.preview.emergentagent.com is not localhost; refusing to mutate a shared/remote deployment. Point REACT_APP_BACKEND_URL at a disposable instance, or set KDPS_TEST_ALLOW_REMOTE=1 to override deliberately.">/app/app/backend/tests/test_refactor_regression.py:86: live-API suites write to the target DB (masters, documents, append-only ledger/GL posts — none deletable via the API) and https://fabric-flow-mbo.preview.emergentagent.com is not localhost; refusing to mutate a shared/remote deployment. Point REACT_APP_BACKEND_URL at a disposable instance, or set KDPS_TEST_ALLOW_REMOTE=1 to override deliberately.</skipped></testcase><testcase classname="tests.test_refactor_regression" name="test_jockey852_xls_maps_jockey_sap_archetype_d" time="0.000"><skipped type="pytest.skip" message="live-API suites write to the target DB (masters, documents, append-only ledger/GL posts — none deletable via the API) and https://fabric-flow-mbo.preview.emergentagent.com is not localhost; refusing to mutate a shared/remote deployment. Point REACT_APP_BACKEND_URL at a disposable instance, or set KDPS_TEST_ALLOW_REMOTE=1 to override deliberately.">/app/app/backend/tests/test_refactor_regression.py:117: live-API suites write to the target DB (masters, documents, append-only ledger/GL posts — none deletable via the API) and https://fabric-flow-mbo.preview.emergentagent.com is not localhost; refusing to mutate a shared/remote deployment. Point REACT_APP_BACKEND_URL at a disposable instance, or set KDPS_TEST_ALLOW_REMOTE=1 to override deliberately.</skipped></testcase><testcase classname="tests.test_refactor_regression" name="test_grn_create_direct_receipt" time="0.000"><skipped type="pytest.skip" message="live-API suites write to the target DB (masters, documents, append-only ledger/GL posts — none deletable via the API) and https://fabric-flow-mbo.preview.emergentagent.com is not localhost; refusing to mutate a shared/remote deployment. Point REACT_APP_BACKEND_URL at a disposable instance, or set KDPS_TEST_ALLOW_REMOTE=1 to override deliberately.">/app/app/backend/tests/test_refactor_regression.py:135: live-API suites write to the target DB (masters, documents, append-only ledger/GL posts — none deletable via the API) and https://fabric-flow-mbo.preview.emergentagent.com is not localhost; refusing to mutate a shared/remote deployment. Point REACT_APP_BACKEND_URL at a disposable instance, or set KDPS_TEST_ALLOW_REMOTE=1 to override deliberately.</skipped></testcase><testcase classname="tests.test_refactor_regression" name="test_grn_create_against_booking_updates_progress" time="0.000"><skipped type="pytest.skip" message="live-API suites write to the target DB (masters, documents, append-only ledger/GL posts — none deletable via the API) and https://fabric-flow-mbo.preview.emergentagent.com is not localhost; refusing to mutate a shared/remote deployment. Point REACT_APP_BACKEND_URL at a disposable instance, or set KDPS_TEST_ALLOW_REMOTE=1 to override deliberately.">/app/app/backend/tests/test_refactor_regression.py:172: live-API suites write to the target DB (masters, documents, append-only ledger/GL posts — none deletable via the API) and https://fabric-flow-mbo.preview.emergentagent.com is not localhost; refusing to mutate a shared/remote deployment. Point REACT_APP_BACKEND_URL at a disposable instance, or set KDPS_TEST_ALLOW_REMOTE=1 to override deliberately.</skipped></testcase><testcase classname="tests.test_refactor_regression" name="test_grn_list_scope_fail_closed" time="0.000"><skipped type="pytest.skip" message="live-API suites write to the target DB (masters, documents, append-only ledger/GL posts — none deletable via the API) and https://fabric-flow-mbo.preview.emergentagent.com is not localhost; refusing to mutate a shared/remote deployment. Point REACT_APP_BACKEND_URL at a disposable instance, or set KDPS_TEST_ALLOW_REMOTE=1 to override deliberately.">/app/app/backend/tests/test_refactor_regression.py:219: live-API suites write to the target DB (masters, documents, append-only ledger/GL posts — none deletable via the API) and https://fabric-flow-mbo.preview.emergentagent.com is not localhost; refusing to mutate a shared/remote deployment. Point REACT_APP_BACKEND_URL at a disposable instance, or set KDPS_TEST_ALLOW_REMOTE=1 to override deliberately.</skipped></testcase><testcase classname="tests.test_refactor_regression" name="test_review_queue_reachable" time="0.094"><skipped type="pytest.skip" message="live-API suites write to the target DB (masters, documents, append-only ledger/GL posts — none deletable via the API) and https://fabric-flow-mbo.preview.emergentagent.com is not localhost; refusing to mutate a shared/remote deployment. Point REACT_APP_BACKEND_URL at a disposable instance, or set KDPS_TEST_ALLOW_REMOTE=1 to override deliberately.">/app/app/backend/tests/test_refactor_regression.py:236: live-API suites write to the target DB (masters, documents, append-only ledger/GL posts — none deletable via the API) and https://fabric-flow-mbo.preview.emergentagent.com is not localhost; refusing to mutate a shared/remote deployment. Point REACT_APP_BACKEND_URL at a disposable instance, or set KDPS_TEST_ALLOW_REMOTE=1 to override deliberately.</skipped></testcase></testsuite></testsuites>