<?xml version="1.0" encoding="utf-8"?><testsuites name="pytest tests"><testsuite name="pytest" errors="0" failures="0" skipped="0" tests="13" time="5.739" timestamp="2026-07-06T02:25:39.547491+05:30" hostname="agent-env-4c10e8e1-fe18-4e8a-8352-e8bb6b40148e"><testcase classname="tests.test_iteration16_f1_reconciliation_live" name="test_health_requires_auth" time="0.105" /><testcase classname="tests.test_iteration16_f1_reconciliation_live" name="test_health_baseline_reconciled" time="0.470" /><testcase classname="tests.test_iteration16_f1_reconciliation_live" name="test_health_accounts_role_allowed" time="0.467" /><testcase classname="tests.test_iteration16_f1_reconciliation_live" name="test_health_warehouse_role_forbidden" time="0.459" /><testcase classname="tests.test_iteration16_f1_reconciliation_live" name="test_vendor_bill_and_payment_keep_books_tied" time="0.679" /><testcase classname="tests.test_iteration16_f1_reconciliation_live" name="test_cash_movement_in_out_keeps_reconciled" time="0.643" /><testcase classname="tests.test_iteration16_f1_reconciliation_live" name="test_rbac_warehouse_cannot_post_vendor_bill" time="0.107" /><testcase classname="tests.test_iteration16_f1_reconciliation_live" name="test_rbac_warehouse_cannot_post_cash_movement" time="0.161" /><testcase classname="tests.test_iteration16_f1_reconciliation_live" name="test_rbac_accounts_role_can_post_cash_movement" time="0.235" /><testcase classname="tests.test_iteration16_f1_reconciliation_live" name="test_vendor_reverse_double_reverse_is_409" time="0.579" /><testcase classname="tests.test_iteration16_f1_reconciliation_live" name="test_cash_reverse_double_reverse_is_409" time="0.574" /><testcase classname="tests.test_iteration16_f1_reconciliation_live" name="test_vendor_reverse_404_for_unknown_pk" time="0.189" /><testcase classname="tests.test_iteration16_f1_reconciliation_live" name="test_final_health_still_tied" time="0.325" /></testsuite></testsuites>