<?xml version="1.0" encoding="utf-8"?><testsuites name="pytest tests"><testsuite name="pytest" errors="0" failures="0" skipped="0" tests="5" time="2.930" timestamp="2026-07-06T03:04:40.391747+05:30" hostname="agent-env-4c10e8e1-fe18-4e8a-8352-e8bb6b40148e"><testcase classname="tests.test_iteration18_lint_regression_live" name="test_health_owner_200_balanced_and_reconciled" time="0.507" /><testcase classname="tests.test_iteration18_lint_regression_live" name="test_health_accounts_role_200" time="0.532" /><testcase classname="tests.test_iteration18_lint_regression_live" name="test_health_warehouse_role_403" time="0.517" /><testcase classname="tests.test_iteration18_lint_regression_live" name="test_vendor_bill_still_ties" time="0.481" /><testcase classname="tests.test_iteration18_lint_regression_live" name="test_booking_1_multistore_shape" time="0.117" /></testsuite></testsuites>