<?xml version="1.0" encoding="utf-8"?><testsuites name="pytest tests"><testsuite name="pytest" errors="0" failures="0" skipped="0" tests="8" time="2.888" timestamp="2026-06-29T04:19:05.274228+05:30" hostname="agent-env-65bc8497-beee-4417-b48d-21a21892fc85"><testcase classname="tests.test_iteration13_cors_config_regression" name="test_seeded_users_login_returns_access_and_refresh[owner-Owner@123]" time="0.652" /><testcase classname="tests.test_iteration13_cors_config_regression" name="test_seeded_users_login_returns_access_and_refresh[deo.cashier-Store@123]" time="0.374" /><testcase classname="tests.test_iteration13_cors_config_regression" name="test_seeded_users_login_returns_access_and_refresh[wh.patna-Wh@123]" time="0.339" /><testcase classname="tests.test_iteration13_cors_config_regression" name="test_owner_vendor_ageing_returns_json" time="0.392" /><testcase classname="tests.test_iteration13_cors_config_regression" name="test_owner_inbound_grns_returns_json" time="0.414" /><testcase classname="tests.test_iteration13_cors_config_regression" name="test_owner_stockledger_entries_returns_json" time="0.406" /><testcase classname="tests.test_iteration13_cors_config_regression" name="test_cors_preflight_echoes_preview_origin_with_credentials" time="0.003" /><testcase classname="tests.test_iteration13_cors_config_regression" name="test_cors_actual_post_includes_allow_origin_header" time="0.239" /></testsuite></testsuites>