<?xml version="1.0" encoding="utf-8"?><testsuites name="pytest tests"><testsuite name="pytest" errors="0" failures="0" skipped="0" tests="9" time="4.939" timestamp="2026-07-06T13:40:05.273314+05:30" hostname="agent-env-95ef9c6b-bbe9-421f-b7ab-812cab17dc58"><testcase classname="tests.test_iteration22_bugfixes.TestBugFix2CashierLogin" name="test_cashier_login_with_correct_credentials" time="0.562" /><testcase classname="tests.test_iteration22_bugfixes.TestBugFix2CashierLogin" name="test_cashier_can_access_transfers" time="0.448" /><testcase classname="tests.test_iteration22_bugfixes.TestBugFix2CashierLogin" name="test_cashier_cannot_post_to_different_store" time="0.444" /><testcase classname="tests.test_iteration22_bugfixes.TestFinledgerHealthBaseline" name="test_finledger_health_balanced" time="0.436" /><testcase classname="tests.test_iteration22_bugfixes.TestStockOnHand" name="test_stock_on_hand_has_data" time="0.433" /><testcase classname="tests.test_iteration22_bugfixes.TestBugFix1OwnedRTVVendorSubledger" name="test_owned_rtv_creates_gl_and_vendor_subledger" time="0.786" /><testcase classname="tests.test_iteration22_bugfixes.TestBugFix1bSORRTVNoGL" name="test_sor_rtv_no_gl_no_vendor_subledger" time="0.784" /><testcase classname="tests.test_iteration22_bugfixes.TestAdminLogin" name="test_admin_login" time="0.329" /><testcase classname="tests.test_iteration22_bugfixes.TestOwnerLogin" name="test_owner_login" time="0.331" /></testsuite></testsuites>