<?xml version="1.0" encoding="utf-8"?><testsuites name="pytest tests"><testsuite name="pytest" errors="0" failures="0" skipped="0" tests="3" time="3.964" timestamp="2026-06-29T03:23:46.289630+05:30" hostname="agent-env-4b8b7147-0049-4f71-96a9-79a6148bf07c"><testcase classname="tests.test_iteration11_pt_posting_regression" name="test_cookie_only_auth_me_supported" time="0.805" /><testcase classname="tests.test_iteration11_pt_posting_regression" name="test_grn_direct_line_keeps_received_and_damaged_qty" time="0.580" /><testcase classname="tests.test_iteration11_pt_posting_regression" name="test_pt_posting_reconcile_vendor_bill_reverse_append_only_and_booking_variance" time="2.483" /></testsuite></testsuites>