<?xml version="1.0" encoding="utf-8"?><testsuites name="pytest tests"><testsuite name="pytest" errors="0" failures="0" skipped="0" tests="7" time="8.015" timestamp="2026-08-04T12:00:17.866585+05:30" hostname="agent-env-63361296-3963-48f2-a6fc-ca438acd0d95"><testcase classname="tests.test_auth_cookie_migration.TestLoginJsonBody" name="test_login_returns_tokens_in_body" time="0.825" /><testcase classname="tests.test_auth_cookie_migration.TestLoginJsonBody" name="test_login_invalid_credentials" time="0.902" /><testcase classname="tests.test_auth_cookie_migration.TestHeaderBasedAuthStillWorks" name="test_bearer_header_auth_on_protected_endpoint" time="1.111" /><testcase classname="tests.test_auth_cookie_migration.TestHeaderBasedAuthStillWorks" name="test_bearer_header_auth_on_me_endpoint" time="1.090" /><testcase classname="tests.test_auth_cookie_migration.TestHeaderBasedAuthStillWorks" name="test_no_auth_returns_401" time="0.182" /><testcase classname="tests.test_auth_cookie_migration.TestCookieAuthViaRequestsSession" name="test_login_sets_cookies_and_cookie_auth_works" time="0.916" /><testcase classname="tests.test_auth_cookie_migration.TestCookieAuthViaRequestsSession" name="test_logout_clears_cookies_and_session_ends" time="1.084" /></testsuite></testsuites>