<?xml version="1.0" encoding="utf-8"?><testsuites name="pytest tests"><testsuite name="pytest" errors="0" failures="0" skipped="0" tests="9" time="4.893" timestamp="2026-06-28T15:06:19.029659+00:00" hostname="agent-env-d1d6eb0b-b8ee-4b6a-a6fc-69e865899170"><testcase classname="tests.test_foundation" name="test_health" time="0.270" /><testcase classname="tests.test_foundation" name="test_login_owner_returns_tokens_and_profile" time="0.346" /><testcase classname="tests.test_foundation" name="test_login_invalid_credentials" time="0.321" /><testcase classname="tests.test_foundation" name="test_me_with_token" time="0.367" /><testcase classname="tests.test_foundation" name="test_me_without_token_returns_401" time="0.051" /><testcase classname="tests.test_foundation" name="test_refresh_returns_new_access" time="0.365" /><testcase classname="tests.test_foundation" name="test_brute_force_lockout_429" time="1.708" /><testcase classname="tests.test_foundation" name="test_scope_isolation_stores_and_summary" time="0.849" /><testcase classname="tests.test_foundation" name="test_masters_seeded" time="0.532" /></testsuite></testsuites>