<?xml version="1.0" encoding="utf-8"?><testsuites name="pytest tests"><testsuite name="pytest" errors="0" failures="0" skipped="0" tests="12" time="3.522" timestamp="2026-08-04T10:37:09.368462+05:30" hostname="agent-env-63361296-3963-48f2-a6fc-ca438acd0d95"><testcase classname="tests.test_partner_settlements.TestPartnerDuesView" name="test_get_partner_dues_structure" time="0.490" /><testcase classname="tests.test_partner_settlements.TestPartnerDuesView" name="test_rbac_no_auth_401" time="0.080" /><testcase classname="tests.test_partner_settlements.TestPartnerSettlementsCRUDFlow" name="test_full_flow_partial_overpay_reverse" time="0.875" /><testcase classname="tests.test_partner_settlements.TestPartnerSettlementsCRUDFlow" name="test_non_positive_amount_rejected" time="0.169" /><testcase classname="tests.test_partner_settlements.TestPartnerSettlementsCRUDFlow" name="test_missing_store_id_rejected" time="0.093" /><testcase classname="tests.test_partner_settlements.TestPartnerSettlementsCRUDFlow" name="test_list_all_settlements_no_store_filter" time="0.086" /><testcase classname="tests.test_partner_settlements.TestPartnerSettlementsRBAC" name="test_store_manager_forbidden_post" time="0.425" /><testcase classname="tests.test_partner_settlements.TestPartnerSettlementsRBAC" name="test_store_manager_get_settlements_allowed_readonly" time="0.143" /><testcase classname="tests.test_partner_settlements.TestPartnerSettlementsRBAC" name="test_store_manager_forbidden_reverse" time="0.111" /><testcase classname="tests.test_partner_settlements.TestPartnerSettlementsRBAC" name="test_store_manager_dues_view_access_allowed_readonly" time="0.087" /><testcase classname="tests.test_partner_settlements.TestRegressionSanity" name="test_vendor_ledger_unaffected" time="0.096" /><testcase classname="tests.test_partner_settlements.TestRegressionSanity" name="test_partner_billing_policy_unaffected" time="0.092" /></testsuite></testsuites>