<?xml version="1.0" encoding="utf-8"?><testsuites name="pytest tests"><testsuite name="pytest" errors="0" failures="0" skipped="0" tests="14" time="11.901" timestamp="2026-08-04T11:27:09.079972+05:30" hostname="agent-env-63361296-3963-48f2-a6fc-ca438acd0d95"><testcase classname="tests.test_security_hardening_regression.TestHealthAndDebug" name="test_health_clean_json" time="0.112" /><testcase classname="tests.test_security_hardening_regression.TestHealthAndDebug" name="test_nonexistent_route_no_traceback" time="0.115" /><testcase classname="tests.test_security_hardening_regression.TestLoginRoles" name="test_login_success_and_jwt_shape[owner-Owner@123-owner]" time="0.866" /><testcase classname="tests.test_security_hardening_regression.TestLoginRoles" name="test_login_success_and_jwt_shape[accounts1-Acct@123-accounts]" time="0.922" /><testcase classname="tests.test_security_hardening_regression.TestLoginRoles" name="test_login_success_and_jwt_shape[deo.manager-Store@123-store_manager]" time="0.964" /><testcase classname="tests.test_security_hardening_regression.TestLoginRoles" name="test_login_success_and_jwt_shape[superadmin-Super@123-it_admin]" time="0.828" /><testcase classname="tests.test_security_hardening_regression.TestLoginRoles" name="test_login_invalid_credentials_rejected" time="0.900" /><testcase classname="tests.test_security_hardening_regression.TestMeAndLogout" name="test_me_endpoint_after_login" time="1.002" /><testcase classname="tests.test_security_hardening_regression.TestMeAndLogout" name="test_logout_clears_session" time="1.000" /><testcase classname="tests.test_security_hardening_regression.TestMeAndLogout" name="test_unauthenticated_call_rejected" time="0.182" /><testcase classname="tests.test_security_hardening_regression.TestCoreReadFlows" name="test_partner_dues_page_loads" time="0.917" /><testcase classname="tests.test_security_hardening_regression.TestCoreReadFlows" name="test_vendor_ledger_loads" time="1.001" /><testcase classname="tests.test_security_hardening_regression.TestCoreReadFlows" name="test_stores_setup_loads" time="0.930" /><testcase classname="tests.test_security_hardening_regression.TestAdminUnmounted" name="test_admin_returns_404_via_public_url" time="0.185" /></testsuite></testsuites>