<?xml version="1.0" encoding="utf-8"?><testsuites name="pytest tests"><testsuite name="pytest" errors="0" failures="0" skipped="0" tests="8" time="6.430" timestamp="2026-06-29T02:49:54.543875+05:30" hostname="agent-env-4b8b7147-0049-4f71-96a9-79a6148bf07c"><testcase classname="tests.test_iteration9_rbac_vendor_inbound" name="test_vendor_ageing_shape" time="0.789" /><testcase classname="tests.test_iteration9_rbac_vendor_inbound" name="test_rbac_lists_access_control" time="1.072" /><testcase classname="tests.test_iteration9_rbac_vendor_inbound" name="test_rbac_create_and_edit_role_and_user" time="0.956" /><testcase classname="tests.test_iteration9_rbac_vendor_inbound" name="test_store_scope_requires_store_ids" time="0.107" /><testcase classname="tests.test_iteration9_rbac_vendor_inbound" name="test_inbound_list_owner_and_store_user" time="0.575" /><testcase classname="tests.test_iteration9_rbac_vendor_inbound" name="test_inbound_direct_grn_create_and_detail_for_store_user" time="0.333" /><testcase classname="tests.test_iteration9_rbac_vendor_inbound" name="test_login_bruteforce_lockout_after_five_failures" time="1.828" /><testcase classname="tests.test_iteration9_rbac_vendor_inbound" name="test_login_cookie_and_cors_headers" time="0.668" /></testsuite></testsuites>