<?xml version="1.0" encoding="utf-8"?><testsuites name="pytest tests"><testsuite name="pytest" errors="0" failures="0" skipped="0" tests="6" time="2.642" timestamp="2026-06-29T01:51:59.068282+05:30" hostname="agent-env-a4ab43f9-ddf7-486e-8c2f-cef5a9e04b26"><testcase classname="tests.test_refactor_regression" name="test_mufti_xlsx_maps_with_populated_prices" time="1.114" /><testcase classname="tests.test_refactor_regression" name="test_jockey852_xls_maps_generic_archetype_a" time="0.290" /><testcase classname="tests.test_refactor_regression" name="test_grn_create_direct_receipt" time="0.567" /><testcase classname="tests.test_refactor_regression" name="test_grn_create_against_booking_updates_progress" time="0.389" /><testcase classname="tests.test_refactor_regression" name="test_grn_list_scope_fail_closed" time="0.103" /><testcase classname="tests.test_refactor_regression" name="test_review_queue_reachable" time="0.114" /></testsuite></testsuites>