<?xml version="1.0" encoding="utf-8"?><testsuites name="pytest tests"><testsuite name="pytest" errors="0" failures="0" skipped="0" tests="6" time="2.380" timestamp="2026-06-29T03:21:19.606457+05:30" hostname="agent-env-4b8b7147-0049-4f71-96a9-79a6148bf07c"><testcase classname="tests.test_refactor_regression" name="test_mufti_xlsx_maps_with_populated_prices" time="0.901" /><testcase classname="tests.test_refactor_regression" name="test_jockey852_xls_maps_generic_archetype_a" time="0.262" /><testcase classname="tests.test_refactor_regression" name="test_grn_create_direct_receipt" time="0.575" /><testcase classname="tests.test_refactor_regression" name="test_grn_create_against_booking_updates_progress" time="0.360" /><testcase classname="tests.test_refactor_regression" name="test_grn_list_scope_fail_closed" time="0.114" /><testcase classname="tests.test_refactor_regression" name="test_review_queue_reachable" time="0.106" /></testsuite></testsuites>