<?xml version="1.0" encoding="utf-8"?><testsuites name="pytest tests"><testsuite name="pytest" errors="0" failures="0" skipped="0" tests="84" time="4.819" timestamp="2026-06-29T01:49:20.346533+05:30" hostname="agent-env-a4ab43f9-ddf7-486e-8c2f-cef5a9e04b26"><testcase classname="core.tests.test_document_fsm" name="test_a_new_document_starts_in_draft_with_no_number" time="0.992" /><testcase classname="core.tests.test_document_fsm" name="test_post_moves_draft_to_submitted_and_mints_a_number" time="0.005" /><testcase classname="core.tests.test_document_fsm" name="test_a_posted_document_cannot_be_reposted" time="0.005" /><testcase classname="core.tests.test_document_fsm" name="test_a_posted_document_cannot_be_edited" time="0.004" /><testcase classname="core.tests.test_document_fsm" name="test_a_draft_is_freely_editable" time="0.003" /><testcase classname="core.tests.test_document_fsm" name="test_cancel_is_a_reversing_transition_never_a_delete" time="0.004" /><testcase classname="core.tests.test_document_fsm" name="test_a_draft_cannot_be_cancelled" time="0.002" /><testcase classname="core.tests.test_document_fsm" name="test_a_cancelled_document_is_frozen" time="0.004" /><testcase classname="core.tests.test_document_fsm" name="test_a_posted_document_cannot_be_deleted" time="0.004" /><testcase classname="core.tests.test_document_fsm" name="test_an_unposted_draft_may_be_discarded" time="0.003" /><testcase classname="core.tests.test_document_fsm" name="test_db_trigger_forbids_raw_repost_even_for_superuser" time="0.004" /><testcase classname="core.tests.test_document_fsm" name="test_db_trigger_forbids_raw_delete_of_submitted" time="0.004" /><testcase classname="core.tests.test_document_fsm" name="test_cannot_insert_a_submitted_row_without_a_number" time="0.002" /><testcase classname="core.tests.test_document_fsm" name="test_cannot_insert_a_non_draft_row_even_with_a_number" time="0.002" /><testcase classname="core.tests.test_document_fsm" name="test_cannot_insert_an_out_of_domain_docstatus" time="0.002" /><testcase classname="core.tests.test_document_fsm" name="test_cannot_queryset_update_a_numberless_draft_to_submitted" time="0.003" /><testcase classname="core.tests.test_document_fsm" name="test_raw_cancel_that_tampers_another_column_is_rejected" time="0.004" /><testcase classname="core.tests.test_document_fsm" name="test_raw_status_only_cancel_is_allowed" time="0.003" /><testcase classname="core.tests.test_document_fsm" name="test_post_uses_committed_scope_not_a_stale_in_memory_value" time="0.003" /><testcase classname="core.tests.test_document_idempotency" name="test_retry_with_same_uuid_returns_the_same_document" time="0.003" /><testcase classname="core.tests.test_document_idempotency" name="test_distinct_uuids_make_distinct_documents" time="0.003" /><testcase classname="core.tests.test_document_idempotency" name="test_every_document_gets_a_uuid_by_default" time="0.002" /><testcase classname="core.tests.test_document_idempotency" name="test_a_duplicate_uuid_is_refused_at_the_db" time="0.002" /><testcase classname="core.tests.test_ledger_append_only" name="test_raw_update_is_forbidden_even_for_superuser" time="0.003" /><testcase classname="core.tests.test_ledger_append_only" name="test_raw_delete_is_forbidden_even_for_superuser" time="0.002" /><testcase classname="core.tests.test_ledger_append_only" name="test_raw_insert_still_succeeds" time="0.002" /><testcase classname="core.tests.test_ledger_append_only" name="test_orm_save_on_persisted_row_raises" time="0.002" /><testcase classname="core.tests.test_ledger_append_only" name="test_orm_delete_raises" time="0.001" /><testcase classname="core.tests.test_ledger_reversal" name="test_reversal_nets_to_zero" time="0.003" /><testcase classname="core.tests.test_money" name="test_paise_round_trips_with_no_float_drift[1]" time="0.002" /><testcase classname="core.tests.test_money" name="test_paise_round_trips_with_no_float_drift[999]" time="0.002" /><testcase classname="core.tests.test_money" name="test_paise_round_trips_with_no_float_drift[285000000_0]" time="0.002" /><testcase classname="core.tests.test_money" name="test_paise_round_trips_with_no_float_drift[285000000_1]" time="0.002" /><testcase classname="core.tests.test_money" name="test_paise_round_trips_with_no_float_drift[9999999999]" time="0.002" /><testcase classname="core.tests.test_money" name="test_paise_round_trips_with_no_float_drift[-150]" time="0.002" /><testcase classname="core.tests.test_money" name="test_direct_model_write_rejects_non_int_paise[1.9]" time="0.001" /><testcase classname="core.tests.test_money" name="test_direct_model_write_rejects_non_int_paise[100.5]" time="0.001" /><testcase classname="core.tests.test_money" name="test_direct_model_write_rejects_non_int_paise[bad2]" time="0.001" /><testcase classname="core.tests.test_money" name="test_direct_model_write_rejects_non_int_paise[bad3]" time="0.001" /><testcase classname="core.tests.test_money" name="test_direct_model_write_rejects_non_int_paise[True]" time="0.001" /><testcase classname="core.tests.test_money" name="test_direct_model_write_rejects_non_int_paise[False]" time="0.001" /><testcase classname="core.tests.test_money" name="test_direct_model_write_rejects_non_int_paise[100]" time="0.001" /><testcase classname="core.tests.test_smoke" name="test_database_is_postgresql" time="0.001" /><testcase classname="core.tests.test_voucher_series" name="test_render_matches_the_canonical_tally_key" time="0.001" /><testcase classname="core.tests.test_voucher_series" name="test_render_carries_doc_type_so_the_key_is_globally_unique" time="0.001" /><testcase classname="core.tests.test_voucher_series" name="test_prefix_and_suffix_are_data_not_code" time="0.001" /><testcase classname="core.tests.test_voucher_series" name="test_sequential_posts_are_gap_free" time="0.010" /><testcase classname="core.tests.test_voucher_series" name="test_two_doc_types_in_one_fy_store_post_with_distinct_numbers" time="0.005" /><testcase classname="core.tests.test_voucher_series" name="test_a_rolled_back_post_does_not_burn_a_number" time="0.005" /><testcase classname="core.tests.test_voucher_series" name="test_a_stale_config_save_cannot_rewind_the_counter" time="0.005" /><testcase classname="core.tests.test_voucher_series" name="test_a_long_but_valid_series_posts_without_overflow" time="0.003" /><testcase classname="core.tests.test_voucher_series" name="test_raw_sql_cannot_rewind_the_counter" time="0.004" /><testcase classname="core.tests.test_voucher_series" name="test_queryset_update_cannot_set_an_arbitrary_next_seq" time="0.004" /><testcase classname="core.tests.test_voucher_series" name="test_series_scope_is_frozen_once_numbering_starts" time="0.004" /><testcase classname="core.tests.test_voucher_series" name="test_series_scope_is_editable_while_unused" time="0.002" /><testcase classname="core.tests.test_voucher_series" name="test_no_collisions_under_concurrent_inserts" time="0.346" /><testcase classname="core.tests.test_money" name="test_get_prep_value_rejects_non_int_paise[1.9]" time="0.001" /><testcase classname="core.tests.test_money" name="test_get_prep_value_rejects_non_int_paise[100.5]" time="0.001" /><testcase classname="core.tests.test_money" name="test_get_prep_value_rejects_non_int_paise[bad2]" time="0.001" /><testcase classname="core.tests.test_money" name="test_get_prep_value_rejects_non_int_paise[bad3]" time="0.001" /><testcase classname="core.tests.test_money" name="test_get_prep_value_rejects_non_int_paise[True]" time="0.001" /><testcase classname="core.tests.test_money" name="test_get_prep_value_rejects_non_int_paise[False]" time="0.001" /><testcase classname="core.tests.test_money" name="test_get_prep_value_rejects_non_int_paise[100]" time="0.001" /><testcase classname="core.tests.test_money" name="test_to_python_rejects_non_int_paise[1.9]" time="0.001" /><testcase classname="core.tests.test_money" name="test_to_python_rejects_non_int_paise[100.5]" time="0.001" /><testcase classname="core.tests.test_money" name="test_to_python_rejects_non_int_paise[bad2]" time="0.001" /><testcase classname="core.tests.test_money" name="test_to_python_rejects_non_int_paise[bad3]" time="0.001" /><testcase classname="core.tests.test_money" name="test_to_python_rejects_non_int_paise[True]" time="0.000" /><testcase classname="core.tests.test_money" name="test_to_python_rejects_non_int_paise[False]" time="0.001" /><testcase classname="core.tests.test_money" name="test_to_python_rejects_non_int_paise[100]" time="0.001" /><testcase classname="core.tests.test_money" name="test_money_field_passes_through_int_and_none" time="0.000" /><testcase classname="core.tests.test_money" name="test_rupees_to_paise_is_exact" time="0.001" /><testcase classname="core.tests.test_money" name="test_rupees_to_paise_rejects_float" time="0.000" /><testcase classname="core.tests.test_money" name="test_paise_to_rupees_str_round_trips" time="0.000" /><testcase classname="core.tests.test_smoke" name="test_arithmetic_smoke" time="0.000" /><testcase classname="tests.test_foundation" name="test_health" time="0.125" /><testcase classname="tests.test_foundation" name="test_login_owner_returns_tokens_and_profile" time="0.301" /><testcase classname="tests.test_foundation" name="test_login_invalid_credentials" time="0.293" /><testcase classname="tests.test_foundation" name="test_me_with_token" time="0.351" /><testcase classname="tests.test_foundation" name="test_me_without_token_returns_401" time="0.046" /><testcase classname="tests.test_foundation" name="test_refresh_returns_new_access" time="0.348" /><testcase classname="tests.test_foundation" name="test_brute_force_lockout_429" time="0.432" /><testcase classname="tests.test_foundation" name="test_scope_isolation_stores_and_summary" time="0.809" /><testcase classname="tests.test_foundation" name="test_masters_seeded" time="0.530" /></testsuite></testsuites>